#
# A fatal error has been detected by the Java Runtime Environment:
#
#  EXCEPTION_ACCESS_VIOLATION (0xc0000005) at pc=0xffffffffa3ef5120, pid=4104, tid=4884
#
# JRE version: Java(TM) SE Runtime Environment (8.0_40-b25) (build 1.8.0_40-b25)
# Java VM: Java HotSpot(TM) 64-Bit Server VM (25.40-b25 mixed mode windows-amd64 compressed oops)
# Problematic frame:
# C  0xffffffffa3ef5120
#
# Failed to write core dump. Minidumps are not enabled by default on client versions of Windows
#
# If you would like to submit a bug report, please visit:
#   http://bugreport.java.com/bugreport/crash.jsp
#

---------------  T H R E A D  ---------------

Current thread (0x000000000289f000):  JavaThread "main" [_thread_in_Java, id=4884, stack(0x0000000002b20000,0x0000000002c20000)]

siginfo: ExceptionCode=0xc0000005, ExceptionInformation=0x0000000000000008 0xffffffffa3ef5120

Registers:
RAX=0x0000000014cace30, RBX=0x00000000eac508b8, RCX=0x00000000555beb20, RDX=0x00000000ebe92240
RSP=0x0000000002c1f238, RBP=0x0000000002c1f408, RSI=0x00000000ebe92240, RDI=0x000000005c7918d0
R8 =0x00000000ebe539f0, R9 =0x0000000000000001, R10=0x0000000014cace30, R11=0x0000000014ca0c58
R12=0x0000000000000000, R13=0x0000000000000001, R14=0x00000000eac508b8, R15=0x000000000289f000
RIP=0xffffffffa3ef5120, EFLAGS=0x0000000000010246

Top of Stack: (sp=0x0000000002c1f238)
0x0000000002c1f238:   00000000031e90a4 00000000eac33a80
0x0000000002c1f248:   3fbc30257099f684 0000000002c1f2d0
0x0000000002c1f258:   0000000002ef7830 0000000002c1f2d0
0x0000000002c1f268:   0000000002ef7760 0000000002c1f2d0
0x0000000002c1f278:   0000000002ef7aa1 00000000eac33a98
0x0000000002c1f288:   00000000eac339d8 0000000002c1f290
0x0000000002c1f298:   000000005c764603 0000000002c1f2e0
0x0000000002c1f2a8:   000000005c7649d0 000000005c76a7d8
0x0000000002c1f2b8:   000000005c764620 0000000002c1f330
0x0000000002c1f2c8:   0000000002ef7830 0000000002c1f328
0x0000000002c1f2d8:   0000000002ef7830 00000000eac33a98
0x0000000002c1f2e8:   00000000ebe78c50 0000000002c1f2f0
0x0000000002c1f2f8:   000000005c766302 0000000002c1f348
0x0000000002c1f308:   00000000eac33b38 00000000ebe787c0
0x0000000002c1f318:   0000000011cb0000 00000000ebe46788
0x0000000002c1f328:   00000000eac341b0 00000000ebe46b80 

Instructions: (pc=0xffffffffa3ef5120)
0xffffffffa3ef5100:   
[error occurred during error reporting (printing registers, top of stack, instructions near pc), id 0xc0000005]

Register to memory mapping:

RAX=0x0000000014cace30 is pointing into metadata
RBX=0x00000000eac508b8 is an oop
polar_vector 
 - klass: 'polar_vector'
RCX=0x00000000555beb20 is an unknown value
RDX=0x00000000ebe92240 is an oop
java.util.ArrayList 
 - klass: 'java/util/ArrayList'
RSP=0x0000000002c1f238 is pointing into the stack for thread: 0x000000000289f000
RBP=0x0000000002c1f408 is pointing into the stack for thread: 0x000000000289f000
RSI=0x00000000ebe92240 is an oop
java.util.ArrayList 
 - klass: 'java/util/ArrayList'
RDI=0x000000005c7918d0 is pointing into metadata
R8 =0x00000000ebe539f0 is an oop
BetterBoid 
 - klass: 'BetterBoid'
R9 =0x0000000000000001 is an unknown value
R10=0x0000000014cace30 is pointing into metadata
R11=0x0000000014ca0c58 is pointing into metadata
R12=0x0000000000000000 is an unknown value
R13=0x0000000000000001 is an unknown value
R14=0x00000000eac508b8 is an oop
polar_vector 
 - klass: 'polar_vector'
R15=0x000000000289f000 is a thread


Stack: [0x0000000002b20000,0x0000000002c20000],  sp=0x0000000002c1f238,  free space=1020k
Native frames: (J=compiled Java code, j=interpreted, Vv=VM code, C=native code)
C  0xffffffffa3ef5120


---------------  P R O C E S S  ---------------

Java Threads: ( => current thread )
  0x0000000056e35800 JavaThread "TimerQueue" daemon [_thread_blocked, id=5992, stack(0x000000005cbd0000,0x000000005ccd0000)]
  0x00000000585c7000 JavaThread "D3D Screen Updater" daemon [_thread_blocked, id=3324, stack(0x000000005c930000,0x000000005ca30000)]
  0x000000005857c800 JavaThread "AWT-EventQueue-0" [_thread_blocked, id=5428, stack(0x000000005ab70000,0x000000005ac70000)]
  0x0000000057141000 JavaThread "AWT-Windows" daemon [_thread_in_native, id=4176, stack(0x0000000057a00000,0x0000000057b00000)]
  0x000000005713e000 JavaThread "AWT-Shutdown" [_thread_blocked, id=4992, stack(0x00000000577e0000,0x00000000578e0000)]
  0x000000005713d000 JavaThread "Java2D Disposer" daemon [_thread_blocked, id=3584, stack(0x0000000057540000,0x0000000057640000)]
  0x000000005565e800 JavaThread "Service Thread" daemon [_thread_blocked, id=4784, stack(0x0000000057200000,0x0000000057300000)]
  0x0000000055658000 JavaThread "C1 CompilerThread1" daemon [_thread_blocked, id=2424, stack(0x0000000056af0000,0x0000000056bf0000)]
  0x000000005565a800 JavaThread "C2 CompilerThread0" daemon [_thread_blocked, id=3548, stack(0x0000000056c80000,0x0000000056d80000)]
  0x0000000055643800 JavaThread "JDWP Command Reader" daemon [_thread_in_native, id=1652, stack(0x00000000569d0000,0x0000000056ad0000)]
  0x000000005563c000 JavaThread "JDWP Event Helper Thread" daemon [_thread_blocked, id=5536, stack(0x00000000567f0000,0x00000000568f0000)]
  0x000000005562b800 JavaThread "JDWP Transport Listener: dt_socket" daemon [_thread_blocked, id=6016, stack(0x0000000056470000,0x0000000056570000)]
  0x0000000055624000 JavaThread "Attach Listener" daemon [_thread_blocked, id=5212, stack(0x00000000566d0000,0x00000000567d0000)]
  0x0000000055635800 JavaThread "Signal Dispatcher" daemon [_thread_blocked, id=4640, stack(0x0000000056580000,0x0000000056680000)]
  0x00000000555cc800 JavaThread "Finalizer" daemon [_thread_blocked, id=4972, stack(0x00000000560c0000,0x00000000561c0000)]
  0x00000000555c3800 JavaThread "Reference Handler" daemon [_thread_blocked, id=6124, stack(0x0000000055f70000,0x0000000056070000)]
=>0x000000000289f000 JavaThread "main" [_thread_in_Java, id=4884, stack(0x0000000002b20000,0x0000000002c20000)]

Other Threads:
  0x00000000555bd800 VMThread [stack: 0x0000000055e50000,0x0000000055f50000] [id=5816]
  0x000000005565f800 WatcherThread [stack: 0x00000000573f0000,0x00000000574f0000] [id=4164]

VM state:not at safepoint (normal execution)

VM Mutex/Monitor currently owned by a thread: None

Heap:
 PSYoungGen      total 18944K, used 4291K [0x00000000eab00000, 0x00000000ed000000, 0x0000000100000000)
  eden space 16384K, 10% used [0x00000000eab00000,0x00000000eacb0d18,0x00000000ebb00000)
  from space 2560K, 100% used [0x00000000ebd80000,0x00000000ec000000,0x00000000ec000000)
  to   space 2560K, 0% used [0x00000000ebb00000,0x00000000ebb00000,0x00000000ebd80000)
 ParOldGen       total 44032K, used 234K [0x00000000c0000000, 0x00000000c2b00000, 0x00000000eab00000)
  object space 44032K, 0% used [0x00000000c0000000,0x00000000c003a8d0,0x00000000c2b00000)
 Metaspace       used 10808K, capacity 11034K, committed 11136K, reserved 1058816K
  class space    used 1313K, capacity 1387K, committed 1408K, reserved 1048576K

Card table byte_map: [0x00000000122b0000,0x00000000124c0000] byte_map_base: 0x0000000011cb0000

Marking Bits: (ParMarkBitMap*) 0x0000000066994040
 Begin Bits: [0x0000000012a90000, 0x0000000013a90000)
 End Bits:   [0x0000000013a90000, 0x0000000014a90000)

Polling page: 0x0000000002130000

CodeCache: size=245760Kb used=3175Kb max_used=3184Kb free=242584Kb
 bounds [0x0000000002ef0000, 0x0000000003220000, 0x0000000011ef0000]
 total_blobs=1333 nmethods=851 adapters=405
 compilation: enabled

Compilation events (10 events):
Event: 37.166 Thread 0x0000000055658000 nmethod 881 0x00000000031fac10 code [0x00000000031fb140, 0x00000000031fe2c8]
Event: 37.171 Thread 0x0000000055658000  883       3       BetterBoid::calculateCollision (119 bytes)
Event: 37.174 Thread 0x0000000055658000 nmethod 883 0x0000000003201590 code [0x0000000003201a20, 0x00000000032042a8]
Event: 37.202 Thread 0x000000005565a800 nmethod 871 0x0000000003209ad0 code [0x0000000003209f20, 0x000000000320cd28]
Event: 37.203 Thread 0x000000005565a800  877   !   4       polar_vector::<init> (98 bytes)
Event: 37.214 Thread 0x000000005565a800 nmethod 877 0x0000000003207410 code [0x00000000032076c0, 0x00000000032080e0]
Event: 37.214 Thread 0x000000005565a800  882       4       polar_vector::Update_polar_data (47 bytes)
Event: 37.230 Thread 0x000000005565a800 nmethod 882 0x00000000031ee710 code [0x00000000031ee920, 0x00000000031eee00]
Event: 37.230 Thread 0x000000005565a800  884       4       java.util.ArrayList::add (29 bytes)
Event: 37.235 Thread 0x000000005565a800 nmethod 884 0x00000000031e3590 code [0x00000000031e36e0, 0x00000000031e3a58]

GC Heap History (4 events):
Event: 36.899 GC heap before
{Heap before GC invocations=1 (full 0):
 PSYoungGen      total 18944K, used 16384K [0x00000000eab00000, 0x00000000ec000000, 0x0000000100000000)
  eden space 16384K, 100% used [0x00000000eab00000,0x00000000ebb00000,0x00000000ebb00000)
  from space 2560K, 0% used [0x00000000ebd80000,0x00000000ebd80000,0x00000000ec000000)
  to   space 2560K, 0% used [0x00000000ebb00000,0x00000000ebb00000,0x00000000ebd80000)
 ParOldGen       total 44032K, used 0K [0x00000000c0000000, 0x00000000c2b00000, 0x00000000eab00000)
  object space 44032K, 0% used [0x00000000c0000000,0x00000000c0000000,0x00000000c2b00000)
 Metaspace       used 10794K, capacity 11034K, committed 11136K, reserved 1058816K
  class space    used 1313K, capacity 1387K, committed 1408K, reserved 1048576K
Event: 37.058 GC heap after
Heap after GC invocations=1 (full 0):
 PSYoungGen      total 18944K, used 2560K [0x00000000eab00000, 0x00000000ec000000, 0x0000000100000000)
  eden space 16384K, 0% used [0x00000000eab00000,0x00000000eab00000,0x00000000ebb00000)
  from space 2560K, 100% used [0x00000000ebb00000,0x00000000ebd80000,0x00000000ebd80000)
  to   space 2560K, 0% used [0x00000000ebd80000,0x00000000ebd80000,0x00000000ec000000)
 ParOldGen       total 44032K, used 64K [0x00000000c0000000, 0x00000000c2b00000, 0x00000000eab00000)
  object space 44032K, 0% used [0x00000000c0000000,0x00000000c0010020,0x00000000c2b00000)
 Metaspace       used 10794K, capacity 11034K, committed 11136K, reserved 1058816K
  class space    used 1313K, capacity 1387K, committed 1408K, reserved 1048576K
}
Event: 37.216 GC heap before
{Heap before GC invocations=2 (full 0):
 PSYoungGen      total 18944K, used 18944K [0x00000000eab00000, 0x00000000ec000000, 0x0000000100000000)
  eden space 16384K, 100% used [0x00000000eab00000,0x00000000ebb00000,0x00000000ebb00000)
  from space 2560K, 100% used [0x00000000ebb00000,0x00000000ebd80000,0x00000000ebd80000)
  to   space 2560K, 0% used [0x00000000ebd80000,0x00000000ebd80000,0x00000000ec000000)
 ParOldGen       total 44032K, used 64K [0x00000000c0000000, 0x00000000c2b00000, 0x00000000eab00000)
  object space 44032K, 0% used [0x00000000c0000000,0x00000000c0010020,0x00000000c2b00000)
 Metaspace       used 10808K, capacity 11034K, committed 11136K, reserved 1058816K
  class space    used 1313K, capacity 1387K, committed 1408K, reserved 1048576K
Event: 37.229 GC heap after
Heap after GC invocations=2 (full 0):
 PSYoungGen      total 18944K, used 2560K [0x00000000eab00000, 0x00000000ed000000, 0x0000000100000000)
  eden space 16384K, 0% used [0x00000000eab00000,0x00000000eab00000,0x00000000ebb00000)
  from space 2560K, 100% used [0x00000000ebd80000,0x00000000ec000000,0x00000000ec000000)
  to   space 2560K, 0% used [0x00000000ebb00000,0x00000000ebb00000,0x00000000ebd80000)
 ParOldGen       total 44032K, used 234K [0x00000000c0000000, 0x00000000c2b00000, 0x00000000eab00000)
  object space 44032K, 0% used [0x00000000c0000000,0x00000000c003a8d0,0x00000000c2b00000)
 Metaspace       used 10808K, capacity 11034K, committed 11136K, reserved 1058816K
  class space    used 1313K, capacity 1387K, committed 1408K, reserved 1048576K
}

Deoptimization events (5 events):
Event: 1.731 Thread 0x000000000289f000 Uncommon trap: reason=class_check action=maybe_recompile pc=0x000000000309a0a8 method=java.lang.String.equals(Ljava/lang/Object;)Z @ 8
Event: 1.740 Thread 0x000000000289f000 Uncommon trap: reason=class_check action=maybe_recompile pc=0x000000000309a0a8 method=java.lang.String.equals(Ljava/lang/Object;)Z @ 8
Event: 1.759 Thread 0x000000000289f000 Uncommon trap: reason=class_check action=maybe_recompile pc=0x000000000309a0a8 method=java.lang.String.equals(Ljava/lang/Object;)Z @ 8
Event: 1.759 Thread 0x000000000289f000 Uncommon trap: reason=class_check action=maybe_recompile pc=0x000000000309a0a8 method=java.lang.String.equals(Ljava/lang/Object;)Z @ 8
Event: 15.567 Thread 0x000000005857c800 Uncommon trap: reason=unstable_if action=reinterpret pc=0x0000000003169af4 method=java.lang.CharacterData.of(I)Ljava/lang/CharacterData; @ 4

Internal exceptions (10 events):
Event: 0.150 Thread 0x000000000289f000 Exception <a 'java/lang/NoSuchMethodError': Method sun.misc.Unsafe.defineClass(Ljava/lang/String;[BII)Ljava/lang/Class; name or signature does not match> (0x00000000eab0da08) thrown at [D:\re\workspace\8-2-build-windows-amd64-cygwin\jdk8u40\2855\hotspot\srGXÊ«%√?
Event: 0.150 Thread 0x000000000289f000 Exception <a 'java/lang/NoSuchMethodError': Method sun.misc.Unsafe.prefetchRead(Ljava/lang/Object;J)V name or signature does not match> (0x00000000eab0dc98) thrown at [D:\re\workspace\8-2-build-windows-amd64-cygwin\jdk8u40\2855\hotspot\src\share\vm\prims\jGıÌKë#‡?
Event: 0.504 Thread 0x000000000289f000 Exception <a 'java/security/PrivilegedActionException'> (0x00000000eacd2a48) thrown at [D:\re\workspace\8-2-build-windows-amd64-cygwin\jdk8u40\2855\hotspot\src\share\vm\prims\jvm.cpp, line 1382]
Event: 0.504 Thread 0x000000000289f000 Exception <a 'java/security/PrivilegedActionException'> (0x00000000eacd2c00) thrown at [D:\re\workspace\8-2-build-windows-amd64-cygwin\jdk8u40\2855\hotspot\src\share\vm\prims\jvm.cpp, line 1382]
Event: 0.507 Thread 0x000000000289f000 Exception <a 'java/security/PrivilegedActionException'> (0x00000000eacd6998) thrown at [D:\re\workspace\8-2-build-windows-amd64-cygwin\jdk8u40\2855\hotspot\src\share\vm\prims\jvm.cpp, line 1382]
Event: 0.507 Thread 0x000000000289f000 Exception <a 'java/security/PrivilegedActionException'> (0x00000000eacd6b50) thrown at [D:\re\workspace\8-2-build-windows-amd64-cygwin\jdk8u40\2855\hotspot\src\share\vm\prims\jvm.cpp, line 1382]
Event: 0.661 Thread 0x000000000289f000 Exception <a 'java/io/FileNotFoundException'> (0x00000000eacd8d60) thrown at [D:\re\workspace\8-2-build-windows-amd64-cygwin\jdk8u40\2855\hotspot\src\share\vm\prims\jni.cpp, line 709]
Event: 0.980 Thread 0x000000000289f000 Exception <a 'java/lang/NoSuchFieldError': method resolution failed> (0x00000000eadc31a0) thrown at [D:\re\workspace\8-2-build-windows-amd64-cygwin\jdk8u40\2855\hotspot\src\share\vm\prims\methodHandles.cpp, line 1125]
Event: 0.989 Thread 0x000000000289f000 Exception <a 'java/lang/NoSuchFieldError': method resolution failed> (0x00000000eadd1bb0) thrown at [D:\re\workspace\8-2-build-windows-amd64-cygwin\jdk8u40\2855\hotspot\src\share\vm\prims\methodHandles.cpp, line 1125]
Event: 1.254 Thread 0x000000000289f000 Exception <a 'java/io/FileNotFoundException'> (0x00000000eaeedd28) thrown at [D:\re\workspace\8-2-build-windows-amd64-cygwin\jdk8u40\2855\hotspot\src\share\vm\prims\jni.cpp, line 709]

Events (10 events):
Event: 37.176 Executing VM operation: RevokeBias
Event: 37.176 Executing VM operation: RevokeBias done
Event: 37.176 Executing VM operation: RevokeBias
Event: 37.176 Executing VM operation: RevokeBias done
Event: 37.176 Executing VM operation: RevokeBias
Event: 37.176 Executing VM operation: RevokeBias done
Event: 37.176 Executing VM operation: BulkRevokeBias
Event: 37.176 Executing VM operation: BulkRevokeBias done
Event: 37.216 Executing VM operation: ParallelGCFailedAllocation
Event: 37.229 Executing VM operation: ParallelGCFailedAllocation done


Dynamic libraries:
0x000000013f950000 - 0x000000013f987000 	C:\Program Files\Java\jdk1.8.0_40\bin\java.exe
0x0000000077940000 - 0x0000000077ae9000 	C:\Windows\SYSTEM32\ntdll.dll
0x0000000077820000 - 0x000000007793f000 	C:\Windows\system32\kernel32.dll
0x000007fefdbf0000 - 0x000007fefdc5b000 	C:\Windows\system32\KERNELBASE.dll
0x000007feff900000 - 0x000007feff9db000 	C:\Windows\system32\ADVAPI32.dll
0x000007fefe600000 - 0x000007fefe69f000 	C:\Windows\system32\msvcrt.dll
0x000007feffc30000 - 0x000007feffc4f000 	C:\Windows\SYSTEM32\sechost.dll
0x000007feff730000 - 0x000007feff85d000 	C:\Windows\system32\RPCRT4.dll
0x0000000077720000 - 0x000000007781a000 	C:\Windows\system32\USER32.dll
0x000007fefdc60000 - 0x000007fefdcc7000 	C:\Windows\system32\GDI32.dll
0x000007feff9e0000 - 0x000007feff9ee000 	C:\Windows\system32\LPK.dll
0x000007fefe1d0000 - 0x000007fefe299000 	C:\Windows\system32\USP10.dll
0x000007fefbee0000 - 0x000007fefc0d4000 	C:\Windows\WinSxS\amd64_microsoft.windows.common-controls_6595b64144ccf1df_6.0.7601.17514_none_fa396087175ac9ac\COMCTL32.dll
0x000007fefe2a0000 - 0x000007fefe311000 	C:\Windows\system32\SHLWAPI.dll
0x000007feffc00000 - 0x000007feffc2e000 	C:\Windows\system32\IMM32.DLL
0x000007fefe070000 - 0x000007fefe179000 	C:\Windows\system32\MSCTF.dll
0x000007fefd6a0000 - 0x000007fefd71c000 	C:\Windows\system32\guard64.dll
0x0000000077b00000 - 0x0000000077b07000 	C:\Windows\system32\PSAPI.DLL
0x000007fefd690000 - 0x000007fefd69c000 	C:\Windows\system32\VERSION.dll
0x000007fefd680000 - 0x000007fefd689000 	C:\Windows\system32\fltlib.dll
0x00000000717e0000 - 0x00000000718b2000 	C:\Program Files\Java\jdk1.8.0_40\jre\bin\msvcr100.dll
0x0000000066190000 - 0x0000000066a13000 	C:\Program Files\Java\jdk1.8.0_40\jre\bin\server\jvm.dll
0x000007fef2c00000 - 0x000007fef2c09000 	C:\Windows\system32\WSOCK32.dll
0x000007fefe180000 - 0x000007fefe1cd000 	C:\Windows\system32\WS2_32.dll
0x000007fefdee0000 - 0x000007fefdee8000 	C:\Windows\system32\NSI.dll
0x000007fefc6f0000 - 0x000007fefc72b000 	C:\Windows\system32\WINMM.dll
0x00000000735a0000 - 0x00000000735af000 	C:\Program Files\Java\jdk1.8.0_40\jre\bin\verify.dll
0x0000000073570000 - 0x0000000073599000 	C:\Program Files\Java\jdk1.8.0_40\jre\bin\java.dll
0x00000000717a0000 - 0x00000000717d5000 	C:\Program Files\Java\jdk1.8.0_40\jre\bin\jdwp.dll
0x0000000071790000 - 0x0000000071798000 	C:\Program Files\Java\jdk1.8.0_40\jre\bin\npt.dll
0x0000000070ca0000 - 0x0000000070cb6000 	C:\Program Files\Java\jdk1.8.0_40\jre\bin\zip.dll
0x000007fefe9a0000 - 0x000007feff728000 	C:\Windows\system32\SHELL32.dll
0x00000000561c0000 - 0x00000000563c3000 	C:\Windows\system32\ole32.dll
0x000007fefd880000 - 0x000007fefd88f000 	C:\Windows\system32\profapi.dll
0x0000000070c90000 - 0x0000000070c99000 	C:\Program Files\Java\jdk1.8.0_40\jre\bin\dt_socket.dll
0x000007fefd050000 - 0x000007fefd0a5000 	C:\Windows\system32\mswsock.dll
0x000007fefca10000 - 0x000007fefca17000 	C:\Windows\System32\wshtcpip.dll
0x0000000070af0000 - 0x0000000070c88000 	C:\Program Files\Java\jdk1.8.0_40\jre\bin\awt.dll
0x000007fefe320000 - 0x000007fefe3f7000 	C:\Windows\system32\OLEAUT32.dll
0x000007fefb970000 - 0x000007fefb9c6000 	C:\Windows\system32\uxtheme.dll
0x000007fefb850000 - 0x000007fefb868000 	C:\Windows\system32\dwmapi.dll
0x000007fefd7b0000 - 0x000007fefd7bf000 	C:\Windows\system32\CRYPTBASE.dll
0x0000000070aa0000 - 0x0000000070ae7000 	C:\Program Files\Java\jdk1.8.0_40\jre\bin\fontmanager.dll
0x000007feec290000 - 0x000007feec48f000 	C:\Windows\system32\d3d9.dll
0x000007fef5540000 - 0x000007fef5547000 	C:\Windows\system32\d3d8thk.dll
0x000007feebd20000 - 0x000007feec28d000 	C:\Windows\system32\atiumd64.dll
0x000007feeb870000 - 0x000007feebd13000 	C:\Windows\system32\atiumd6a.dll
0x0000000070a80000 - 0x0000000070a9a000 	C:\Program Files\Java\jdk1.8.0_40\jre\bin\net.dll
0x000007fefd040000 - 0x000007fefd047000 	C:\Windows\System32\wship6.dll
0x0000000070a60000 - 0x0000000070a71000 	C:\Program Files\Java\jdk1.8.0_40\jre\bin\nio.dll
0x0000000070a10000 - 0x0000000070a51000 	C:\Program Files\Java\jdk1.8.0_40\jre\bin\t2k.dll
0x000007fefc730000 - 0x000007fefc855000 	C:\Windows\system32\dbghelp.dll

VM Arguments:
jvm_args: -agentlib:jdwp=transport=dt_socket,address=127.0.0.1:56099,suspend=y,server=n -Dfile.encoding=UTF-8 
java_command: GUI
java_class_path (initial): C:\Program Files\Java\jdk1.8.0_40\jre\lib\charsets.jar;C:\Program Files\Java\jdk1.8.0_40\jre\lib\deploy.jar;C:\Program Files\Java\jdk1.8.0_40\jre\lib\javaws.jar;C:\Program Files\Java\jdk1.8.0_40\jre\lib\jce.jar;C:\Program Files\Java\jdk1.8.0_40\jre\lib\jfr.jar;C:\Program Files\Java\jdk1.8.0_40\jre\lib\jfxswt.jar;C:\Program Files\Java\jdk1.8.0_40\jre\lib\jsse.jar;C:\Program Files\Java\jdk1.8.0_40\jre\lib\management-agent.jar;C:\Program Files\Java\jdk1.8.0_40\jre\lib\plugin.jar;C:\Program Files\Java\jdk1.8.0_40\jre\lib\resources.jar;C:\Program Files\Java\jdk1.8.0_40\jre\lib\rt.jar;C:\Program Files\Java\jdk1.8.0_40\jre\lib\ext\access-bridge-64.jar;C:\Program Files\Java\jdk1.8.0_40\jre\lib\ext\cldrdata.jar;C:\Program Files\Java\jdk1.8.0_40\jre\lib\ext\dnsns.jar;C:\Program Files\Java\jdk1.8.0_40\jre\lib\ext\jaccess.jar;C:\Program Files\Java\jdk1.8.0_40\jre\lib\ext\jfxrt.jar;C:\Program Files\Java\jdk1.8.0_40\jre\lib\ext\localedata.jar;C:\Program Files\Java\jdk1.8.0_40\jre\lib\ext\nashorn.jar;C:\Program Files\Java\jdk1.8.0_40\jre\lib\ext\sunec.jar;C:\Program Files\Java\jdk1.8.0_40\jre\lib\ext\sunjce_provider.jar;C:\Program Files\Java\jdk1.8.0_40\jre\lib\ext\sunmscapi.jar;C:\Program Files\Java\jdk1.8.0_40\jre\lib\ext\sunpkcs11.jar;C:\Program Files\Java\jdk1.8.0_40\jre\lib\ext\zipfs.jar;C:\Users\pc\Documents\GitHub\BoidSim\out\production\BoidSim;C:\Program Files (x86)\JetBrains\IntelliJ IDEA Community Edition 14.0.3\lib\idea_rt.jar
Launcher Type: SUN_STANDARD

Environment Variables:
PATH=C:\ProgramData\Oracle\Java\javapath;C:\Windows\system32;C:\Windows;C:\Windows\System32\Wbem;C:\Windows\System32\WindowsPowerShell\v1.0\;C:\Program Files\Java\jdk1.8.0_40\bin
USERNAME=pc
OS=Windows_NT
PROCESSOR_IDENTIFIER=Intel64 Family 6 Model 23 Stepping 10, GenuineIntel



---------------  S Y S T E M  ---------------

OS: Windows 7 , 64 bit Build 7601 (6.1.7601.17514)

CPU:total 2 (2 cores per cpu, 1 threads per core) family 6 model 23 stepping 10, cmov, cx8, fxsr, mmx, sse, sse2, sse3, ssse3, tsc

Memory: 4k page, physical 4192688k(1223712k free), swap 8383532k(3884032k free)

vm_info: Java HotSpot(TM) 64-Bit Server VM (25.40-b25) for windows-amd64 JRE (1.8.0_40-b25), built on Feb 10 2015 21:53:57 by "java_re" with MS VC++ 10.0 (VS2010)

time: Sat Mar 28 12:45:01 2015
elapsed time: 37 seconds (0d 0h 0m 37s)

