#
# A fatal error has been detected by the Java Runtime Environment:
#
#  EXCEPTION_ACCESS_VIOLATION (0xc0000005) at pc=0xffffffffa3ce5120, pid=4064, tid=3932
#
# JRE version: Java(TM) SE Runtime Environment (8.0_40-b25) (build 1.8.0_40-b25)
# Java VM: Java HotSpot(TM) 64-Bit Server VM (25.40-b25 mixed mode windows-amd64 compressed oops)
# Problematic frame:
# C  0xffffffffa3ce5120
#
# Failed to write core dump. Minidumps are not enabled by default on client versions of Windows
#
# If you would like to submit a bug report, please visit:
#   http://bugreport.java.com/bugreport/crash.jsp
#

---------------  T H R E A D  ---------------

Current thread (0x000000000210e000):  JavaThread "main" [_thread_in_Java, id=3932, stack(0x0000000002880000,0x0000000002980000)]

siginfo: ExceptionCode=0xc0000005, ExceptionInformation=0x0000000000000008 0xffffffffa3ce5120

Registers:
RAX=0x0000000054aa7c40, RBX=0x0000000054aa7c40, RCX=0x00000000eaf6ee78, RDX=0x00000000eaf6ee78
RSP=0x000000000297df28, RBP=0x000000000297df88, RSI=0x0000000000000228, RDI=0x0000000000000108
R8 =0x000000000000160e, R9 =0x000000000277f8d0, R10=0x000000006ac8bba0, R11=0x0000000002ea2a00
R12=0x0000000000000000, R13=0x000000000297df38, R14=0x000000005509db28, R15=0x000000000210e000
RIP=0xffffffffa3ce5120, EFLAGS=0x0000000000010206

Top of Stack: (sp=0x000000000297df28)
0x000000000297df28:   0000000002ce71e0 0000000002ce71e0
0x000000000297df38:   000000000000160e 00000000eaf6ee78
0x000000000297df48:   000000000297df48 0000000054aab55a
0x000000000297df58:   000000000297dfa0 0000000054ab0040
0x000000000297df68:   000000005509db28 0000000054aab570
0x000000000297df78:   000000000297df38 000000000297df98
0x000000000297df88:   000000000297dfe8 0000000002ce72b0
0x000000000297df98:   000000000000160e 00000000eaf6ee78
0x000000000297dfa8:   000000000297dfa8 000000005509cb8c
0x000000000297dfb8:   000000000297dff8 000000005509d490
0x000000000297dfc8:   000000005509de50 000000005509cb98
0x000000000297dfd8:   000000000297df98 000000000297dff8
0x000000000297dfe8:   000000000297e040 0000000002ce72b0
0x000000000297dff8:   00000000eaf712c8 000000000297e000
0x000000000297e008:   000000005509bb88 000000000297e098
0x000000000297e018:   000000005509bdf8 0000000000000000 

Instructions: (pc=0xffffffffa3ce5120)
0xffffffffa3ce5100:   
[error occurred during error reporting (printing registers, top of stack, instructions near pc), id 0xc0000005]

Register to memory mapping:

RAX={method} {0x0000000054aa7c48} '_get' '(I)B' in 'java/nio/HeapByteBuffer'
RBX={method} {0x0000000054aa7c48} '_get' '(I)B' in 'java/nio/HeapByteBuffer'
RCX=0x00000000eaf6ee78 is an oop
java.nio.HeapByteBuffer 
 - klass: 'java/nio/HeapByteBuffer'
RDX=0x00000000eaf6ee78 is an oop
java.nio.HeapByteBuffer 
 - klass: 'java/nio/HeapByteBuffer'
RSP=0x000000000297df28 is pointing into the stack for thread: 0x000000000210e000
RBP=0x000000000297df88 is pointing into the stack for thread: 0x000000000210e000
RSI=0x0000000000000228 is an unknown value
RDI=0x0000000000000108 is an unknown value
R8 =0x000000000000160e is an unknown value
R9 =0x000000000277f8d0 is an unknown value
R10=0x000000006ac8bba0 is an unknown value
R11=0x0000000002ea2a00 is at entry_point+32 in (nmethod*)0x0000000002ea2890
R12=0x0000000000000000 is an unknown value
R13=0x000000000297df38 is pointing into the stack for thread: 0x000000000210e000
R14=0x000000005509db28 is pointing into metadata
R15=0x000000000210e000 is a thread


Stack: [0x0000000002880000,0x0000000002980000],  sp=0x000000000297df28,  free space=1015k
Native frames: (J=compiled Java code, j=interpreted, Vv=VM code, C=native code)
C  0xffffffffa3ce5120


---------------  P R O C E S S  ---------------

Java Threads: ( => current thread )
  0x00000000569e4800 JavaThread "Image Fetcher 0" daemon [_thread_blocked, id=4472, stack(0x0000000058140000,0x0000000058240000)]
  0x00000000569dd800 JavaThread "AWT-Windows" daemon [_thread_in_native, id=2328, stack(0x0000000057140000,0x0000000057240000)]
  0x00000000569fc000 JavaThread "AWT-Shutdown" [_thread_blocked, id=5784, stack(0x0000000056b50000,0x0000000056c50000)]
  0x00000000569f7000 JavaThread "Java2D Disposer" daemon [_thread_blocked, id=4536, stack(0x0000000057030000,0x0000000057130000)]
  0x00000000566bb000 JavaThread "Monitor Ctrl-Break" daemon [_thread_in_native, id=4016, stack(0x0000000056d40000,0x0000000056e40000)]
  0x0000000056620800 JavaThread "Service Thread" daemon [_thread_blocked, id=4972, stack(0x0000000056a20000,0x0000000056b20000)]
  0x0000000055351000 JavaThread "C1 CompilerThread1" daemon [_thread_blocked, id=3564, stack(0x0000000056520000,0x0000000056620000)]
  0x00000000552fa800 JavaThread "C2 CompilerThread0" daemon [_thread_blocked, id=4872, stack(0x00000000563f0000,0x00000000564f0000)]
  0x00000000552f8800 JavaThread "Attach Listener" daemon [_thread_blocked, id=4292, stack(0x00000000562e0000,0x00000000563e0000)]
  0x00000000552f7800 JavaThread "Signal Dispatcher" daemon [_thread_blocked, id=3680, stack(0x00000000560b0000,0x00000000561b0000)]
  0x000000005529c800 JavaThread "Finalizer" daemon [_thread_blocked, id=2424, stack(0x0000000055eb0000,0x0000000055fb0000)]
  0x0000000055293000 JavaThread "Reference Handler" daemon [_thread_blocked, id=2436, stack(0x0000000055c10000,0x0000000055d10000)]
=>0x000000000210e000 JavaThread "main" [_thread_in_Java, id=3932, stack(0x0000000002880000,0x0000000002980000)]

Other Threads:
  0x000000005528d800 VMThread [stack: 0x0000000055d60000,0x0000000055e60000] [id=648]
  0x0000000056621000 WatcherThread [stack: 0x0000000055fb0000,0x00000000560b0000] [id=5816]

VM state:synchronizing (normal execution)

VM Mutex/Monitor currently owned by a thread:  ([mutex/lock_event])
[0x000000000210c860] Safepoint_lock - owner thread: 0x000000005528d800
[0x000000000210c8e0] Threads_lock - owner thread: 0x000000005528d800

Heap:
 PSYoungGen      total 18944K, used 4925K [0x00000000eab00000, 0x00000000ec000000, 0x0000000100000000)
  eden space 16384K, 30% used [0x00000000eab00000,0x00000000eafcf498,0x00000000ebb00000)
  from space 2560K, 0% used [0x00000000ebd80000,0x00000000ebd80000,0x00000000ec000000)
  to   space 2560K, 0% used [0x00000000ebb00000,0x00000000ebb00000,0x00000000ebd80000)
 ParOldGen       total 44032K, used 0K [0x00000000c0000000, 0x00000000c2b00000, 0x00000000eab00000)
  object space 44032K, 0% used [0x00000000c0000000,0x00000000c0000000,0x00000000c2b00000)
 Metaspace       used 8281K, capacity 8480K, committed 8576K, reserved 1056768K
  class space    used 963K, capacity 1056K, committed 1152K, reserved 1048576K

Card table byte_map: [0x00000000120a0000,0x00000000122b0000] byte_map_base: 0x0000000011aa0000

Marking Bits: (ParMarkBitMap*) 0x000000006aca4040
 Begin Bits: [0x0000000012760000, 0x0000000013760000)
 End Bits:   [0x0000000013760000, 0x0000000014760000)

Polling page: 0x0000000002140000

CodeCache: size=245760Kb used=1818Kb max_used=1818Kb free=243941Kb
 bounds [0x0000000002ce0000, 0x0000000002f50000, 0x0000000011ce0000]
 total_blobs=766 nmethods=354 adapters=327
 compilation: enabled

Compilation events (10 events):
Event: 1.081 Thread 0x0000000055351000  350       1       java.nio.HeapByteBuffer::_get (7 bytes)
Event: 1.081 Thread 0x0000000055351000 nmethod 350 0x0000000002ea5410 code [0x0000000002ea5560, 0x0000000002ea5690]
Event: 1.082 Thread 0x0000000055351000  353       3       java.nio.ByteBufferAsCharBufferB::get (16 bytes)
Event: 1.082 Thread 0x0000000055351000 nmethod 353 0x0000000002ea5750 code [0x0000000002ea5900, 0x0000000002ea5ec8]
Event: 1.082 Thread 0x0000000055351000  351       3       java.nio.Bits::getCharB (16 bytes)
Event: 1.082 Thread 0x0000000055351000 nmethod 351 0x0000000002ea6110 code [0x0000000002ea6280, 0x0000000002ea65b8]
Event: 1.082 Thread 0x0000000055351000  352       3       java.nio.Bits::makeChar (12 bytes)
Event: 1.082 Thread 0x0000000055351000 nmethod 352 0x0000000002ea66d0 code [0x0000000002ea6820, 0x0000000002ea6970]
Event: 1.082 Thread 0x0000000055351000  354       3       java.nio.ByteBufferAsCharBufferB::ix (9 bytes)
Event: 1.082 Thread 0x0000000055351000 nmethod 354 0x0000000002ea69d0 code [0x0000000002ea6b20, 0x0000000002ea6c70]

GC Heap History (0 events):
No events

Deoptimization events (0 events):
No events

Internal exceptions (10 events):
Event: 0.103 Thread 0x000000000210e000 Exception <a 'java/lang/NoSuchMethodError': Method sun.misc.Unsafe.defineClass(Ljava/lang/String;[BII)Ljava/lang/Class; name or signature does not match> (0x00000000eab0dc80) thrown at [D:\re\workspace\8-2-build-windows-amd64-cygwin\jdk8u40\2855\hotspot\srg≠èb‹x∫?
Event: 0.103 Thread 0x000000000210e000 Exception <a 'java/lang/NoSuchMethodError': Method sun.misc.Unsafe.prefetchRead(Ljava/lang/Object;J)V name or signature does not match> (0x00000000eab0df10) thrown at [D:\re\workspace\8-2-build-windows-amd64-cygwin\jdk8u40\2855\hotspot\src\share\vm\prims\jŒy=√◊?
Event: 0.360 Thread 0x000000000210e000 Exception <a 'java/security/PrivilegedActionException'> (0x00000000eac90c10) thrown at [D:\re\workspace\8-2-build-windows-amd64-cygwin\jdk8u40\2855\hotspot\src\share\vm\prims\jvm.cpp, line 1382]
Event: 0.360 Thread 0x000000000210e000 Exception <a 'java/security/PrivilegedActionException'> (0x00000000eac90dc8) thrown at [D:\re\workspace\8-2-build-windows-amd64-cygwin\jdk8u40\2855\hotspot\src\share\vm\prims\jvm.cpp, line 1382]
Event: 0.360 Thread 0x000000000210e000 Exception <a 'java/security/PrivilegedActionException'> (0x00000000eac94b60) thrown at [D:\re\workspace\8-2-build-windows-amd64-cygwin\jdk8u40\2855\hotspot\src\share\vm\prims\jvm.cpp, line 1382]
Event: 0.360 Thread 0x000000000210e000 Exception <a 'java/security/PrivilegedActionException'> (0x00000000eac94d18) thrown at [D:\re\workspace\8-2-build-windows-amd64-cygwin\jdk8u40\2855\hotspot\src\share\vm\prims\jvm.cpp, line 1382]
Event: 0.367 Thread 0x000000000210e000 Exception <a 'java/io/FileNotFoundException'> (0x00000000eac96f28) thrown at [D:\re\workspace\8-2-build-windows-amd64-cygwin\jdk8u40\2855\hotspot\src\share\vm\prims\jni.cpp, line 709]
Event: 0.614 Thread 0x000000000210e000 Exception <a 'java/lang/NoSuchFieldError': method resolution failed> (0x00000000eadd96c8) thrown at [D:\re\workspace\8-2-build-windows-amd64-cygwin\jdk8u40\2855\hotspot\src\share\vm\prims\methodHandles.cpp, line 1125]
Event: 0.625 Thread 0x000000000210e000 Exception <a 'java/lang/NoSuchFieldError': method resolution failed> (0x00000000eade8120) thrown at [D:\re\workspace\8-2-build-windows-amd64-cygwin\jdk8u40\2855\hotspot\src\share\vm\prims\methodHandles.cpp, line 1125]
Event: 0.845 Thread 0x000000000210e000 Exception <a 'java/io/FileNotFoundException'> (0x00000000eaf03478) thrown at [D:\re\workspace\8-2-build-windows-amd64-cygwin\jdk8u40\2855\hotspot\src\share\vm\prims\jni.cpp, line 709]

Events (10 events):
Event: 1.080 loading class sun/font/TrueTypeGlyphMapper
Event: 1.080 loading class sun/font/TrueTypeGlyphMapper done
Event: 1.080 loading class sun/font/CMap
Event: 1.080 loading class sun/font/CMap done
Event: 1.080 loading class sun/font/CMap$NullCMapClass
Event: 1.081 loading class sun/font/CMap$NullCMapClass done
Event: 1.081 loading class sun/font/CMap$CMapFormat4
Event: 1.081 loading class sun/font/CMap$CMapFormat4 done
Event: 1.081 loading class java/nio/ByteBufferAsCharBufferB
Event: 1.081 loading class java/nio/ByteBufferAsCharBufferB done


Dynamic libraries:
0x000000013fa20000 - 0x000000013fa57000 	C:\Program Files\Java\jdk1.8.0_40\bin\java.exe
0x0000000077210000 - 0x00000000773b9000 	C:\Windows\SYSTEM32\ntdll.dll
0x00000000770f0000 - 0x000000007720f000 	C:\Windows\system32\kernel32.dll
0x000007fefd4c0000 - 0x000007fefd52b000 	C:\Windows\system32\KERNELBASE.dll
0x000007fefe5e0000 - 0x000007fefe6bb000 	C:\Windows\system32\ADVAPI32.dll
0x000007fefddc0000 - 0x000007fefde5f000 	C:\Windows\system32\msvcrt.dll
0x000007fefe3b0000 - 0x000007fefe3cf000 	C:\Windows\SYSTEM32\sechost.dll
0x000007fefd770000 - 0x000007fefd89d000 	C:\Windows\system32\RPCRT4.dll
0x0000000076ff0000 - 0x00000000770ea000 	C:\Windows\system32\USER32.dll
0x000007fefdd50000 - 0x000007fefddb7000 	C:\Windows\system32\GDI32.dll
0x000007fefd990000 - 0x000007fefd99e000 	C:\Windows\system32\LPK.dll
0x000007feff450000 - 0x000007feff519000 	C:\Windows\system32\USP10.dll
0x000007fefbc40000 - 0x000007fefbe34000 	C:\Windows\WinSxS\amd64_microsoft.windows.common-controls_6595b64144ccf1df_6.0.7601.17514_none_fa396087175ac9ac\COMCTL32.dll
0x000007fefdc50000 - 0x000007fefdcc1000 	C:\Windows\system32\SHLWAPI.dll
0x000007fefd9a0000 - 0x000007fefd9ce000 	C:\Windows\system32\IMM32.DLL
0x000007fefd660000 - 0x000007fefd769000 	C:\Windows\system32\MSCTF.dll
0x000007fefcf60000 - 0x000007fefcfdc000 	C:\Windows\system32\guard64.dll
0x00000000773e0000 - 0x00000000773e7000 	C:\Windows\system32\PSAPI.DLL
0x000007fefcf30000 - 0x000007fefcf3c000 	C:\Windows\system32\VERSION.dll
0x000007fefcf20000 - 0x000007fefcf29000 	C:\Windows\system32\fltlib.dll
0x000000006b650000 - 0x000000006b722000 	C:\Program Files\Java\jdk1.8.0_40\jre\bin\msvcr100.dll
0x000000006a4a0000 - 0x000000006ad23000 	C:\Program Files\Java\jdk1.8.0_40\jre\bin\server\jvm.dll
0x000007fefa670000 - 0x000007fefa679000 	C:\Windows\system32\WSOCK32.dll
0x000007fefd8a0000 - 0x000007fefd8ed000 	C:\Windows\system32\WS2_32.dll
0x000007fefe1c0000 - 0x000007fefe1c8000 	C:\Windows\system32\NSI.dll
0x000007fefbad0000 - 0x000007fefbb0b000 	C:\Windows\system32\WINMM.dll
0x00000000730b0000 - 0x00000000730bf000 	C:\Program Files\Java\jdk1.8.0_40\jre\bin\verify.dll
0x0000000073080000 - 0x00000000730a9000 	C:\Program Files\Java\jdk1.8.0_40\jre\bin\java.dll
0x000000006fb20000 - 0x000000006fb36000 	C:\Program Files\Java\jdk1.8.0_40\jre\bin\zip.dll
0x000007fefe6c0000 - 0x000007feff448000 	C:\Windows\system32\SHELL32.dll
0x000007fefe3d0000 - 0x000007fefe5d3000 	C:\Windows\system32\ole32.dll
0x000007fefd150000 - 0x000007fefd15f000 	C:\Windows\system32\profapi.dll
0x000007fef8900000 - 0x000007fef8910000 	C:\Program Files (x86)\JetBrains\IntelliJ IDEA Community Edition 14.0.3\bin\breakgen64.dll
0x000000006fb00000 - 0x000000006fb1a000 	C:\Program Files\Java\jdk1.8.0_40\jre\bin\net.dll
0x000007fefc9e0000 - 0x000007fefca35000 	C:\Windows\system32\mswsock.dll
0x000007fefc9d0000 - 0x000007fefc9d7000 	C:\Windows\System32\wship6.dll
0x000000006a160000 - 0x000000006a2f8000 	C:\Program Files\Java\jdk1.8.0_40\jre\bin\awt.dll
0x000007fefe0e0000 - 0x000007fefe1b7000 	C:\Windows\system32\OLEAUT32.dll
0x000007fefb240000 - 0x000007fefb296000 	C:\Windows\system32\uxtheme.dll
0x000007fefb120000 - 0x000007fefb138000 	C:\Windows\system32\dwmapi.dll
0x000007fefd020000 - 0x000007fefd02f000 	C:\Windows\system32\CRYPTBASE.dll
0x000000006b850000 - 0x000000006b897000 	C:\Program Files\Java\jdk1.8.0_40\jre\bin\fontmanager.dll
0x000007feed070000 - 0x000007feed26f000 	C:\Windows\system32\d3d9.dll
0x000007fef7020000 - 0x000007fef7027000 	C:\Windows\system32\d3d8thk.dll
0x000007feecb00000 - 0x000007feed06d000 	C:\Windows\system32\atiumd64.dll
0x000007feea3b0000 - 0x000007feea853000 	C:\Windows\system32\atiumd6a.dll
0x000000006fa90000 - 0x000000006faa1000 	C:\Program Files\Java\jdk1.8.0_40\jre\bin\nio.dll
0x000000006aeb0000 - 0x000000006aef1000 	C:\Program Files\Java\jdk1.8.0_40\jre\bin\t2k.dll
0x000007fefbb10000 - 0x000007fefbc35000 	C:\Windows\system32\dbghelp.dll

VM Arguments:
jvm_args: -Didea.launcher.port=7544 -Didea.launcher.bin.path=C:\Program Files (x86)\JetBrains\IntelliJ IDEA Community Edition 14.0.3\bin -Dfile.encoding=UTF-8 
java_command: com.intellij.rt.execution.application.AppMain GUI
java_class_path (initial): C:\Program Files\Java\jdk1.8.0_40\jre\lib\charsets.jar;C:\Program Files\Java\jdk1.8.0_40\jre\lib\deploy.jar;C:\Program Files\Java\jdk1.8.0_40\jre\lib\javaws.jar;C:\Program Files\Java\jdk1.8.0_40\jre\lib\jce.jar;C:\Program Files\Java\jdk1.8.0_40\jre\lib\jfr.jar;C:\Program Files\Java\jdk1.8.0_40\jre\lib\jfxswt.jar;C:\Program Files\Java\jdk1.8.0_40\jre\lib\jsse.jar;C:\Program Files\Java\jdk1.8.0_40\jre\lib\management-agent.jar;C:\Program Files\Java\jdk1.8.0_40\jre\lib\plugin.jar;C:\Program Files\Java\jdk1.8.0_40\jre\lib\resources.jar;C:\Program Files\Java\jdk1.8.0_40\jre\lib\rt.jar;C:\Program Files\Java\jdk1.8.0_40\jre\lib\ext\access-bridge-64.jar;C:\Program Files\Java\jdk1.8.0_40\jre\lib\ext\cldrdata.jar;C:\Program Files\Java\jdk1.8.0_40\jre\lib\ext\dnsns.jar;C:\Program Files\Java\jdk1.8.0_40\jre\lib\ext\jaccess.jar;C:\Program Files\Java\jdk1.8.0_40\jre\lib\ext\jfxrt.jar;C:\Program Files\Java\jdk1.8.0_40\jre\lib\ext\localedata.jar;C:\Program Files\Java\jdk1.8.0_40\jre\lib\ext\nashorn.jar;C:\Program Files\Java\jdk1.8.0_40\jre\lib\ext\sunec.jar;C:\Program Files\Java\jdk1.8.0_40\jre\lib\ext\sunjce_provider.jar;C:\Program Files\Java\jdk1.8.0_40\jre\lib\ext\sunmscapi.jar;C:\Program Files\Java\jdk1.8.0_40\jre\lib\ext\sunpkcs11.jar;C:\Program Files\Java\jdk1.8.0_40\jre\lib\ext\zipfs.jar;C:\Users\pc\Documents\GitHub\BoidSim\out\production\BoidSim;C:\Program Files (x86)\JetBrains\IntelliJ IDEA Community Edition 14.0.3\lib\idea_rt.jar
Launcher Type: SUN_STANDARD

Environment Variables:
PATH=C:\ProgramData\Oracle\Java\javapath;C:\Windows\system32;C:\Windows;C:\Windows\System32\Wbem;C:\Windows\System32\WindowsPowerShell\v1.0\;C:\Program Files\Java\jdk1.8.0_40\bin
USERNAME=pc
OS=Windows_NT
PROCESSOR_IDENTIFIER=Intel64 Family 6 Model 23 Stepping 10, GenuineIntel



---------------  S Y S T E M  ---------------

OS: Windows 7 , 64 bit Build 7601 (6.1.7601.17514)

CPU:total 2 (2 cores per cpu, 1 threads per core) family 6 model 23 stepping 10, cmov, cx8, fxsr, mmx, sse, sse2, sse3, ssse3, tsc

Memory: 4k page, physical 4192688k(1509432k free), swap 8383532k(3585232k free)

vm_info: Java HotSpot(TM) 64-Bit Server VM (25.40-b25) for windows-amd64 JRE (1.8.0_40-b25), built on Feb 10 2015 21:53:57 by "java_re" with MS VC++ 10.0 (VS2010)

time: Wed Mar 25 14:35:20 2015
elapsed time: 3 seconds (0d 0h 0m 3s)

