#
# A fatal error has been detected by the Java Runtime Environment:
#
#  EXCEPTION_ACCESS_VIOLATION (0xc0000005) at pc=0xffffffffa3d55120, pid=3760, tid=4272
#
# JRE version: Java(TM) SE Runtime Environment (8.0_40-b25) (build 1.8.0_40-b25)
# Java VM: Java HotSpot(TM) 64-Bit Server VM (25.40-b25 mixed mode windows-amd64 compressed oops)
# Problematic frame:
# C  0xffffffffa3d55120
#
# Failed to write core dump. Minidumps are not enabled by default on client versions of Windows
#
# If you would like to submit a bug report, please visit:
#   http://bugreport.java.com/bugreport/crash.jsp
#

---------------  T H R E A D  ---------------

Current thread (0x000000000277e000):  JavaThread "main" [_thread_in_Java, id=4272, stack(0x0000000002980000,0x0000000002a80000)]

siginfo: ExceptionCode=0xc0000005, ExceptionInformation=0x0000000000000008 0xffffffffa3d55120

Registers:
RAX=0x0000000054ddbb00, RBX=0x0000000054ddbb00, RCX=0x00000000c0185100, RDX=0x00000000c0185100
RSP=0x0000000002a7e918, RBP=0x0000000002a7e990, RSI=0x0000000014a32410, RDI=0x0000000014a32410
R8 =0x0000000080100c02, R9 =0x1fffffffffffffff, R10=0x000000006697bba0, R11=0x0000000002f7e140
R12=0x0000000000000000, R13=0x0000000002a7e928, R14=0x000000005ba248d0, R15=0x000000000277e000
RIP=0xffffffffa3d55120, EFLAGS=0x0000000000010202

Top of Stack: (sp=0x0000000002a7e918)
0x0000000002a7e918:   0000000002d57790 0000000002d57790
0x0000000002a7e928:   00000000c0185100 0000000000000001
0x0000000002a7e938:   00000000ec7422d8 00000000ec7422d8
0x0000000002a7e948:   00000000c0185100 0000000002a7e950
0x0000000002a7e958:   0000000054ddcf4b 0000000002a7ea00
0x0000000002a7e968:   0000000054ddd270 000000005ba248d0
0x0000000002a7e978:   0000000054ddcfd0 0000000002a7e928
0x0000000002a7e988:   0000000002a7ea10 0000000002a7ecc8
0x0000000002a7e998:   0000000002fc61d4 00000000ec742278
0x0000000002a7e9a8:   401188d6e5888c54 0000000000000000
0x0000000002a7e9b8:   09574f1e13ac970a 0000000000000000
0x0000000002a7e9c8:   4b20261e9c466abe 0000000000000000
0x0000000002a7e9d8:   00000000ec70efd8 00000000ec70f0a8
0x0000000002a7e9e8:   4034000000000000 0000000000000000
0x0000000002a7e9f8:   00000000ec7057c8 00000000c0185100
0x0000000002a7ea08:   0000000002fc61d4 0000000000000044 

Instructions: (pc=0xffffffffa3d55120)
0xffffffffa3d55100:   
[error occurred during error reporting (printing registers, top of stack, instructions near pc), id 0xc0000005]

Register to memory mapping:

RAX={method} {0x0000000054ddbb08} 'getBoid_separation_Vector' '()Lpolar_vector;' in 'BetterBoid'
RBX={method} {0x0000000054ddbb08} 'getBoid_separation_Vector' '()Lpolar_vector;' in 'BetterBoid'
RCX=0x00000000c0185100 is an oop
BetterBoid 
 - klass: 'BetterBoid'
RDX=0x00000000c0185100 is an oop
BetterBoid 
 - klass: 'BetterBoid'
RSP=0x0000000002a7e918 is pointing into the stack for thread: 0x000000000277e000
RBP=0x0000000002a7e990 is pointing into the stack for thread: 0x000000000277e000
RSI=0x0000000014a32410 is pointing into metadata
RDI=0x0000000014a32410 is pointing into metadata
R8 =0x0000000080100c02 is an unknown value
R9 =0x1fffffffffffffff is an unknown value
R10=0x000000006697bba0 is an unknown value
R11=0x0000000002f7e140 is at entry_point+32 in (nmethod*)0x0000000002f7df50
R12=0x0000000000000000 is an unknown value
R13=0x0000000002a7e928 is pointing into the stack for thread: 0x000000000277e000
R14=0x000000005ba248d0 is pointing into metadata
R15=0x000000000277e000 is a thread


Stack: [0x0000000002980000,0x0000000002a80000],  sp=0x0000000002a7e918,  free space=1018k
Native frames: (J=compiled Java code, j=interpreted, Vv=VM code, C=native code)
C  0xffffffffa3d55120


---------------  P R O C E S S  ---------------

Java Threads: ( => current thread )
  0x000000005845b000 JavaThread "TimerQueue" daemon [_thread_blocked, id=4440, stack(0x000000005c870000,0x000000005c970000)]
  0x00000000582d6000 JavaThread "D3D Screen Updater" daemon [_thread_blocked, id=5748, stack(0x000000005bbb0000,0x000000005bcb0000)]
  0x0000000058297000 JavaThread "AWT-EventQueue-0" [_thread_in_native, id=3968, stack(0x000000005b680000,0x000000005b780000)]
  0x0000000056ec9800 JavaThread "Image Fetcher 0" daemon [_thread_blocked, id=2368, stack(0x0000000058b70000,0x0000000058c70000)]
  0x0000000056eb3000 JavaThread "AWT-Windows" daemon [_thread_in_native, id=3652, stack(0x0000000057700000,0x0000000057800000)]
  0x0000000056ec0000 JavaThread "AWT-Shutdown" [_thread_blocked, id=5108, stack(0x0000000057580000,0x0000000057680000)]
  0x0000000056ebf000 JavaThread "Java2D Disposer" daemon [_thread_blocked, id=5732, stack(0x0000000057440000,0x0000000057540000)]
  0x0000000056b85000 JavaThread "Monitor Ctrl-Break" daemon [_thread_in_native, id=1464, stack(0x00000000568d0000,0x00000000569d0000)]
  0x0000000056ad2800 JavaThread "Service Thread" daemon [_thread_blocked, id=4536, stack(0x0000000056f00000,0x0000000057000000)]
  0x00000000553c4800 JavaThread "C1 CompilerThread1" daemon [_thread_blocked, id=5620, stack(0x00000000569d0000,0x0000000056ad0000)]
  0x000000005536a800 JavaThread "C2 CompilerThread0" daemon [_thread_blocked, id=3184, stack(0x00000000567b0000,0x00000000568b0000)]
  0x0000000055368800 JavaThread "Attach Listener" daemon [_thread_blocked, id=1604, stack(0x00000000565b0000,0x00000000566b0000)]
  0x0000000055367800 JavaThread "Signal Dispatcher" daemon [_thread_blocked, id=1112, stack(0x0000000056480000,0x0000000056580000)]
  0x000000005530c000 JavaThread "Finalizer" daemon [_thread_blocked, id=5040, stack(0x0000000055fc0000,0x00000000560c0000)]
  0x0000000055303000 JavaThread "Reference Handler" daemon [_thread_blocked, id=4652, stack(0x0000000055c90000,0x0000000055d90000)]
=>0x000000000277e000 JavaThread "main" [_thread_in_Java, id=4272, stack(0x0000000002980000,0x0000000002a80000)]

Other Threads:
  0x00000000552fd800 VMThread [stack: 0x0000000055e40000,0x0000000055f40000] [id=3324]
  0x0000000056ad3800 WatcherThread [stack: 0x0000000056370000,0x0000000056470000] [id=5688]

VM state:not at safepoint (normal execution)

VM Mutex/Monitor currently owned by a thread: None

Heap:
 PSYoungGen      total 69120K, used 31743K [0x00000000eab00000, 0x00000000f3200000, 0x0000000100000000)
  eden space 65536K, 45% used [0x00000000eab00000,0x00000000ec857e50,0x00000000eeb00000)
  from space 3584K, 47% used [0x00000000eeb00000,0x00000000eeca8000,0x00000000eee80000)
  to   space 3584K, 0% used [0x00000000f2e80000,0x00000000f2e80000,0x00000000f3200000)
 ParOldGen       total 44032K, used 2347K [0x00000000c0000000, 0x00000000c2b00000, 0x00000000eab00000)
  object space 44032K, 5% used [0x00000000c0000000,0x00000000c024ac38,0x00000000c2b00000)
 Metaspace       used 11151K, capacity 11318K, committed 11520K, reserved 1058816K
  class space    used 1358K, capacity 1419K, committed 1536K, reserved 1048576K

Card table byte_map: [0x0000000012110000,0x0000000012320000] byte_map_base: 0x0000000011b10000

Marking Bits: (ParMarkBitMap*) 0x0000000066994040
 Begin Bits: [0x00000000127d0000, 0x00000000137d0000)
 End Bits:   [0x00000000137d0000, 0x00000000147d0000)

Polling page: 0x0000000002230000

CodeCache: size=245760Kb used=3634Kb max_used=3644Kb free=242125Kb
 bounds [0x0000000002d50000, 0x00000000030f0000, 0x0000000011d50000]
 total_blobs=1530 nmethods=1035 adapters=410
 compilation: enabled

Compilation events (10 events):
Event: 3.902 Thread 0x000000005536a800 1032       4       java.awt.geom.AffineTransform::transform (663 bytes)
Event: 3.934 Thread 0x000000005536a800 nmethod 1032 0x00000000030db690 code [0x00000000030db800, 0x00000000030dc948]
Event: 3.934 Thread 0x000000005536a800  970       4       Boid_Maths::angleBetweenPoints (34 bytes)
Event: 3.939 Thread 0x000000005536a800 nmethod 970 0x00000000030cf8d0 code [0x00000000030cfa40, 0x00000000030cfc68]
Event: 3.939 Thread 0x000000005536a800  994       4       BetterBoid::getBoid_separation_Vector (8 bytes)
Event: 3.939 Thread 0x00000000553c4800 1033       3       java.util.concurrent.locks.ReentrantLock$Sync::isHeldExclusively (16 bytes)
Event: 3.940 Thread 0x00000000553c4800 nmethod 1033 0x00000000030cf490 code [0x00000000030cf600, 0x00000000030cf850]
Event: 3.940 Thread 0x00000000553c4800 1034       3       sun.java2d.d3d.D3DSurfaceData::validatePipe (414 bytes)
Event: 3.942 Thread 0x00000000553c4800 nmethod 1034 0x00000000030de090 code [0x00000000030de300, 0x00000000030df388]
Event: 3.950 Thread 0x000000005536a800 nmethod 994 0x00000000030ddb10 code [0x00000000030ddc80, 0x00000000030ddea8]

GC Heap History (10 events):
Event: 2.835 GC heap before
{Heap before GC invocations=3 (full 0):
 PSYoungGen      total 18944K, used 18912K [0x00000000eab00000, 0x00000000ed000000, 0x0000000100000000)
  eden space 16384K, 100% used [0x00000000eab00000,0x00000000ebb00000,0x00000000ebb00000)
  from space 2560K, 98% used [0x00000000ebd80000,0x00000000ebff8000,0x00000000ec000000)
  to   space 2560K, 0% used [0x00000000ebb00000,0x00000000ebb00000,0x00000000ebd80000)
 ParOldGen       total 44032K, used 16K [0x00000000c0000000, 0x00000000c2b00000, 0x00000000eab00000)
  object space 44032K, 0% used [0x00000000c0000000,0x00000000c0004000,0x00000000c2b00000)
 Metaspace       used 10849K, capacity 11062K, committed 11264K, reserved 1058816K
  class space    used 1337K, capacity 1419K, committed 1536K, reserved 1048576K
Event: 2.846 GC heap after
Heap after GC invocations=3 (full 0):
 PSYoungGen      total 18944K, used 2560K [0x00000000eab00000, 0x00000000ed000000, 0x0000000100000000)
  eden space 16384K, 0% used [0x00000000eab00000,0x00000000eab00000,0x00000000ebb00000)
  from space 2560K, 100% used [0x00000000ebb00000,0x00000000ebd80000,0x00000000ebd80000)
  to   space 2560K, 0% used [0x00000000ecd80000,0x00000000ecd80000,0x00000000ed000000)
 ParOldGen       total 44032K, used 152K [0x00000000c0000000, 0x00000000c2b00000, 0x00000000eab00000)
  object space 44032K, 0% used [0x00000000c0000000,0x00000000c0026000,0x00000000c2b00000)
 Metaspace       used 10849K, capacity 11062K, committed 11264K, reserved 1058816K
  class space    used 1337K, capacity 1419K, committed 1536K, reserved 1048576K
}
Event: 2.987 GC heap before
{Heap before GC invocations=4 (full 0):
 PSYoungGen      total 18944K, used 18944K [0x00000000eab00000, 0x00000000ed000000, 0x0000000100000000)
  eden space 16384K, 100% used [0x00000000eab00000,0x00000000ebb00000,0x00000000ebb00000)
  from space 2560K, 100% used [0x00000000ebb00000,0x00000000ebd80000,0x00000000ebd80000)
  to   space 2560K, 0% used [0x00000000ecd80000,0x00000000ecd80000,0x00000000ed000000)
 ParOldGen       total 44032K, used 152K [0x00000000c0000000, 0x00000000c2b00000, 0x00000000eab00000)
  object space 44032K, 0% used [0x00000000c0000000,0x00000000c0026000,0x00000000c2b00000)
 Metaspace       used 10937K, capacity 11190K, committed 11520K, reserved 1058816K
  class space    used 1339K, capacity 1419K, committed 1536K, reserved 1048576K
Event: 2.996 GC heap after
Heap after GC invocations=4 (full 0):
 PSYoungGen      total 35328K, used 2528K [0x00000000eab00000, 0x00000000ed000000, 0x0000000100000000)
  eden space 32768K, 0% used [0x00000000eab00000,0x00000000eab00000,0x00000000ecb00000)
  from space 2560K, 98% used [0x00000000ecd80000,0x00000000ecff8020,0x00000000ed000000)
  to   space 2560K, 0% used [0x00000000ecb00000,0x00000000ecb00000,0x00000000ecd80000)
 ParOldGen       total 44032K, used 602K [0x00000000c0000000, 0x00000000c2b00000, 0x00000000eab00000)
  object space 44032K, 1% used [0x00000000c0000000,0x00000000c00968b0,0x00000000c2b00000)
 Metaspace       used 10937K, capacity 11190K, committed 11520K, reserved 1058816K
  class space    used 1339K, capacity 1419K, committed 1536K, reserved 1048576K
}
Event: 3.268 GC heap before
{Heap before GC invocations=5 (full 0):
 PSYoungGen      total 35328K, used 35296K [0x00000000eab00000, 0x00000000ed000000, 0x0000000100000000)
  eden space 32768K, 100% used [0x00000000eab00000,0x00000000ecb00000,0x00000000ecb00000)
  from space 2560K, 98% used [0x00000000ecd80000,0x00000000ecff8020,0x00000000ed000000)
  to   space 2560K, 0% used [0x00000000ecb00000,0x00000000ecb00000,0x00000000ecd80000)
 ParOldGen       total 44032K, used 602K [0x00000000c0000000, 0x00000000c2b00000, 0x00000000eab00000)
  object space 44032K, 1% used [0x00000000c0000000,0x00000000c00968b0,0x00000000c2b00000)
 Metaspace       used 11126K, capacity 11318K, committed 11520K, reserved 1058816K
  class space    used 1358K, capacity 1419K, committed 1536K, reserved 1048576K
Event: 3.277 GC heap after
Heap after GC invocations=5 (full 0):
 PSYoungGen      total 35328K, used 2528K [0x00000000eab00000, 0x00000000ef200000, 0x0000000100000000)
  eden space 32768K, 0% used [0x00000000eab00000,0x00000000eab00000,0x00000000ecb00000)
  from space 2560K, 98% used [0x00000000ecb00000,0x00000000ecd78020,0x00000000ecd80000)
  to   space 3584K, 0% used [0x00000000eee80000,0x00000000eee80000,0x00000000ef200000)
 ParOldGen       total 44032K, used 994K [0x00000000c0000000, 0x00000000c2b00000, 0x00000000eab00000)
  object space 44032K, 2% used [0x00000000c0000000,0x00000000c00f8be8,0x00000000c2b00000)
 Metaspace       used 11126K, capacity 11318K, committed 11520K, reserved 1058816K
  class space    used 1358K, capacity 1419K, committed 1536K, reserved 1048576K
}
Event: 3.436 GC heap before
{Heap before GC invocations=6 (full 0):
 PSYoungGen      total 35328K, used 35296K [0x00000000eab00000, 0x00000000ef200000, 0x0000000100000000)
  eden space 32768K, 100% used [0x00000000eab00000,0x00000000ecb00000,0x00000000ecb00000)
  from space 2560K, 98% used [0x00000000ecb00000,0x00000000ecd78020,0x00000000ecd80000)
  to   space 3584K, 0% used [0x00000000eee80000,0x00000000eee80000,0x00000000ef200000)
 ParOldGen       total 44032K, used 994K [0x00000000c0000000, 0x00000000c2b00000, 0x00000000eab00000)
  object space 44032K, 2% used [0x00000000c0000000,0x00000000c00f8be8,0x00000000c2b00000)
 Metaspace       used 11137K, capacity 11318K, committed 11520K, reserved 1058816K
  class space    used 1358K, capacity 1419K, committed 1536K, reserved 1048576K
Event: 3.447 GC heap after
Heap after GC invocations=6 (full 0):
 PSYoungGen      total 69120K, used 2752K [0x00000000eab00000, 0x00000000ef200000, 0x0000000100000000)
  eden space 65536K, 0% used [0x00000000eab00000,0x00000000eab00000,0x00000000eeb00000)
  from space 3584K, 76% used [0x00000000eee80000,0x00000000ef130020,0x00000000ef200000)
  to   space 3584K, 0% used [0x00000000eeb00000,0x00000000eeb00000,0x00000000eee80000)
 ParOldGen       total 44032K, used 1002K [0x00000000c0000000, 0x00000000c2b00000, 0x00000000eab00000)
  object space 44032K, 2% used [0x00000000c0000000,0x00000000c00fabe8,0x00000000c2b00000)
 Metaspace       used 11137K, capacity 11318K, committed 11520K, reserved 1058816K
  class space    used 1358K, capacity 1419K, committed 1536K, reserved 1048576K
}
Event: 3.686 GC heap before
{Heap before GC invocations=7 (full 0):
 PSYoungGen      total 69120K, used 68288K [0x00000000eab00000, 0x00000000ef200000, 0x0000000100000000)
  eden space 65536K, 100% used [0x00000000eab00000,0x00000000eeb00000,0x00000000eeb00000)
  from space 3584K, 76% used [0x00000000eee80000,0x00000000ef130020,0x00000000ef200000)
  to   space 3584K, 0% used [0x00000000eeb00000,0x00000000eeb00000,0x00000000eee80000)
 ParOldGen       total 44032K, used 1002K [0x00000000c0000000, 0x00000000c2b00000, 0x00000000eab00000)
  object space 44032K, 2% used [0x00000000c0000000,0x00000000c00fabe8,0x00000000c2b00000)
 Metaspace       used 11142K, capacity 11318K, committed 11520K, reserved 1058816K
  class space    used 1358K, capacity 1419K, committed 1536K, reserved 1048576K
Event: 3.696 GC heap after
Heap after GC invocations=7 (full 0):
 PSYoungGen      total 69120K, used 1696K [0x00000000eab00000, 0x00000000f3200000, 0x0000000100000000)
  eden space 65536K, 0% used [0x00000000eab00000,0x00000000eab00000,0x00000000eeb00000)
  from space 3584K, 47% used [0x00000000eeb00000,0x00000000eeca8000,0x00000000eee80000)
  to   space 3584K, 0% used [0x00000000f2e80000,0x00000000f2e80000,0x00000000f3200000)
 ParOldGen       total 44032K, used 2347K [0x00000000c0000000, 0x00000000c2b00000, 0x00000000eab00000)
  object space 44032K, 5% used [0x00000000c0000000,0x00000000c024ac38,0x00000000c2b00000)
 Metaspace       used 11142K, capacity 11318K, committed 11520K, reserved 1058816K
  class space    used 1358K, capacity 1419K, committed 1536K, reserved 1048576K
}

Deoptimization events (7 events):
Event: 0.977 Thread 0x000000000277e000 Uncommon trap: reason=class_check action=maybe_recompile pc=0x0000000002eefe58 method=java.lang.String.equals(Ljava/lang/Object;)Z @ 8
Event: 0.981 Thread 0x000000000277e000 Uncommon trap: reason=class_check action=maybe_recompile pc=0x0000000002eefe58 method=java.lang.String.equals(Ljava/lang/Object;)Z @ 8
Event: 1.000 Thread 0x000000000277e000 Uncommon trap: reason=class_check action=maybe_recompile pc=0x0000000002eefe58 method=java.lang.String.equals(Ljava/lang/Object;)Z @ 8
Event: 1.000 Thread 0x000000000277e000 Uncommon trap: reason=class_check action=maybe_recompile pc=0x0000000002eefe58 method=java.lang.String.equals(Ljava/lang/Object;)Z @ 8
Event: 2.981 Thread 0x0000000058297000 Uncommon trap: reason=unstable_if action=reinterpret pc=0x0000000002efe840 method=java.lang.CharacterData.of(I)Ljava/lang/CharacterData; @ 4
Event: 3.550 Thread 0x000000000277e000 Uncommon trap: reason=intrinsic action=make_not_entrant pc=0x00000000030cd5a8 method=BetterBoid.CalculateSeparationVector(Ljava/util/List;)V @ 61
Event: 3.553 Thread 0x000000000277e000 Uncommon trap: reason=intrinsic action=make_not_entrant pc=0x00000000030abe18 method=BetterBoid.CalculateSeparationVector(Ljava/util/List;)V @ 61

Internal exceptions (10 events):
Event: 0.087 Thread 0x000000000277e000 Exception <a 'java/lang/NoSuchMethodError': Method sun.misc.Unsafe.defineClass(Ljava/lang/String;[BII)Ljava/lang/Class; name or signature does not match> (0x00000000eab0dc80) thrown at [D:\re\workspace\8-2-build-windows-amd64-cygwin\jdk8u40\2855\hotspot\srcêX;k∂?
Event: 0.088 Thread 0x000000000277e000 Exception <a 'java/lang/NoSuchMethodError': Method sun.misc.Unsafe.prefetchRead(Ljava/lang/Object;J)V name or signature does not match> (0x00000000eab0df10) thrown at [D:\re\workspace\8-2-build-windows-amd64-cygwin\jdk8u40\2855\hotspot\src\share\vm\prims\jwj5zm
“?
Event: 0.282 Thread 0x000000000277e000 Exception <a 'java/security/PrivilegedActionException'> (0x00000000eac90fc8) thrown at [D:\re\workspace\8-2-build-windows-amd64-cygwin\jdk8u40\2855\hotspot\src\share\vm\prims\jvm.cpp, line 1382]
Event: 0.282 Thread 0x000000000277e000 Exception <a 'java/security/PrivilegedActionException'> (0x00000000eac91180) thrown at [D:\re\workspace\8-2-build-windows-amd64-cygwin\jdk8u40\2855\hotspot\src\share\vm\prims\jvm.cpp, line 1382]
Event: 0.283 Thread 0x000000000277e000 Exception <a 'java/security/PrivilegedActionException'> (0x00000000eac94f18) thrown at [D:\re\workspace\8-2-build-windows-amd64-cygwin\jdk8u40\2855\hotspot\src\share\vm\prims\jvm.cpp, line 1382]
Event: 0.283 Thread 0x000000000277e000 Exception <a 'java/security/PrivilegedActionException'> (0x00000000eac950d0) thrown at [D:\re\workspace\8-2-build-windows-amd64-cygwin\jdk8u40\2855\hotspot\src\share\vm\prims\jvm.cpp, line 1382]
Event: 0.329 Thread 0x000000000277e000 Exception <a 'java/io/FileNotFoundException'> (0x00000000eac972e0) thrown at [D:\re\workspace\8-2-build-windows-amd64-cygwin\jdk8u40\2855\hotspot\src\share\vm\prims\jni.cpp, line 709]
Event: 0.510 Thread 0x000000000277e000 Exception <a 'java/lang/NoSuchFieldError': method resolution failed> (0x00000000eadda3e0) thrown at [D:\re\workspace\8-2-build-windows-amd64-cygwin\jdk8u40\2855\hotspot\src\share\vm\prims\methodHandles.cpp, line 1125]
Event: 0.521 Thread 0x000000000277e000 Exception <a 'java/lang/NoSuchFieldError': method resolution failed> (0x00000000eade9108) thrown at [D:\re\workspace\8-2-build-windows-amd64-cygwin\jdk8u40\2855\hotspot\src\share\vm\prims\methodHandles.cpp, line 1125]
Event: 0.655 Thread 0x000000000277e000 Exception <a 'java/io/FileNotFoundException'> (0x00000000eaf04440) thrown at [D:\re\workspace\8-2-build-windows-amd64-cygwin\jdk8u40\2855\hotspot\src\share\vm\prims\jni.cpp, line 709]

Events (10 events):
Event: 3.546 Thread 0x000000000277e000 DEOPT PACKING pc=0x0000000002fbcb76 sp=0x0000000002a7e8c0
Event: 3.546 Thread 0x000000000277e000 DEOPT UNPACKING pc=0x0000000002d971bf sp=0x0000000002a7e698 mode 0
Event: 3.550 Thread 0x000000000277e000 Uncommon trap: trap_request=0xffffffcc fr.pc=0x00000000030cd5a8
Event: 3.550 Thread 0x000000000277e000 DEOPT PACKING pc=0x00000000030cd5a8 sp=0x0000000002a7e9a0
Event: 3.550 Thread 0x000000000277e000 DEOPT UNPACKING pc=0x0000000002d9556a sp=0x0000000002a7e908 mode 2
Event: 3.553 Thread 0x000000000277e000 Uncommon trap: trap_request=0xffffffcc fr.pc=0x00000000030abe18
Event: 3.553 Thread 0x000000000277e000 DEOPT PACKING pc=0x00000000030abe18 sp=0x0000000002a7e980
Event: 3.553 Thread 0x000000000277e000 DEOPT UNPACKING pc=0x0000000002d9556a sp=0x0000000002a7e908 mode 2
Event: 3.686 Executing VM operation: ParallelGCFailedAllocation
Event: 3.696 Executing VM operation: ParallelGCFailedAllocation done


Dynamic libraries:
0x000000013ffd0000 - 0x0000000140007000 	C:\Program Files\Java\jdk1.8.0_40\bin\java.exe
0x0000000077940000 - 0x0000000077ae9000 	C:\Windows\SYSTEM32\ntdll.dll
0x0000000077820000 - 0x000000007793f000 	C:\Windows\system32\kernel32.dll
0x000007fefdbf0000 - 0x000007fefdc5b000 	C:\Windows\system32\KERNELBASE.dll
0x000007feff900000 - 0x000007feff9db000 	C:\Windows\system32\ADVAPI32.dll
0x000007fefe600000 - 0x000007fefe69f000 	C:\Windows\system32\msvcrt.dll
0x000007feffc30000 - 0x000007feffc4f000 	C:\Windows\SYSTEM32\sechost.dll
0x000007feff730000 - 0x000007feff85d000 	C:\Windows\system32\RPCRT4.dll
0x0000000077720000 - 0x000000007781a000 	C:\Windows\system32\USER32.dll
0x000007fefdc60000 - 0x000007fefdcc7000 	C:\Windows\system32\GDI32.dll
0x000007feff9e0000 - 0x000007feff9ee000 	C:\Windows\system32\LPK.dll
0x000007fefe1d0000 - 0x000007fefe299000 	C:\Windows\system32\USP10.dll
0x000007fefbee0000 - 0x000007fefc0d4000 	C:\Windows\WinSxS\amd64_microsoft.windows.common-controls_6595b64144ccf1df_6.0.7601.17514_none_fa396087175ac9ac\COMCTL32.dll
0x000007fefe2a0000 - 0x000007fefe311000 	C:\Windows\system32\SHLWAPI.dll
0x000007feffc00000 - 0x000007feffc2e000 	C:\Windows\system32\IMM32.DLL
0x000007fefe070000 - 0x000007fefe179000 	C:\Windows\system32\MSCTF.dll
0x000007fefd6a0000 - 0x000007fefd71c000 	C:\Windows\system32\guard64.dll
0x0000000077b00000 - 0x0000000077b07000 	C:\Windows\system32\PSAPI.DLL
0x000007fefd690000 - 0x000007fefd69c000 	C:\Windows\system32\VERSION.dll
0x000007fefd680000 - 0x000007fefd689000 	C:\Windows\system32\fltlib.dll
0x0000000070be0000 - 0x0000000070cb2000 	C:\Program Files\Java\jdk1.8.0_40\jre\bin\msvcr100.dll
0x0000000066190000 - 0x0000000066a13000 	C:\Program Files\Java\jdk1.8.0_40\jre\bin\server\jvm.dll
0x000007fef2c00000 - 0x000007fef2c09000 	C:\Windows\system32\WSOCK32.dll
0x000007fefe180000 - 0x000007fefe1cd000 	C:\Windows\system32\WS2_32.dll
0x000007fefdee0000 - 0x000007fefdee8000 	C:\Windows\system32\NSI.dll
0x000007fefc6f0000 - 0x000007fefc72b000 	C:\Windows\system32\WINMM.dll
0x00000000735a0000 - 0x00000000735af000 	C:\Program Files\Java\jdk1.8.0_40\jre\bin\verify.dll
0x0000000073570000 - 0x0000000073599000 	C:\Program Files\Java\jdk1.8.0_40\jre\bin\java.dll
0x00000000718a0000 - 0x00000000718b6000 	C:\Program Files\Java\jdk1.8.0_40\jre\bin\zip.dll
0x000007fefe9a0000 - 0x000007feff728000 	C:\Windows\system32\SHELL32.dll
0x00000000560c0000 - 0x00000000562c3000 	C:\Windows\system32\ole32.dll
0x000007fefd880000 - 0x000007fefd88f000 	C:\Windows\system32\profapi.dll
0x000007fef5540000 - 0x000007fef5550000 	C:\Program Files (x86)\JetBrains\IntelliJ IDEA Community Edition 14.0.3\bin\breakgen64.dll
0x0000000071860000 - 0x000000007187a000 	C:\Program Files\Java\jdk1.8.0_40\jre\bin\net.dll
0x000007fefd050000 - 0x000007fefd0a5000 	C:\Windows\system32\mswsock.dll
0x000007fefd040000 - 0x000007fefd047000 	C:\Windows\System32\wship6.dll
0x00000000708a0000 - 0x0000000070a38000 	C:\Program Files\Java\jdk1.8.0_40\jre\bin\awt.dll
0x000007fefe320000 - 0x000007fefe3f7000 	C:\Windows\system32\OLEAUT32.dll
0x000007fefb970000 - 0x000007fefb9c6000 	C:\Windows\system32\uxtheme.dll
0x000007fefb850000 - 0x000007fefb868000 	C:\Windows\system32\dwmapi.dll
0x000007fefd7b0000 - 0x000007fefd7bf000 	C:\Windows\system32\CRYPTBASE.dll
0x0000000071810000 - 0x0000000071857000 	C:\Program Files\Java\jdk1.8.0_40\jre\bin\fontmanager.dll
0x000007feec290000 - 0x000007feec48f000 	C:\Windows\system32\d3d9.dll
0x000007fef5480000 - 0x000007fef5487000 	C:\Windows\system32\d3d8thk.dll
0x000007feebd20000 - 0x000007feec28d000 	C:\Windows\system32\atiumd64.dll
0x000007feeb870000 - 0x000007feebd13000 	C:\Windows\system32\atiumd6a.dll
0x0000000071880000 - 0x0000000071891000 	C:\Program Files\Java\jdk1.8.0_40\jre\bin\nio.dll
0x00000000717c0000 - 0x0000000071801000 	C:\Program Files\Java\jdk1.8.0_40\jre\bin\t2k.dll
0x0000000071790000 - 0x00000000717ba000 	C:\Program Files\Java\jdk1.8.0_40\jre\bin\dcpr.dll
0x000007fefc730000 - 0x000007fefc855000 	C:\Windows\system32\dbghelp.dll

VM Arguments:
jvm_args: -Didea.launcher.port=7535 -Didea.launcher.bin.path=C:\Program Files (x86)\JetBrains\IntelliJ IDEA Community Edition 14.0.3\bin -Dfile.encoding=UTF-8 
java_command: com.intellij.rt.execution.application.AppMain GUI
java_class_path (initial): C:\Program Files\Java\jdk1.8.0_40\jre\lib\charsets.jar;C:\Program Files\Java\jdk1.8.0_40\jre\lib\deploy.jar;C:\Program Files\Java\jdk1.8.0_40\jre\lib\javaws.jar;C:\Program Files\Java\jdk1.8.0_40\jre\lib\jce.jar;C:\Program Files\Java\jdk1.8.0_40\jre\lib\jfr.jar;C:\Program Files\Java\jdk1.8.0_40\jre\lib\jfxswt.jar;C:\Program Files\Java\jdk1.8.0_40\jre\lib\jsse.jar;C:\Program Files\Java\jdk1.8.0_40\jre\lib\management-agent.jar;C:\Program Files\Java\jdk1.8.0_40\jre\lib\plugin.jar;C:\Program Files\Java\jdk1.8.0_40\jre\lib\resources.jar;C:\Program Files\Java\jdk1.8.0_40\jre\lib\rt.jar;C:\Program Files\Java\jdk1.8.0_40\jre\lib\ext\access-bridge-64.jar;C:\Program Files\Java\jdk1.8.0_40\jre\lib\ext\cldrdata.jar;C:\Program Files\Java\jdk1.8.0_40\jre\lib\ext\dnsns.jar;C:\Program Files\Java\jdk1.8.0_40\jre\lib\ext\jaccess.jar;C:\Program Files\Java\jdk1.8.0_40\jre\lib\ext\jfxrt.jar;C:\Program Files\Java\jdk1.8.0_40\jre\lib\ext\localedata.jar;C:\Program Files\Java\jdk1.8.0_40\jre\lib\ext\nashorn.jar;C:\Program Files\Java\jdk1.8.0_40\jre\lib\ext\sunec.jar;C:\Program Files\Java\jdk1.8.0_40\jre\lib\ext\sunjce_provider.jar;C:\Program Files\Java\jdk1.8.0_40\jre\lib\ext\sunmscapi.jar;C:\Program Files\Java\jdk1.8.0_40\jre\lib\ext\sunpkcs11.jar;C:\Program Files\Java\jdk1.8.0_40\jre\lib\ext\zipfs.jar;C:\Users\pc\Documents\GitHub\BoidSim\out\production\BoidSim;C:\Program Files (x86)\JetBrains\IntelliJ IDEA Community Edition 14.0.3\lib\idea_rt.jar
Launcher Type: SUN_STANDARD

Environment Variables:
PATH=C:\ProgramData\Oracle\Java\javapath;C:\Windows\system32;C:\Windows;C:\Windows\System32\Wbem;C:\Windows\System32\WindowsPowerShell\v1.0\;C:\Program Files\Java\jdk1.8.0_40\bin
USERNAME=pc
OS=Windows_NT
PROCESSOR_IDENTIFIER=Intel64 Family 6 Model 23 Stepping 10, GenuineIntel



---------------  S Y S T E M  ---------------

OS: Windows 7 , 64 bit Build 7601 (6.1.7601.17514)

CPU:total 2 (2 cores per cpu, 1 threads per core) family 6 model 23 stepping 10, cmov, cx8, fxsr, mmx, sse, sse2, sse3, ssse3, tsc

Memory: 4k page, physical 4192688k(1243252k free), swap 8383532k(3869384k free)

vm_info: Java HotSpot(TM) 64-Bit Server VM (25.40-b25) for windows-amd64 JRE (1.8.0_40-b25), built on Feb 10 2015 21:53:57 by "java_re" with MS VC++ 10.0 (VS2010)

time: Sat Mar 28 12:34:19 2015
elapsed time: 4 seconds (0d 0h 0m 4s)

