#
# A fatal error has been detected by the Java Runtime Environment:
#
#  EXCEPTION_ACCESS_VIOLATION (0xc0000005) at pc=0xffffffffa3bc5120, pid=4604, tid=5036
#
# JRE version: Java(TM) SE Runtime Environment (8.0_40-b25) (build 1.8.0_40-b25)
# Java VM: Java HotSpot(TM) 64-Bit Server VM (25.40-b25 mixed mode windows-amd64 compressed oops)
# Problematic frame:
# C  0xffffffffa3bc5120
#
# Failed to write core dump. Minidumps are not enabled by default on client versions of Windows
#
# If you would like to submit a bug report, please visit:
#   http://bugreport.java.com/bugreport/crash.jsp
#

---------------  T H R E A D  ---------------

Current thread (0x000000000220e000):  JavaThread "main" [_thread_in_Java, id=5036, stack(0x0000000002760000,0x0000000002860000)]

siginfo: ExceptionCode=0xc0000005, ExceptionInformation=0x0000000000000008 0xffffffffa3bc5120

Registers:
RAX=0x00000000549f3710, RBX=0x00000000549f3710, RCX=0x00000000eb09c500, RDX=0x00000000eb09c500
RSP=0x000000000285ed68, RBP=0x000000000285edd0, RSI=0x0000000000200021, RDI=0x00000000000255a0
R8 =0x0000acf0817fccef, R9 =0x0000000000000010, R10=0x000000006b4ebba0, R11=0x0000000002dc9100
R12=0x0000000000000000, R13=0x000000000285ed80, R14=0x0000000000000000, R15=0x000000000220e000
RIP=0xffffffffa3bc5120, EFLAGS=0x0000000000010202

Top of Stack: (sp=0x000000000285ed68)
0x000000000285ed68:   0000000002bc76c0 000000000285edd0
0x000000000285ed78:   0000000002bc76c0 00000000eb09c500
0x000000000285ed88:   00000000eb09c4e0 000000000285ed90
0x000000000285ed98:   0000000054d5bc86 000000000285edf0
0x000000000285eda8:   0000000054d5c100 0000000000000000
0x000000000285edb8:   0000000054d5bcc8 000000000285ed80
0x000000000285edc8:   000000000285ede0 000000000285ee40
0x000000000285edd8:   0000000002bc7a01 00000000eb09c510
0x000000000285ede8:   00000000eb09c500 00000000eb09c4e0
0x000000000285edf8:   00000000eb09c4e0 000000000285ee00
0x000000000285ee08:   0000000054d5b297 000000000285ee68
0x000000000285ee18:   0000000054d5b460 0000000000000000
0x000000000285ee28:   0000000054d5b300 000000000285ede0
0x000000000285ee38:   000000000285ee60 000000000285eeb8
0x000000000285ee48:   0000000002bc7790 0000000000000000
0x000000000285ee58:   00000000eb09c4a8 00000000000002d0 

Instructions: (pc=0xffffffffa3bc5120)
0xffffffffa3bc5100:   
[error occurred during error reporting (printing registers, top of stack, instructions near pc), id 0xc0000005]

Register to memory mapping:

RAX={method} {0x00000000549f3718} 'doubleValue' '()D' in 'java/lang/Integer'
RBX={method} {0x00000000549f3718} 'doubleValue' '()D' in 'java/lang/Integer'
RCX=0x00000000eb09c500 is an oop
java.lang.Integer 
 - klass: 'java/lang/Integer'
RDX=0x00000000eb09c500 is an oop
java.lang.Integer 
 - klass: 'java/lang/Integer'
RSP=0x000000000285ed68 is pointing into the stack for thread: 0x000000000220e000
RBP=0x000000000285edd0 is pointing into the stack for thread: 0x000000000220e000
RSI=0x0000000000200021 is an unknown value
RDI=0x00000000000255a0 is an unknown value
R8 =0x0000acf0817fccef is an unknown value
R9 =0x0000000000000010 is an unknown value
R10=0x000000006b4ebba0 is an unknown value
R11=0x0000000002dc9100 is at entry_point+32 in (nmethod*)0x0000000002dc8f90
R12=0x0000000000000000 is an unknown value
R13=0x000000000285ed80 is pointing into the stack for thread: 0x000000000220e000
R14=0x0000000000000000 is an unknown value
R15=0x000000000220e000 is a thread


Stack: [0x0000000002760000,0x0000000002860000],  sp=0x000000000285ed68,  free space=1019k
Native frames: (J=compiled Java code, j=interpreted, Vv=VM code, C=native code)
C  0xffffffffa3bc5120


---------------  P R O C E S S  ---------------

Java Threads: ( => current thread )
  0x0000000057fa1800 JavaThread "D3D Screen Updater" daemon [_thread_blocked, id=1896, stack(0x000000005c2a0000,0x000000005c3a0000)]
  0x0000000057f68000 JavaThread "AWT-EventQueue-0" [_thread_blocked, id=4772, stack(0x000000005b510000,0x000000005b610000)]
  0x0000000056b4b000 JavaThread "Image Fetcher 0" daemon [_thread_blocked, id=3776, stack(0x0000000058860000,0x0000000058960000)]
  0x0000000056b43000 JavaThread "AWT-Windows" daemon [_thread_in_native, id=4708, stack(0x0000000057300000,0x0000000057400000)]
  0x0000000056b39000 JavaThread "AWT-Shutdown" [_thread_blocked, id=6080, stack(0x0000000056e40000,0x0000000056f40000)]
  0x0000000056b32000 JavaThread "Java2D Disposer" daemon [_thread_blocked, id=4876, stack(0x00000000570a0000,0x00000000571a0000)]
  0x0000000056803800 JavaThread "Monitor Ctrl-Break" daemon [_thread_in_native, id=5212, stack(0x0000000056d10000,0x0000000056e10000)]
  0x0000000056760800 JavaThread "Service Thread" daemon [_thread_blocked, id=1836, stack(0x0000000056b80000,0x0000000056c80000)]
  0x0000000055344800 JavaThread "C1 CompilerThread1" daemon [_thread_blocked, id=2960, stack(0x0000000056660000,0x0000000056760000)]
  0x00000000552ea800 JavaThread "C2 CompilerThread0" daemon [_thread_blocked, id=4288, stack(0x0000000056400000,0x0000000056500000)]
  0x00000000552e8800 JavaThread "Attach Listener" daemon [_thread_blocked, id=4308, stack(0x0000000056230000,0x0000000056330000)]
  0x00000000552e7800 JavaThread "Signal Dispatcher" daemon [_thread_blocked, id=5396, stack(0x0000000056130000,0x0000000056230000)]
  0x000000005528c000 JavaThread "Finalizer" daemon [_thread_blocked, id=5756, stack(0x0000000055dc0000,0x0000000055ec0000)]
  0x0000000055283000 JavaThread "Reference Handler" daemon [_thread_blocked, id=4964, stack(0x0000000055ed0000,0x0000000055fd0000)]
=>0x000000000220e000 JavaThread "main" [_thread_in_Java, id=5036, stack(0x0000000002760000,0x0000000002860000)]

Other Threads:
  0x000000005527d800 VMThread [stack: 0x0000000055c30000,0x0000000055d30000] [id=4896]
  0x0000000056761800 WatcherThread [stack: 0x0000000056530000,0x0000000056630000] [id=4848]

VM state:not at safepoint (normal execution)

VM Mutex/Monitor currently owned by a thread: None

Heap:
 PSYoungGen      total 18944K, used 6235K [0x00000000eab00000, 0x00000000ec000000, 0x0000000100000000)
  eden space 16384K, 38% used [0x00000000eab00000,0x00000000eb116e00,0x00000000ebb00000)
  from space 2560K, 0% used [0x00000000ebd80000,0x00000000ebd80000,0x00000000ec000000)
  to   space 2560K, 0% used [0x00000000ebb00000,0x00000000ebb00000,0x00000000ebd80000)
 ParOldGen       total 44032K, used 0K [0x00000000c0000000, 0x00000000c2b00000, 0x00000000eab00000)
  object space 44032K, 0% used [0x00000000c0000000,0x00000000c0000000,0x00000000c2b00000)
 Metaspace       used 10062K, capacity 10250K, committed 10624K, reserved 1058816K
  class space    used 1240K, capacity 1321K, committed 1408K, reserved 1048576K

Card table byte_map: [0x0000000011f80000,0x0000000012190000] byte_map_base: 0x0000000011980000

Marking Bits: (ParMarkBitMap*) 0x000000006b504040
 Begin Bits: [0x0000000012750000, 0x0000000013750000)
 End Bits:   [0x0000000013750000, 0x0000000014750000)

Polling page: 0x0000000002240000

CodeCache: size=245760Kb used=2097Kb max_used=2097Kb free=243662Kb
 bounds [0x0000000002bc0000, 0x0000000002e30000, 0x0000000011bc0000]
 total_blobs=971 nmethods=492 adapters=394
 compilation: enabled

Compilation events (10 events):
Event: 3.108 Thread 0x0000000055344800 nmethod 487 0x0000000002dc8cd0 code [0x0000000002dc8e20, 0x0000000002dc8f30]
Event: 3.109 Thread 0x0000000055344800  488       3       java.lang.Integer::doubleValue (6 bytes)
Event: 3.109 Thread 0x0000000055344800 nmethod 488 0x0000000002dc8f90 code [0x0000000002dc90e0, 0x0000000002dc9230]
Event: 3.109 Thread 0x0000000055344800  489       3       java.lang.Double::isNaN (12 bytes)
Event: 3.109 Thread 0x0000000055344800 nmethod 489 0x0000000002dc9290 code [0x0000000002dc93e0, 0x0000000002dc9590]
Event: 3.109 Thread 0x0000000055344800  490       3       java.lang.Double::isFinite (17 bytes)
Event: 3.109 Thread 0x0000000055344800 nmethod 490 0x0000000002dc9610 code [0x0000000002dc97a0, 0x0000000002dc9970]
Event: 3.110 Thread 0x0000000055344800  491       1       java.lang.Integer::doubleValue (6 bytes)
Event: 3.110 Thread 0x0000000055344800 nmethod 491 0x0000000002dc99d0 code [0x0000000002dc9b20, 0x0000000002dc9c30]
Event: 3.110 Thread 0x0000000055344800  492   !   3       polar_vector::<init> (98 bytes)

GC Heap History (0 events):
No events

Deoptimization events (4 events):
Event: 1.235 Thread 0x000000000220e000 Uncommon trap: reason=class_check action=maybe_recompile pc=0x0000000002d5e718 method=java.lang.String.equals(Ljava/lang/Object;)Z @ 8
Event: 1.239 Thread 0x000000000220e000 Uncommon trap: reason=class_check action=maybe_recompile pc=0x0000000002d5e718 method=java.lang.String.equals(Ljava/lang/Object;)Z @ 8
Event: 1.261 Thread 0x000000000220e000 Uncommon trap: reason=class_check action=maybe_recompile pc=0x0000000002d5e718 method=java.lang.String.equals(Ljava/lang/Object;)Z @ 8
Event: 1.263 Thread 0x000000000220e000 Uncommon trap: reason=class_check action=maybe_recompile pc=0x0000000002d5e718 method=java.lang.String.equals(Ljava/lang/Object;)Z @ 8

Internal exceptions (10 events):
Event: 0.109 Thread 0x000000000220e000 Exception <a 'java/lang/NoSuchMethodError': Method sun.misc.Unsafe.defineClass(Ljava/lang/String;[BII)Ljava/lang/Class; name or signature does not match> (0x00000000eab0dc80) thrown at [D:\re\workspace\8-2-build-windows-amd64-cygwin\jdk8u40\2855\hotspot\sr[џомМ?
Event: 0.109 Thread 0x000000000220e000 Exception <a 'java/lang/NoSuchMethodError': Method sun.misc.Unsafe.prefetchRead(Ljava/lang/Object;J)V name or signature does not match> (0x00000000eab0df10) thrown at [D:\re\workspace\8-2-build-windows-amd64-cygwin\jdk8u40\2855\hotspot\src\share\vm\prims\j|;зрmZр?
Event: 0.511 Thread 0x000000000220e000 Exception <a 'java/security/PrivilegedActionException'> (0x00000000eac91030) thrown at [D:\re\workspace\8-2-build-windows-amd64-cygwin\jdk8u40\2855\hotspot\src\share\vm\prims\jvm.cpp, line 1382]
Event: 0.511 Thread 0x000000000220e000 Exception <a 'java/security/PrivilegedActionException'> (0x00000000eac911e8) thrown at [D:\re\workspace\8-2-build-windows-amd64-cygwin\jdk8u40\2855\hotspot\src\share\vm\prims\jvm.cpp, line 1382]
Event: 0.521 Thread 0x000000000220e000 Exception <a 'java/security/PrivilegedActionException'> (0x00000000eac94f80) thrown at [D:\re\workspace\8-2-build-windows-amd64-cygwin\jdk8u40\2855\hotspot\src\share\vm\prims\jvm.cpp, line 1382]
Event: 0.521 Thread 0x000000000220e000 Exception <a 'java/security/PrivilegedActionException'> (0x00000000eac95138) thrown at [D:\re\workspace\8-2-build-windows-amd64-cygwin\jdk8u40\2855\hotspot\src\share\vm\prims\jvm.cpp, line 1382]
Event: 0.555 Thread 0x000000000220e000 Exception <a 'java/io/FileNotFoundException'> (0x00000000eac97348) thrown at [D:\re\workspace\8-2-build-windows-amd64-cygwin\jdk8u40\2855\hotspot\src\share\vm\prims\jni.cpp, line 709]
Event: 0.746 Thread 0x000000000220e000 Exception <a 'java/lang/NoSuchFieldError': method resolution failed> (0x00000000eadd9980) thrown at [D:\re\workspace\8-2-build-windows-amd64-cygwin\jdk8u40\2855\hotspot\src\share\vm\prims\methodHandles.cpp, line 1125]
Event: 0.760 Thread 0x000000000220e000 Exception <a 'java/lang/NoSuchFieldError': method resolution failed> (0x00000000eade8430) thrown at [D:\re\workspace\8-2-build-windows-amd64-cygwin\jdk8u40\2855\hotspot\src\share\vm\prims\methodHandles.cpp, line 1125]
Event: 0.980 Thread 0x000000000220e000 Exception <a 'java/io/FileNotFoundException'> (0x00000000eaf037c8) thrown at [D:\re\workspace\8-2-build-windows-amd64-cygwin\jdk8u40\2855\hotspot\src\share\vm\prims\jni.cpp, line 709]

Events (10 events):
Event: 3.093 loading class Drawable
Event: 3.093 loading class Drawable done
Event: 3.097 loading class polar_vector
Event: 3.097 loading class polar_vector done
Event: 3.105 loading class Boid_Maths
Event: 3.105 loading class Boid_Maths done
Event: 3.107 loading class java/util/Random
Event: 3.107 loading class java/util/Random done
Event: 3.108 loading class cartesian_point
Event: 3.108 loading class cartesian_point done


Dynamic libraries:
0x000000013f7c0000 - 0x000000013f7f7000 	C:\Program Files\Java\jdk1.8.0_40\bin\java.exe
0x0000000076cc0000 - 0x0000000076e69000 	C:\Windows\SYSTEM32\ntdll.dll
0x0000000076aa0000 - 0x0000000076bbf000 	C:\Windows\system32\kernel32.dll
0x000007fefccc0000 - 0x000007fefcd2b000 	C:\Windows\system32\KERNELBASE.dll
0x000007fefea80000 - 0x000007fefeb5b000 	C:\Windows\system32\ADVAPI32.dll
0x000007fefeb60000 - 0x000007fefebff000 	C:\Windows\system32\msvcrt.dll
0x000007fefda70000 - 0x000007fefda8f000 	C:\Windows\SYSTEM32\sechost.dll
0x000007fefee10000 - 0x000007fefef3d000 	C:\Windows\system32\RPCRT4.dll
0x0000000076bc0000 - 0x0000000076cba000 	C:\Windows\system32\USER32.dll
0x000007fefd8d0000 - 0x000007fefd937000 	C:\Windows\system32\GDI32.dll
0x000007fefefc0000 - 0x000007fefefce000 	C:\Windows\system32\LPK.dll
0x000007fefd340000 - 0x000007fefd409000 	C:\Windows\system32\USP10.dll
0x000007fefb5c0000 - 0x000007fefb7b4000 	C:\Windows\WinSxS\amd64_microsoft.windows.common-controls_6595b64144ccf1df_6.0.7601.17514_none_fa396087175ac9ac\COMCTL32.dll
0x000007fefda90000 - 0x000007fefdb01000 	C:\Windows\system32\SHLWAPI.dll
0x000007fefd8a0000 - 0x000007fefd8ce000 	C:\Windows\system32\IMM32.DLL
0x000007fefd010000 - 0x000007fefd119000 	C:\Windows\system32\MSCTF.dll
0x000007fefca10000 - 0x000007fefca8c000 	C:\Windows\system32\guard64.dll
0x0000000076e90000 - 0x0000000076e97000 	C:\Windows\system32\PSAPI.DLL
0x000007fefc9e0000 - 0x000007fefc9ec000 	C:\Windows\system32\VERSION.dll
0x000007fefc9d0000 - 0x000007fefc9d9000 	C:\Windows\system32\fltlib.dll
0x0000000073f10000 - 0x0000000073fe2000 	C:\Program Files\Java\jdk1.8.0_40\jre\bin\msvcr100.dll
0x000000006ad00000 - 0x000000006b583000 	C:\Program Files\Java\jdk1.8.0_40\jre\bin\server\jvm.dll
0x000007fef2150000 - 0x000007fef2159000 	C:\Windows\system32\WSOCK32.dll
0x000007fefd7b0000 - 0x000007fefd7fd000 	C:\Windows\system32\WS2_32.dll
0x000007fefd000000 - 0x000007fefd008000 	C:\Windows\system32\NSI.dll
0x000007fefb580000 - 0x000007fefb5bb000 	C:\Windows\system32\WINMM.dll
0x0000000073f00000 - 0x0000000073f0f000 	C:\Program Files\Java\jdk1.8.0_40\jre\bin\verify.dll
0x0000000073ed0000 - 0x0000000073ef9000 	C:\Program Files\Java\jdk1.8.0_40\jre\bin\java.dll
0x0000000073eb0000 - 0x0000000073ec6000 	C:\Program Files\Java\jdk1.8.0_40\jre\bin\zip.dll
0x000007fefdcf0000 - 0x000007fefea78000 	C:\Windows\system32\SHELL32.dll
0x000007fefec00000 - 0x000007fefee03000 	C:\Windows\system32\ole32.dll
0x000007fefcc00000 - 0x000007fefcc0f000 	C:\Windows\system32\profapi.dll
0x000007fef8680000 - 0x000007fef8690000 	C:\Program Files (x86)\JetBrains\IntelliJ IDEA Community Edition 14.0.3\bin\breakgen64.dll
0x0000000073e70000 - 0x0000000073e8a000 	C:\Program Files\Java\jdk1.8.0_40\jre\bin\net.dll
0x000007fefc350000 - 0x000007fefc3a5000 	C:\Windows\system32\mswsock.dll
0x000007fefc510000 - 0x000007fefc517000 	C:\Windows\System32\wship6.dll
0x00000000709d0000 - 0x0000000070b68000 	C:\Program Files\Java\jdk1.8.0_40\jre\bin\awt.dll
0x000007fefd410000 - 0x000007fefd4e7000 	C:\Windows\system32\OLEAUT32.dll
0x000007fefacf0000 - 0x000007fefad46000 	C:\Windows\system32\uxtheme.dll
0x000007fefabd0000 - 0x000007fefabe8000 	C:\Windows\system32\dwmapi.dll
0x000007fefcb30000 - 0x000007fefcb3f000 	C:\Windows\system32\CRYPTBASE.dll
0x0000000073b00000 - 0x0000000073b47000 	C:\Program Files\Java\jdk1.8.0_40\jre\bin\fontmanager.dll
0x000007feeda30000 - 0x000007feedc2f000 	C:\Windows\system32\d3d9.dll
0x000007fef8700000 - 0x000007fef8707000 	C:\Windows\system32\d3d8thk.dll
0x000007feebd80000 - 0x000007feec2ed000 	C:\Windows\system32\atiumd64.dll
0x000007feeb8d0000 - 0x000007feebd73000 	C:\Windows\system32\atiumd6a.dll
0x0000000073d00000 - 0x0000000073d11000 	C:\Program Files\Java\jdk1.8.0_40\jre\bin\nio.dll
0x0000000073ab0000 - 0x0000000073af1000 	C:\Program Files\Java\jdk1.8.0_40\jre\bin\t2k.dll
0x000007fefb7c0000 - 0x000007fefb8e5000 	C:\Windows\system32\dbghelp.dll

VM Arguments:
jvm_args: -Didea.launcher.port=7545 -Didea.launcher.bin.path=C:\Program Files (x86)\JetBrains\IntelliJ IDEA Community Edition 14.0.3\bin -Dfile.encoding=UTF-8 
java_command: com.intellij.rt.execution.application.AppMain GUI
java_class_path (initial): C:\Program Files\Java\jdk1.8.0_40\jre\lib\charsets.jar;C:\Program Files\Java\jdk1.8.0_40\jre\lib\deploy.jar;C:\Program Files\Java\jdk1.8.0_40\jre\lib\javaws.jar;C:\Program Files\Java\jdk1.8.0_40\jre\lib\jce.jar;C:\Program Files\Java\jdk1.8.0_40\jre\lib\jfr.jar;C:\Program Files\Java\jdk1.8.0_40\jre\lib\jfxswt.jar;C:\Program Files\Java\jdk1.8.0_40\jre\lib\jsse.jar;C:\Program Files\Java\jdk1.8.0_40\jre\lib\management-agent.jar;C:\Program Files\Java\jdk1.8.0_40\jre\lib\plugin.jar;C:\Program Files\Java\jdk1.8.0_40\jre\lib\resources.jar;C:\Program Files\Java\jdk1.8.0_40\jre\lib\rt.jar;C:\Program Files\Java\jdk1.8.0_40\jre\lib\ext\access-bridge-64.jar;C:\Program Files\Java\jdk1.8.0_40\jre\lib\ext\cldrdata.jar;C:\Program Files\Java\jdk1.8.0_40\jre\lib\ext\dnsns.jar;C:\Program Files\Java\jdk1.8.0_40\jre\lib\ext\jaccess.jar;C:\Program Files\Java\jdk1.8.0_40\jre\lib\ext\jfxrt.jar;C:\Program Files\Java\jdk1.8.0_40\jre\lib\ext\localedata.jar;C:\Program Files\Java\jdk1.8.0_40\jre\lib\ext\nashorn.jar;C:\Program Files\Java\jdk1.8.0_40\jre\lib\ext\sunec.jar;C:\Program Files\Java\jdk1.8.0_40\jre\lib\ext\sunjce_provider.jar;C:\Program Files\Java\jdk1.8.0_40\jre\lib\ext\sunmscapi.jar;C:\Program Files\Java\jdk1.8.0_40\jre\lib\ext\sunpkcs11.jar;C:\Program Files\Java\jdk1.8.0_40\jre\lib\ext\zipfs.jar;C:\Users\pc\Documents\GitHub\BoidSim\out\production\BoidSim;C:\Program Files (x86)\JetBrains\IntelliJ IDEA Community Edition 14.0.3\lib\idea_rt.jar
Launcher Type: SUN_STANDARD

Environment Variables:
PATH=C:\ProgramData\Oracle\Java\javapath;C:\Windows\system32;C:\Windows;C:\Windows\System32\Wbem;C:\Windows\System32\WindowsPowerShell\v1.0\;C:\Program Files\Java\jdk1.8.0_40\bin
USERNAME=pc
OS=Windows_NT
PROCESSOR_IDENTIFIER=Intel64 Family 6 Model 23 Stepping 10, GenuineIntel



---------------  S Y S T E M  ---------------

OS: Windows 7 , 64 bit Build 7601 (6.1.7601.17514)

CPU:total 2 (2 cores per cpu, 1 threads per core) family 6 model 23 stepping 10, cmov, cx8, fxsr, mmx, sse, sse2, sse3, ssse3, tsc

Memory: 4k page, physical 4192688k(1671264k free), swap 8383532k(4954548k free)

vm_info: Java HotSpot(TM) 64-Bit Server VM (25.40-b25) for windows-amd64 JRE (1.8.0_40-b25), built on Feb 10 2015 21:53:57 by "java_re" with MS VC++ 10.0 (VS2010)

time: Thu Mar 26 11:35:40 2015
elapsed time: 3 seconds (0d 0h 0m 3s)

