#
# A fatal error has been detected by the Java Runtime Environment:
#
#  EXCEPTION_ACCESS_VIOLATION (0xc0000005) at pc=0xffffffffa3da5120, pid=328, tid=1048
#
# JRE version: Java(TM) SE Runtime Environment (8.0_40-b25) (build 1.8.0_40-b25)
# Java VM: Java HotSpot(TM) 64-Bit Server VM (25.40-b25 mixed mode windows-amd64 compressed oops)
# Problematic frame:
# C  0xffffffffa3da5120
#
# Failed to write core dump. Minidumps are not enabled by default on client versions of Windows
#
# If you would like to submit a bug report, please visit:
#   http://bugreport.java.com/bugreport/crash.jsp
#

---------------  T H R E A D  ---------------

Current thread (0x000000000281e000):  JavaThread "main" [_thread_in_Java, id=1048, stack(0x00000000029d0000,0x0000000002ad0000)]

siginfo: ExceptionCode=0xc0000005, ExceptionInformation=0x0000000000000008 0xffffffffa3da5120

Registers:
RAX=0x0000000054bd7c40, RBX=0x0000000054bd7c40, RCX=0x00000000eaf6fba8, RDX=0x00000000eaf6fba8
RSP=0x0000000002acd758, RBP=0x0000000002acd7b8, RSI=0x000000000000023b, RDI=0x0000000000000108
R8 =0x0000000000001634, R9 =0x000000000267f8d0, R10=0x000000006eacbba0, R11=0x0000000002f62640
R12=0x0000000000000000, R13=0x0000000002acd768, R14=0x00000000551cf880, R15=0x000000000281e000
RIP=0xffffffffa3da5120, EFLAGS=0x0000000000010206

Top of Stack: (sp=0x0000000002acd758)
0x0000000002acd758:   0000000002da71e0 0000000002da71e0
0x0000000002acd768:   0000000000001634 00000000eaf6fba8
0x0000000002acd778:   0000000002acd778 0000000054bdb55a
0x0000000002acd788:   0000000002acd7d0 0000000054be0040
0x0000000002acd798:   00000000551cf880 0000000054bdb570
0x0000000002acd7a8:   0000000002acd768 0000000002acd7c8
0x0000000002acd7b8:   0000000002acd818 0000000002da72b0
0x0000000002acd7c8:   0000000000001634 00000000eaf6fba8
0x0000000002acd7d8:   0000000002acd7d8 00000000551ce8e4
0x0000000002acd7e8:   0000000002acd828 00000000551cf1e8
0x0000000002acd7f8:   00000000551cfba8 00000000551ce8f0
0x0000000002acd808:   0000000002acd7c8 0000000002acd828
0x0000000002acd818:   0000000002acd870 0000000002da72b0
0x0000000002acd828:   00000000eaf71ff8 0000000002acd830
0x0000000002acd838:   00000000551cd8e0 0000000002acd8c8
0x0000000002acd848:   00000000551cdb50 0000000000000000 

Instructions: (pc=0xffffffffa3da5120)
0xffffffffa3da5100:   
[error occurred during error reporting (printing registers, top of stack, instructions near pc), id 0xc0000005]

Register to memory mapping:

RAX={method} {0x0000000054bd7c48} '_get' '(I)B' in 'java/nio/HeapByteBuffer'
RBX={method} {0x0000000054bd7c48} '_get' '(I)B' in 'java/nio/HeapByteBuffer'
RCX=0x00000000eaf6fba8 is an oop
java.nio.HeapByteBuffer 
 - klass: 'java/nio/HeapByteBuffer'
RDX=0x00000000eaf6fba8 is an oop
java.nio.HeapByteBuffer 
 - klass: 'java/nio/HeapByteBuffer'
RSP=0x0000000002acd758 is pointing into the stack for thread: 0x000000000281e000
RBP=0x0000000002acd7b8 is pointing into the stack for thread: 0x000000000281e000
RSI=0x000000000000023b is an unknown value
RDI=0x0000000000000108 is an unknown value
R8 =0x0000000000001634 is an unknown value
R9 =0x000000000267f8d0 is an unknown value
R10=0x000000006eacbba0 is an unknown value
R11=0x0000000002f62640 is at entry_point+32 in (nmethod*)0x0000000002f624d0
R12=0x0000000000000000 is an unknown value
R13=0x0000000002acd768 is pointing into the stack for thread: 0x000000000281e000
R14=0x00000000551cf880 is pointing into metadata
R15=0x000000000281e000 is a thread


Stack: [0x00000000029d0000,0x0000000002ad0000],  sp=0x0000000002acd758,  free space=1013k
Native frames: (J=compiled Java code, j=interpreted, Vv=VM code, C=native code)
C  0xffffffffa3da5120


---------------  P R O C E S S  ---------------

Java Threads: ( => current thread )
  0x0000000056cb7000 JavaThread "Image Fetcher 0" daemon [_thread_blocked, id=5804, stack(0x0000000058440000,0x0000000058540000)]
  0x0000000056caa000 JavaThread "AWT-Windows" daemon [_thread_in_native, id=4652, stack(0x0000000057650000,0x0000000057750000)]
  0x0000000056cc5000 JavaThread "AWT-Shutdown" [_thread_blocked, id=4448, stack(0x0000000057170000,0x0000000057270000)]
  0x0000000056cbe000 JavaThread "Java2D Disposer" daemon [_thread_blocked, id=4888, stack(0x00000000574d0000,0x00000000575d0000)]
  0x00000000569fc000 JavaThread "Monitor Ctrl-Break" daemon [_thread_in_native, id=1844, stack(0x0000000057300000,0x0000000057400000)]
  0x0000000056950800 JavaThread "Service Thread" daemon [_thread_blocked, id=5932, stack(0x0000000056dc0000,0x0000000056ec0000)]
  0x0000000055481000 JavaThread "C1 CompilerThread1" daemon [_thread_blocked, id=4348, stack(0x0000000056850000,0x0000000056950000)]
  0x000000005542a800 JavaThread "C2 CompilerThread0" daemon [_thread_blocked, id=492, stack(0x0000000055e90000,0x0000000055f90000)]
  0x0000000055428800 JavaThread "Attach Listener" daemon [_thread_blocked, id=4604, stack(0x0000000056620000,0x0000000056720000)]
  0x0000000055427800 JavaThread "Signal Dispatcher" daemon [_thread_blocked, id=5752, stack(0x0000000056500000,0x0000000056600000)]
  0x00000000553cc000 JavaThread "Finalizer" daemon [_thread_blocked, id=4676, stack(0x00000000561a0000,0x00000000562a0000)]
  0x00000000553c3000 JavaThread "Reference Handler" daemon [_thread_blocked, id=616, stack(0x0000000056050000,0x0000000056150000)]
=>0x000000000281e000 JavaThread "main" [_thread_in_Java, id=1048, stack(0x00000000029d0000,0x0000000002ad0000)]

Other Threads:
  0x00000000553bd800 VMThread [stack: 0x0000000055d60000,0x0000000055e60000] [id=5128]
  0x0000000056951800 WatcherThread [stack: 0x0000000057020000,0x0000000057120000] [id=4840]

VM state:not at safepoint (normal execution)

VM Mutex/Monitor currently owned by a thread: None

Heap:
 PSYoungGen      total 18944K, used 4924K [0x00000000eab00000, 0x00000000ec000000, 0x0000000100000000)
  eden space 16384K, 30% used [0x00000000eab00000,0x00000000eafcf378,0x00000000ebb00000)
  from space 2560K, 0% used [0x00000000ebd80000,0x00000000ebd80000,0x00000000ec000000)
  to   space 2560K, 0% used [0x00000000ebb00000,0x00000000ebb00000,0x00000000ebd80000)
 ParOldGen       total 44032K, used 0K [0x00000000c0000000, 0x00000000c2b00000, 0x00000000eab00000)
  object space 44032K, 0% used [0x00000000c0000000,0x00000000c0000000,0x00000000c2b00000)
 Metaspace       used 8290K, capacity 8480K, committed 8576K, reserved 1056768K
  class space    used 963K, capacity 1056K, committed 1152K, reserved 1048576K

Card table byte_map: [0x0000000012160000,0x0000000012370000] byte_map_base: 0x0000000011b60000

Marking Bits: (ParMarkBitMap*) 0x000000006eae4040
 Begin Bits: [0x0000000012890000, 0x0000000013890000)
 End Bits:   [0x0000000013890000, 0x0000000014890000)

Polling page: 0x0000000002240000

CodeCache: size=245760Kb used=1817Kb max_used=1817Kb free=243942Kb
 bounds [0x0000000002da0000, 0x0000000003010000, 0x0000000011da0000]
 total_blobs=768 nmethods=356 adapters=327
 compilation: enabled

Compilation events (10 events):
Event: 1.357 Thread 0x0000000055481000 nmethod 350 0x0000000002f62cd0 code [0x0000000002f62e80, 0x0000000002f63448]
Event: 1.357 Thread 0x0000000055481000  351       3       java.nio.ByteBufferAsShortBufferB::ix (9 bytes)
Event: 1.357 Thread 0x0000000055481000 nmethod 351 0x0000000002f63690 code [0x0000000002f637e0, 0x0000000002f63930]
Event: 1.357 Thread 0x0000000055481000  348       3       java.nio.Bits::getShortB (16 bytes)
Event: 1.357 Thread 0x0000000055481000 nmethod 348 0x0000000002f63990 code [0x0000000002f63b00, 0x0000000002f63e38]
Event: 1.357 Thread 0x0000000055481000  349       3       java.nio.Bits::makeShort (12 bytes)
Event: 1.357 Thread 0x0000000055481000 nmethod 349 0x0000000002f63f50 code [0x0000000002f640a0, 0x0000000002f641f0]
Event: 1.362 Thread 0x0000000055481000  352       1       java.nio.HeapByteBuffer::_get (7 bytes)
Event: 1.363 Thread 0x0000000055481000 nmethod 352 0x0000000002f65050 code [0x0000000002f651a0, 0x0000000002f652d0]
Event: 1.363 Thread 0x0000000055481000  355       3       java.nio.ByteBufferAsCharBufferB::get (16 bytes)

GC Heap History (0 events):
No events

Deoptimization events (0 events):
No events

Internal exceptions (10 events):
Event: 0.110 Thread 0x000000000281e000 Exception <a 'java/lang/NoSuchMethodError': Method sun.misc.Unsafe.defineClass(Ljava/lang/String;[BII)Ljava/lang/Class; name or signature does not match> (0x00000000eab0dc80) thrown at [D:\re\workspace\8-2-build-windows-amd64-cygwin\jdk8u40\2855\hotspot\sr¯Eov>º?
Event: 0.110 Thread 0x000000000281e000 Exception <a 'java/lang/NoSuchMethodError': Method sun.misc.Unsafe.prefetchRead(Ljava/lang/Object;J)V name or signature does not match> (0x00000000eab0df10) thrown at [D:\re\workspace\8-2-build-windows-amd64-cygwin\jdk8u40\2855\hotspot\src\share\vm\prims\j‹HMØ)‰€?
Event: 0.436 Thread 0x000000000281e000 Exception <a 'java/security/PrivilegedActionException'> (0x00000000eac90ba8) thrown at [D:\re\workspace\8-2-build-windows-amd64-cygwin\jdk8u40\2855\hotspot\src\share\vm\prims\jvm.cpp, line 1382]
Event: 0.436 Thread 0x000000000281e000 Exception <a 'java/security/PrivilegedActionException'> (0x00000000eac90d60) thrown at [D:\re\workspace\8-2-build-windows-amd64-cygwin\jdk8u40\2855\hotspot\src\share\vm\prims\jvm.cpp, line 1382]
Event: 0.437 Thread 0x000000000281e000 Exception <a 'java/security/PrivilegedActionException'> (0x00000000eac94af8) thrown at [D:\re\workspace\8-2-build-windows-amd64-cygwin\jdk8u40\2855\hotspot\src\share\vm\prims\jvm.cpp, line 1382]
Event: 0.437 Thread 0x000000000281e000 Exception <a 'java/security/PrivilegedActionException'> (0x00000000eac94cb0) thrown at [D:\re\workspace\8-2-build-windows-amd64-cygwin\jdk8u40\2855\hotspot\src\share\vm\prims\jvm.cpp, line 1382]
Event: 0.443 Thread 0x000000000281e000 Exception <a 'java/io/FileNotFoundException'> (0x00000000eac96ec0) thrown at [D:\re\workspace\8-2-build-windows-amd64-cygwin\jdk8u40\2855\hotspot\src\share\vm\prims\jni.cpp, line 709]
Event: 0.782 Thread 0x000000000281e000 Exception <a 'java/lang/NoSuchFieldError': method resolution failed> (0x00000000eadd9fb8) thrown at [D:\re\workspace\8-2-build-windows-amd64-cygwin\jdk8u40\2855\hotspot\src\share\vm\prims\methodHandles.cpp, line 1125]
Event: 0.797 Thread 0x000000000281e000 Exception <a 'java/lang/NoSuchFieldError': method resolution failed> (0x00000000eade89c8) thrown at [D:\re\workspace\8-2-build-windows-amd64-cygwin\jdk8u40\2855\hotspot\src\share\vm\prims\methodHandles.cpp, line 1125]
Event: 1.036 Thread 0x000000000281e000 Exception <a 'java/io/FileNotFoundException'> (0x00000000eaf03cf0) thrown at [D:\re\workspace\8-2-build-windows-amd64-cygwin\jdk8u40\2855\hotspot\src\share\vm\prims\jni.cpp, line 709]

Events (10 events):
Event: 1.361 loading class sun/font/TrueTypeGlyphMapper
Event: 1.361 loading class sun/font/TrueTypeGlyphMapper done
Event: 1.361 loading class sun/font/CMap
Event: 1.362 loading class sun/font/CMap done
Event: 1.362 loading class sun/font/CMap$NullCMapClass
Event: 1.362 loading class sun/font/CMap$NullCMapClass done
Event: 1.362 loading class sun/font/CMap$CMapFormat4
Event: 1.362 loading class sun/font/CMap$CMapFormat4 done
Event: 1.362 loading class java/nio/ByteBufferAsCharBufferB
Event: 1.362 loading class java/nio/ByteBufferAsCharBufferB done


Dynamic libraries:
0x000000013fbe0000 - 0x000000013fc17000 	C:\Program Files\Java\jdk1.8.0_40\bin\java.exe
0x0000000077940000 - 0x0000000077ae9000 	C:\Windows\SYSTEM32\ntdll.dll
0x0000000077820000 - 0x000000007793f000 	C:\Windows\system32\kernel32.dll
0x000007fefdbf0000 - 0x000007fefdc5b000 	C:\Windows\system32\KERNELBASE.dll
0x000007feff900000 - 0x000007feff9db000 	C:\Windows\system32\ADVAPI32.dll
0x000007fefe600000 - 0x000007fefe69f000 	C:\Windows\system32\msvcrt.dll
0x000007feffc30000 - 0x000007feffc4f000 	C:\Windows\SYSTEM32\sechost.dll
0x000007feff730000 - 0x000007feff85d000 	C:\Windows\system32\RPCRT4.dll
0x0000000077720000 - 0x000000007781a000 	C:\Windows\system32\USER32.dll
0x000007fefdc60000 - 0x000007fefdcc7000 	C:\Windows\system32\GDI32.dll
0x000007feff9e0000 - 0x000007feff9ee000 	C:\Windows\system32\LPK.dll
0x000007fefe1d0000 - 0x000007fefe299000 	C:\Windows\system32\USP10.dll
0x000007fefbee0000 - 0x000007fefc0d4000 	C:\Windows\WinSxS\amd64_microsoft.windows.common-controls_6595b64144ccf1df_6.0.7601.17514_none_fa396087175ac9ac\COMCTL32.dll
0x000007fefe2a0000 - 0x000007fefe311000 	C:\Windows\system32\SHLWAPI.dll
0x000007feffc00000 - 0x000007feffc2e000 	C:\Windows\system32\IMM32.DLL
0x000007fefe070000 - 0x000007fefe179000 	C:\Windows\system32\MSCTF.dll
0x000007fefd6a0000 - 0x000007fefd71c000 	C:\Windows\system32\guard64.dll
0x0000000077b00000 - 0x0000000077b07000 	C:\Windows\system32\PSAPI.DLL
0x000007fefd690000 - 0x000007fefd69c000 	C:\Windows\system32\VERSION.dll
0x000007fefd680000 - 0x000007fefd689000 	C:\Windows\system32\fltlib.dll
0x0000000071450000 - 0x0000000071522000 	C:\Program Files\Java\jdk1.8.0_40\jre\bin\msvcr100.dll
0x000000006e2e0000 - 0x000000006eb63000 	C:\Program Files\Java\jdk1.8.0_40\jre\bin\server\jvm.dll
0x000007fef2c00000 - 0x000007fef2c09000 	C:\Windows\system32\WSOCK32.dll
0x000007fefe180000 - 0x000007fefe1cd000 	C:\Windows\system32\WS2_32.dll
0x000007fefdee0000 - 0x000007fefdee8000 	C:\Windows\system32\NSI.dll
0x000007fefc6f0000 - 0x000007fefc72b000 	C:\Windows\system32\WINMM.dll
0x0000000073590000 - 0x000000007359f000 	C:\Program Files\Java\jdk1.8.0_40\jre\bin\verify.dll
0x0000000071890000 - 0x00000000718b9000 	C:\Program Files\Java\jdk1.8.0_40\jre\bin\java.dll
0x0000000073570000 - 0x0000000073586000 	C:\Program Files\Java\jdk1.8.0_40\jre\bin\zip.dll
0x000007fefe9a0000 - 0x000007feff728000 	C:\Windows\system32\SHELL32.dll
0x00000000562a0000 - 0x00000000564a3000 	C:\Windows\system32\ole32.dll
0x000007fefd880000 - 0x000007fefd88f000 	C:\Windows\system32\profapi.dll
0x000007fef5550000 - 0x000007fef5560000 	C:\Program Files (x86)\JetBrains\IntelliJ IDEA Community Edition 14.0.3\bin\breakgen64.dll
0x0000000071850000 - 0x000000007186a000 	C:\Program Files\Java\jdk1.8.0_40\jre\bin\net.dll
0x000007fefd050000 - 0x000007fefd0a5000 	C:\Windows\system32\mswsock.dll
0x000007fefd040000 - 0x000007fefd047000 	C:\Windows\System32\wship6.dll
0x00000000709b0000 - 0x0000000070b48000 	C:\Program Files\Java\jdk1.8.0_40\jre\bin\awt.dll
0x000007fefe320000 - 0x000007fefe3f7000 	C:\Windows\system32\OLEAUT32.dll
0x000007fefb970000 - 0x000007fefb9c6000 	C:\Windows\system32\uxtheme.dll
0x000007fefb850000 - 0x000007fefb868000 	C:\Windows\system32\dwmapi.dll
0x000007fefd7b0000 - 0x000007fefd7bf000 	C:\Windows\system32\CRYPTBASE.dll
0x0000000071800000 - 0x0000000071847000 	C:\Program Files\Java\jdk1.8.0_40\jre\bin\fontmanager.dll
0x000007feece00000 - 0x000007feecfff000 	C:\Windows\system32\d3d9.dll
0x000007fef5470000 - 0x000007fef5477000 	C:\Windows\system32\d3d8thk.dll
0x000007feec890000 - 0x000007feecdfd000 	C:\Windows\system32\atiumd64.dll
0x000007feebf20000 - 0x000007feec3c3000 	C:\Windows\system32\atiumd6a.dll
0x0000000071870000 - 0x0000000071881000 	C:\Program Files\Java\jdk1.8.0_40\jre\bin\nio.dll
0x00000000717b0000 - 0x00000000717f1000 	C:\Program Files\Java\jdk1.8.0_40\jre\bin\t2k.dll
0x000007fefc730000 - 0x000007fefc855000 	C:\Windows\system32\dbghelp.dll

VM Arguments:
jvm_args: -Didea.launcher.port=7558 -Didea.launcher.bin.path=C:\Program Files (x86)\JetBrains\IntelliJ IDEA Community Edition 14.0.3\bin -Dfile.encoding=UTF-8 
java_command: com.intellij.rt.execution.application.AppMain GUI
java_class_path (initial): C:\Program Files\Java\jdk1.8.0_40\jre\lib\charsets.jar;C:\Program Files\Java\jdk1.8.0_40\jre\lib\deploy.jar;C:\Program Files\Java\jdk1.8.0_40\jre\lib\javaws.jar;C:\Program Files\Java\jdk1.8.0_40\jre\lib\jce.jar;C:\Program Files\Java\jdk1.8.0_40\jre\lib\jfr.jar;C:\Program Files\Java\jdk1.8.0_40\jre\lib\jfxswt.jar;C:\Program Files\Java\jdk1.8.0_40\jre\lib\jsse.jar;C:\Program Files\Java\jdk1.8.0_40\jre\lib\management-agent.jar;C:\Program Files\Java\jdk1.8.0_40\jre\lib\plugin.jar;C:\Program Files\Java\jdk1.8.0_40\jre\lib\resources.jar;C:\Program Files\Java\jdk1.8.0_40\jre\lib\rt.jar;C:\Program Files\Java\jdk1.8.0_40\jre\lib\ext\access-bridge-64.jar;C:\Program Files\Java\jdk1.8.0_40\jre\lib\ext\cldrdata.jar;C:\Program Files\Java\jdk1.8.0_40\jre\lib\ext\dnsns.jar;C:\Program Files\Java\jdk1.8.0_40\jre\lib\ext\jaccess.jar;C:\Program Files\Java\jdk1.8.0_40\jre\lib\ext\jfxrt.jar;C:\Program Files\Java\jdk1.8.0_40\jre\lib\ext\localedata.jar;C:\Program Files\Java\jdk1.8.0_40\jre\lib\ext\nashorn.jar;C:\Program Files\Java\jdk1.8.0_40\jre\lib\ext\sunec.jar;C:\Program Files\Java\jdk1.8.0_40\jre\lib\ext\sunjce_provider.jar;C:\Program Files\Java\jdk1.8.0_40\jre\lib\ext\sunmscapi.jar;C:\Program Files\Java\jdk1.8.0_40\jre\lib\ext\sunpkcs11.jar;C:\Program Files\Java\jdk1.8.0_40\jre\lib\ext\zipfs.jar;C:\Users\pc\Documents\GitHub\BoidSim\out\production\BoidSim;C:\Program Files (x86)\JetBrains\IntelliJ IDEA Community Edition 14.0.3\lib\idea_rt.jar
Launcher Type: SUN_STANDARD

Environment Variables:
PATH=C:\ProgramData\Oracle\Java\javapath;C:\Windows\system32;C:\Windows;C:\Windows\System32\Wbem;C:\Windows\System32\WindowsPowerShell\v1.0\;C:\Program Files\Java\jdk1.8.0_40\bin
USERNAME=pc
OS=Windows_NT
PROCESSOR_IDENTIFIER=Intel64 Family 6 Model 23 Stepping 10, GenuineIntel



---------------  S Y S T E M  ---------------

OS: Windows 7 , 64 bit Build 7601 (6.1.7601.17514)

CPU:total 2 (2 cores per cpu, 1 threads per core) family 6 model 23 stepping 10, cmov, cx8, fxsr, mmx, sse, sse2, sse3, ssse3, tsc

Memory: 4k page, physical 4192688k(1196068k free), swap 8383532k(3463224k free)

vm_info: Java HotSpot(TM) 64-Bit Server VM (25.40-b25) for windows-amd64 JRE (1.8.0_40-b25), built on Feb 10 2015 21:53:57 by "java_re" with MS VC++ 10.0 (VS2010)

time: Sat Mar 28 15:24:44 2015
elapsed time: 1 seconds (0d 0h 0m 1s)

