#
# A fatal error has been detected by the Java Runtime Environment:
#
#  EXCEPTION_ACCESS_VIOLATION (0xc0000005) at pc=0xffffffffa3ed5120, pid=3932, tid=4988
#
# JRE version: Java(TM) SE Runtime Environment (8.0_40-b25) (build 1.8.0_40-b25)
# Java VM: Java HotSpot(TM) 64-Bit Server VM (25.40-b25 mixed mode windows-amd64 compressed oops)
# Problematic frame:
# C  0xffffffffa3ed5120
#
# Failed to write core dump. Minidumps are not enabled by default on client versions of Windows
#
# If you would like to submit a bug report, please visit:
#   http://bugreport.java.com/bugreport/crash.jsp
#

---------------  T H R E A D  ---------------

Current thread (0x000000000241e000):  JavaThread "main" [_thread_in_Java, id=4988, stack(0x0000000002b00000,0x0000000002c00000)]

siginfo: ExceptionCode=0xc0000005, ExceptionInformation=0x0000000000000008 0xffffffffa3ed5120

Registers:
RAX=0x0000000054c17c40, RBX=0x0000000054c17c40, RCX=0x00000000eaf70340, RDX=0x00000000eaf70340
RSP=0x0000000002bfd778, RBP=0x0000000002bfd7d8, RSI=0x0000000000000141, RDI=0x0000000000000108
R8 =0x0000000000001440, R9 =0x00000000000000df, R10=0x000000006d2bbba0, R11=0x0000000003099300
R12=0x0000000000000000, R13=0x0000000002bfd788, R14=0x0000000000000000, R15=0x000000000241e000
RIP=0xffffffffa3ed5120, EFLAGS=0x0000000000010202

Top of Stack: (sp=0x0000000002bfd778)
0x0000000002bfd778:   0000000002ed71e0 0000000002ed71e0
0x0000000002bfd788:   0000000000001440 00000000eaf70340
0x0000000002bfd798:   0000000002bfd798 0000000054c1b55a
0x0000000002bfd7a8:   0000000002bfd7f0 0000000054c20040
0x0000000002bfd7b8:   0000000000000000 0000000054c1b570
0x0000000002bfd7c8:   0000000002bfd788 0000000002bfd7e8
0x0000000002bfd7d8:   0000000002bfd838 0000000002ed72b0
0x0000000002bfd7e8:   0000000000001440 00000000eaf70340
0x0000000002bfd7f8:   0000000002bfd7f8 00000000552129f4
0x0000000002bfd808:   0000000002bfd848 00000000552132f8
0x0000000002bfd818:   0000000000000000 0000000055212a00
0x0000000002bfd828:   0000000002bfd7e8 0000000002bfd848
0x0000000002bfd838:   0000000002bfd8a0 0000000002ed72b0
0x0000000002bfd848:   00000000eaf72790 0000000000000000
0x0000000002bfd858:   00000000eaf72a58 0000000002bfd860
0x0000000002bfd868:   00000000552119d7 0000000002bfd8f8 

Instructions: (pc=0xffffffffa3ed5120)
0xffffffffa3ed5100:   
[error occurred during error reporting (printing registers, top of stack, instructions near pc), id 0xc0000005]

Register to memory mapping:

RAX={method} {0x0000000054c17c48} '_get' '(I)B' in 'java/nio/HeapByteBuffer'
RBX={method} {0x0000000054c17c48} '_get' '(I)B' in 'java/nio/HeapByteBuffer'
RCX=0x00000000eaf70340 is an oop
java.nio.HeapByteBuffer 
 - klass: 'java/nio/HeapByteBuffer'
RDX=0x00000000eaf70340 is an oop
java.nio.HeapByteBuffer 
 - klass: 'java/nio/HeapByteBuffer'
RSP=0x0000000002bfd778 is pointing into the stack for thread: 0x000000000241e000
RBP=0x0000000002bfd7d8 is pointing into the stack for thread: 0x000000000241e000
RSI=0x0000000000000141 is an unknown value
RDI=0x0000000000000108 is an unknown value
R8 =0x0000000000001440 is an unknown value
R9 =0x00000000000000df is an unknown value
R10=0x000000006d2bbba0 is an unknown value
R11=0x0000000003099300 is at entry_point+32 in (nmethod*)0x0000000003099190
R12=0x0000000000000000 is an unknown value
R13=0x0000000002bfd788 is pointing into the stack for thread: 0x000000000241e000
R14=0x0000000000000000 is an unknown value
R15=0x000000000241e000 is a thread


Stack: [0x0000000002b00000,0x0000000002c00000],  sp=0x0000000002bfd778,  free space=1013k
Native frames: (J=compiled Java code, j=interpreted, Vv=VM code, C=native code)
C  0xffffffffa3ed5120


---------------  P R O C E S S  ---------------

Java Threads: ( => current thread )
  0x00000000583d0800 JavaThread "Image Fetcher 0" daemon [_thread_blocked, id=5080, stack(0x0000000058c80000,0x0000000058d80000)]
  0x0000000056f38800 JavaThread "AWT-Windows" daemon [_thread_in_native, id=3548, stack(0x0000000057890000,0x0000000057990000)]
  0x0000000056f37800 JavaThread "AWT-Shutdown" [_thread_blocked, id=2884, stack(0x0000000057740000,0x0000000057840000)]
  0x0000000056f34800 JavaThread "Java2D Disposer" daemon [_thread_blocked, id=4152, stack(0x00000000575d0000,0x00000000576d0000)]
  0x0000000056bff800 JavaThread "Monitor Ctrl-Break" daemon [_thread_in_native, id=4872, stack(0x00000000570e0000,0x00000000571e0000)]
  0x00000000554cb800 JavaThread "Service Thread" daemon [_thread_blocked, id=2392, stack(0x0000000056fa0000,0x00000000570a0000)]
  0x0000000055472000 JavaThread "C1 CompilerThread1" daemon [_thread_blocked, id=3448, stack(0x0000000056a60000,0x0000000056b60000)]
  0x000000005546c800 JavaThread "C2 CompilerThread0" daemon [_thread_blocked, id=4112, stack(0x0000000056850000,0x0000000056950000)]
  0x000000005546a800 JavaThread "Attach Listener" daemon [_thread_blocked, id=5012, stack(0x00000000566d0000,0x00000000567d0000)]
  0x0000000055469000 JavaThread "Signal Dispatcher" daemon [_thread_blocked, id=1196, stack(0x0000000056540000,0x0000000056640000)]
  0x000000005540e000 JavaThread "Finalizer" daemon [_thread_blocked, id=3252, stack(0x0000000055ef0000,0x0000000055ff0000)]
  0x0000000055405000 JavaThread "Reference Handler" daemon [_thread_blocked, id=5112, stack(0x00000000561c0000,0x00000000562c0000)]
=>0x000000000241e000 JavaThread "main" [_thread_in_Java, id=4988, stack(0x0000000002b00000,0x0000000002c00000)]

Other Threads:
  0x00000000553ff800 VMThread [stack: 0x0000000056000000,0x0000000056100000] [id=4508]
  0x00000000554cc800 WatcherThread [stack: 0x0000000057240000,0x0000000057340000] [id=2288]

VM state:not at safepoint (normal execution)

VM Mutex/Monitor currently owned by a thread: None

Heap:
 PSYoungGen      total 18944K, used 4926K [0x00000000eab00000, 0x00000000ec000000, 0x0000000100000000)
  eden space 16384K, 30% used [0x00000000eab00000,0x00000000eafcf860,0x00000000ebb00000)
  from space 2560K, 0% used [0x00000000ebd80000,0x00000000ebd80000,0x00000000ec000000)
  to   space 2560K, 0% used [0x00000000ebb00000,0x00000000ebb00000,0x00000000ebd80000)
 ParOldGen       total 44032K, used 0K [0x00000000c0000000, 0x00000000c2b00000, 0x00000000eab00000)
  object space 44032K, 0% used [0x00000000c0000000,0x00000000c0000000,0x00000000c2b00000)
 Metaspace       used 8304K, capacity 8544K, committed 8832K, reserved 1056768K
  class space    used 962K, capacity 1056K, committed 1152K, reserved 1048576K

Card table byte_map: [0x0000000012290000,0x00000000124a0000] byte_map_base: 0x0000000011c90000

Marking Bits: (ParMarkBitMap*) 0x000000006d2d4040
 Begin Bits: [0x00000000128d0000, 0x00000000138d0000)
 End Bits:   [0x00000000138d0000, 0x00000000148d0000)

Polling page: 0x0000000002230000

CodeCache: size=245760Kb used=1841Kb max_used=1841Kb free=243918Kb
 bounds [0x0000000002ed0000, 0x0000000003140000, 0x0000000011ed0000]
 total_blobs=772 nmethods=360 adapters=327
 compilation: enabled

Compilation events (10 events):
Event: 0.716 Thread 0x0000000055472000  355       3       java.nio.Bits::makeShort (12 bytes)
Event: 0.716 Thread 0x0000000055472000 nmethod 355 0x000000000309a910 code [0x000000000309aa60, 0x000000000309abb0]
Event: 0.716 Thread 0x0000000055472000  357       3       java.nio.ByteBufferAsShortBufferB::ix (9 bytes)
Event: 0.716 Thread 0x0000000055472000 nmethod 357 0x000000000309ac10 code [0x000000000309ad60, 0x000000000309aeb0]
Event: 0.721 Thread 0x0000000055472000  358       1       java.nio.HeapByteBuffer::_get (7 bytes)
Event: 0.721 Thread 0x0000000055472000 nmethod 358 0x000000000309bd10 code [0x000000000309be60, 0x000000000309bf90]
Event: 0.721 Thread 0x0000000055472000  359       3       java.nio.Bits::getCharB (16 bytes)
Event: 0.722 Thread 0x0000000055472000 nmethod 359 0x000000000309c050 code [0x000000000309c1c0, 0x000000000309c4f8]
Event: 0.722 Thread 0x0000000055472000  360       3       java.nio.Bits::makeChar (12 bytes)
Event: 0.722 Thread 0x0000000055472000 nmethod 360 0x000000000309c610 code [0x000000000309c760, 0x000000000309c8b0]

GC Heap History (0 events):
No events

Deoptimization events (0 events):
No events

Internal exceptions (10 events):
Event: 0.055 Thread 0x000000000241e000 Exception <a 'java/lang/NoSuchMethodError': Method sun.misc.Unsafe.defineClass(Ljava/lang/String;[BII)Ljava/lang/Class; name or signature does not match> (0x00000000eab0dc80) thrown at [D:\re\workspace\8-2-build-windows-amd64-cygwin\jdk8u40\2855\hotspot\sr±Ø+]¡¬?
Event: 0.055 Thread 0x000000000241e000 Exception <a 'java/lang/NoSuchMethodError': Method sun.misc.Unsafe.prefetchRead(Ljava/lang/Object;J)V name or signature does not match> (0x00000000eab0df10) thrown at [D:\re\workspace\8-2-build-windows-amd64-cygwin\jdk8u40\2855\hotspot\src\share\vm\prims\j¬%¡ËSÑ?
Event: 0.271 Thread 0x000000000241e000 Exception <a 'java/security/PrivilegedActionException'> (0x00000000eac90fc8) thrown at [D:\re\workspace\8-2-build-windows-amd64-cygwin\jdk8u40\2855\hotspot\src\share\vm\prims\jvm.cpp, line 1382]
Event: 0.271 Thread 0x000000000241e000 Exception <a 'java/security/PrivilegedActionException'> (0x00000000eac91180) thrown at [D:\re\workspace\8-2-build-windows-amd64-cygwin\jdk8u40\2855\hotspot\src\share\vm\prims\jvm.cpp, line 1382]
Event: 0.272 Thread 0x000000000241e000 Exception <a 'java/security/PrivilegedActionException'> (0x00000000eac94f18) thrown at [D:\re\workspace\8-2-build-windows-amd64-cygwin\jdk8u40\2855\hotspot\src\share\vm\prims\jvm.cpp, line 1382]
Event: 0.272 Thread 0x000000000241e000 Exception <a 'java/security/PrivilegedActionException'> (0x00000000eac950d0) thrown at [D:\re\workspace\8-2-build-windows-amd64-cygwin\jdk8u40\2855\hotspot\src\share\vm\prims\jvm.cpp, line 1382]
Event: 0.278 Thread 0x000000000241e000 Exception <a 'java/io/FileNotFoundException'> (0x00000000eac972e0) thrown at [D:\re\workspace\8-2-build-windows-amd64-cygwin\jdk8u40\2855\hotspot\src\share\vm\prims\jni.cpp, line 709]
Event: 0.435 Thread 0x000000000241e000 Exception <a 'java/lang/NoSuchFieldError': method resolution failed> (0x00000000eadda3e0) thrown at [D:\re\workspace\8-2-build-windows-amd64-cygwin\jdk8u40\2855\hotspot\src\share\vm\prims\methodHandles.cpp, line 1125]
Event: 0.450 Thread 0x000000000241e000 Exception <a 'java/lang/NoSuchFieldError': method resolution failed> (0x00000000eade9108) thrown at [D:\re\workspace\8-2-build-windows-amd64-cygwin\jdk8u40\2855\hotspot\src\share\vm\prims\methodHandles.cpp, line 1125]
Event: 0.522 Thread 0x000000000241e000 Exception <a 'java/io/FileNotFoundException'> (0x00000000eaf04440) thrown at [D:\re\workspace\8-2-build-windows-amd64-cygwin\jdk8u40\2855\hotspot\src\share\vm\prims\jni.cpp, line 709]

Events (10 events):
Event: 0.720 loading class sun/font/TrueTypeGlyphMapper
Event: 0.720 loading class sun/font/TrueTypeGlyphMapper done
Event: 0.720 loading class sun/font/CMap
Event: 0.720 loading class sun/font/CMap done
Event: 0.720 loading class sun/font/CMap$NullCMapClass
Event: 0.720 loading class sun/font/CMap$NullCMapClass done
Event: 0.721 loading class sun/font/CMap$CMapFormat4
Event: 0.721 loading class sun/font/CMap$CMapFormat4 done
Event: 0.721 loading class java/nio/ByteBufferAsCharBufferB
Event: 0.721 loading class java/nio/ByteBufferAsCharBufferB done


Dynamic libraries:
0x000000013f160000 - 0x000000013f197000 	C:\Program Files\Java\jdk1.8.0_40\bin\java.exe
0x0000000077940000 - 0x0000000077ae9000 	C:\Windows\SYSTEM32\ntdll.dll
0x0000000077820000 - 0x000000007793f000 	C:\Windows\system32\kernel32.dll
0x000007fefdbf0000 - 0x000007fefdc5b000 	C:\Windows\system32\KERNELBASE.dll
0x000007feff900000 - 0x000007feff9db000 	C:\Windows\system32\ADVAPI32.dll
0x000007fefe600000 - 0x000007fefe69f000 	C:\Windows\system32\msvcrt.dll
0x000007feffc30000 - 0x000007feffc4f000 	C:\Windows\SYSTEM32\sechost.dll
0x000007feff730000 - 0x000007feff85d000 	C:\Windows\system32\RPCRT4.dll
0x0000000077720000 - 0x000000007781a000 	C:\Windows\system32\USER32.dll
0x000007fefdc60000 - 0x000007fefdcc7000 	C:\Windows\system32\GDI32.dll
0x000007feff9e0000 - 0x000007feff9ee000 	C:\Windows\system32\LPK.dll
0x000007fefe1d0000 - 0x000007fefe299000 	C:\Windows\system32\USP10.dll
0x000007fefbee0000 - 0x000007fefc0d4000 	C:\Windows\WinSxS\amd64_microsoft.windows.common-controls_6595b64144ccf1df_6.0.7601.17514_none_fa396087175ac9ac\COMCTL32.dll
0x000007fefe2a0000 - 0x000007fefe311000 	C:\Windows\system32\SHLWAPI.dll
0x000007feffc00000 - 0x000007feffc2e000 	C:\Windows\system32\IMM32.DLL
0x000007fefe070000 - 0x000007fefe179000 	C:\Windows\system32\MSCTF.dll
0x000007fefd6a0000 - 0x000007fefd71c000 	C:\Windows\system32\guard64.dll
0x0000000077b00000 - 0x0000000077b07000 	C:\Windows\system32\PSAPI.DLL
0x000007fefd690000 - 0x000007fefd69c000 	C:\Windows\system32\VERSION.dll
0x000007fefd680000 - 0x000007fefd689000 	C:\Windows\system32\fltlib.dll
0x00000000717e0000 - 0x00000000718b2000 	C:\Program Files\Java\jdk1.8.0_40\jre\bin\msvcr100.dll
0x000000006cad0000 - 0x000000006d353000 	C:\Program Files\Java\jdk1.8.0_40\jre\bin\server\jvm.dll
0x000007fef2c00000 - 0x000007fef2c09000 	C:\Windows\system32\WSOCK32.dll
0x000007fefe180000 - 0x000007fefe1cd000 	C:\Windows\system32\WS2_32.dll
0x000007fefdee0000 - 0x000007fefdee8000 	C:\Windows\system32\NSI.dll
0x000007fefc6f0000 - 0x000007fefc72b000 	C:\Windows\system32\WINMM.dll
0x0000000073590000 - 0x000000007359f000 	C:\Program Files\Java\jdk1.8.0_40\jre\bin\verify.dll
0x00000000717b0000 - 0x00000000717d9000 	C:\Program Files\Java\jdk1.8.0_40\jre\bin\java.dll
0x0000000073570000 - 0x0000000073586000 	C:\Program Files\Java\jdk1.8.0_40\jre\bin\zip.dll
0x000007fefe9a0000 - 0x000007feff728000 	C:\Windows\system32\SHELL32.dll
0x00000000562c0000 - 0x00000000564c3000 	C:\Windows\system32\ole32.dll
0x000007fefd880000 - 0x000007fefd88f000 	C:\Windows\system32\profapi.dll
0x000007fef5510000 - 0x000007fef5520000 	C:\Program Files (x86)\JetBrains\IntelliJ IDEA Community Edition 14.0.3\bin\breakgen64.dll
0x0000000070a50000 - 0x0000000070be8000 	C:\Program Files\Java\jdk1.8.0_40\jre\bin\awt.dll
0x000007fefe320000 - 0x000007fefe3f7000 	C:\Windows\system32\OLEAUT32.dll
0x0000000071730000 - 0x000000007174a000 	C:\Program Files\Java\jdk1.8.0_40\jre\bin\net.dll
0x000007fefd050000 - 0x000007fefd0a5000 	C:\Windows\system32\mswsock.dll
0x000007fefd040000 - 0x000007fefd047000 	C:\Windows\System32\wship6.dll
0x000007fefb970000 - 0x000007fefb9c6000 	C:\Windows\system32\uxtheme.dll
0x000007fefb850000 - 0x000007fefb868000 	C:\Windows\system32\dwmapi.dll
0x000007fefd7b0000 - 0x000007fefd7bf000 	C:\Windows\system32\CRYPTBASE.dll
0x0000000071670000 - 0x00000000716b7000 	C:\Program Files\Java\jdk1.8.0_40\jre\bin\fontmanager.dll
0x000007feee1d0000 - 0x000007feee3cf000 	C:\Windows\system32\d3d9.dll
0x000007fef54e0000 - 0x000007fef54e7000 	C:\Windows\system32\d3d8thk.dll
0x000007feecc20000 - 0x000007feed18d000 	C:\Windows\system32\atiumd64.dll
0x000007feec770000 - 0x000007feecc13000 	C:\Windows\system32\atiumd6a.dll
0x0000000071650000 - 0x0000000071661000 	C:\Program Files\Java\jdk1.8.0_40\jre\bin\nio.dll
0x0000000070a00000 - 0x0000000070a41000 	C:\Program Files\Java\jdk1.8.0_40\jre\bin\t2k.dll
0x000007fefc730000 - 0x000007fefc855000 	C:\Windows\system32\dbghelp.dll

VM Arguments:
jvm_args: -Didea.launcher.port=7532 -Didea.launcher.bin.path=C:\Program Files (x86)\JetBrains\IntelliJ IDEA Community Edition 14.0.3\bin -Dfile.encoding=UTF-8 
java_command: com.intellij.rt.execution.application.AppMain GUI
java_class_path (initial): C:\Program Files\Java\jdk1.8.0_40\jre\lib\charsets.jar;C:\Program Files\Java\jdk1.8.0_40\jre\lib\deploy.jar;C:\Program Files\Java\jdk1.8.0_40\jre\lib\javaws.jar;C:\Program Files\Java\jdk1.8.0_40\jre\lib\jce.jar;C:\Program Files\Java\jdk1.8.0_40\jre\lib\jfr.jar;C:\Program Files\Java\jdk1.8.0_40\jre\lib\jfxswt.jar;C:\Program Files\Java\jdk1.8.0_40\jre\lib\jsse.jar;C:\Program Files\Java\jdk1.8.0_40\jre\lib\management-agent.jar;C:\Program Files\Java\jdk1.8.0_40\jre\lib\plugin.jar;C:\Program Files\Java\jdk1.8.0_40\jre\lib\resources.jar;C:\Program Files\Java\jdk1.8.0_40\jre\lib\rt.jar;C:\Program Files\Java\jdk1.8.0_40\jre\lib\ext\access-bridge-64.jar;C:\Program Files\Java\jdk1.8.0_40\jre\lib\ext\cldrdata.jar;C:\Program Files\Java\jdk1.8.0_40\jre\lib\ext\dnsns.jar;C:\Program Files\Java\jdk1.8.0_40\jre\lib\ext\jaccess.jar;C:\Program Files\Java\jdk1.8.0_40\jre\lib\ext\jfxrt.jar;C:\Program Files\Java\jdk1.8.0_40\jre\lib\ext\localedata.jar;C:\Program Files\Java\jdk1.8.0_40\jre\lib\ext\nashorn.jar;C:\Program Files\Java\jdk1.8.0_40\jre\lib\ext\sunec.jar;C:\Program Files\Java\jdk1.8.0_40\jre\lib\ext\sunjce_provider.jar;C:\Program Files\Java\jdk1.8.0_40\jre\lib\ext\sunmscapi.jar;C:\Program Files\Java\jdk1.8.0_40\jre\lib\ext\sunpkcs11.jar;C:\Program Files\Java\jdk1.8.0_40\jre\lib\ext\zipfs.jar;C:\Users\pc\Documents\GitHub\BoidSim\out\production\BoidSim;C:\Program Files (x86)\JetBrains\IntelliJ IDEA Community Edition 14.0.3\lib\idea_rt.jar
Launcher Type: SUN_STANDARD

Environment Variables:
PATH=C:\ProgramData\Oracle\Java\javapath;C:\Windows\system32;C:\Windows;C:\Windows\System32\Wbem;C:\Windows\System32\WindowsPowerShell\v1.0\;C:\Program Files\Java\jdk1.8.0_40\bin
USERNAME=pc
OS=Windows_NT
PROCESSOR_IDENTIFIER=Intel64 Family 6 Model 23 Stepping 10, GenuineIntel



---------------  S Y S T E M  ---------------

OS: Windows 7 , 64 bit Build 7601 (6.1.7601.17514)

CPU:total 2 (2 cores per cpu, 1 threads per core) family 6 model 23 stepping 10, cmov, cx8, fxsr, mmx, sse, sse2, sse3, ssse3, tsc

Memory: 4k page, physical 4192688k(1544844k free), swap 8383532k(4911780k free)

vm_info: Java HotSpot(TM) 64-Bit Server VM (25.40-b25) for windows-amd64 JRE (1.8.0_40-b25), built on Feb 10 2015 21:53:57 by "java_re" with MS VC++ 10.0 (VS2010)

time: Fri Mar 27 07:35:00 2015
elapsed time: 0 seconds (0d 0h 0m 0s)

