#
# A fatal error has been detected by the Java Runtime Environment:
#
#  EXCEPTION_ACCESS_VIOLATION (0xc0000005) at pc=0xffffffffa3e25120, pid=4824, tid=5340
#
# JRE version: Java(TM) SE Runtime Environment (8.0_40-b25) (build 1.8.0_40-b25)
# Java VM: Java HotSpot(TM) 64-Bit Server VM (25.40-b25 mixed mode windows-amd64 compressed oops)
# Problematic frame:
# C  0xffffffffa3e25120
#
# Failed to write core dump. Minidumps are not enabled by default on client versions of Windows
#
# If you would like to submit a bug report, please visit:
#   http://bugreport.java.com/bugreport/crash.jsp
#

---------------  T H R E A D  ---------------

Current thread (0x00000000026ee000):  JavaThread "main" [_thread_in_Java, id=5340, stack(0x0000000002a50000,0x0000000002b50000)]

siginfo: ExceptionCode=0xc0000005, ExceptionInformation=0x0000000000000008 0xffffffffa3e25120

Registers:
RAX=0x0000000054a57c40, RBX=0x0000000054a57c40, RCX=0x00000000eaf1f080, RDX=0x00000000eaf1f080
RSP=0x0000000002b4d728, RBP=0x0000000002b4d798, RSI=0x0000000000001b00, RDI=0x0000000000000108
R8 =0x0000000000001b01, R9 =0x000000000270f8d0, R10=0x00000000704dbba0, R11=0x0000000002fe5a40
R12=0x0000000000000000, R13=0x0000000002b4d740, R14=0x0000000055053228, R15=0x00000000026ee000
RIP=0xffffffffa3e25120, EFLAGS=0x0000000000010206

Top of Stack: (sp=0x0000000002b4d728)
0x0000000002b4d728:   0000000002e271e0 0000000002b4d798
0x0000000002b4d738:   0000000002e271e0 0000000000001b01
0x0000000002b4d748:   00000000eaf1f080 0000000000000008
0x0000000002b4d758:   0000000002b4d758 0000000054a5b561
0x0000000002b4d768:   0000000002b4d7b0 0000000054a60040
0x0000000002b4d778:   0000000055053228 0000000054a5b570
0x0000000002b4d788:   0000000002b4d740 0000000002b4d7a8
0x0000000002b4d798:   0000000002b4d7f8 0000000002e272b0
0x0000000002b4d7a8:   0000000000001b00 00000000eaf1f080
0x0000000002b4d7b8:   0000000002b4d7b8 000000005505225c
0x0000000002b4d7c8:   0000000002b4d808 0000000055052b60
0x0000000002b4d7d8:   0000000055053520 0000000055052268
0x0000000002b4d7e8:   0000000002b4d7a8 0000000002b4d808
0x0000000002b4d7f8:   0000000002b4d860 0000000002e272b0
0x0000000002b4d808:   00000000eaf214d0 0000000000000228
0x0000000002b4d818:   00000000eaf21a28 0000000002b4d820 

Instructions: (pc=0xffffffffa3e25120)
0xffffffffa3e25100:   
[error occurred during error reporting (printing registers, top of stack, instructions near pc), id 0xc0000005]

Register to memory mapping:

RAX={method} {0x0000000054a57c48} '_get' '(I)B' in 'java/nio/HeapByteBuffer'
RBX={method} {0x0000000054a57c48} '_get' '(I)B' in 'java/nio/HeapByteBuffer'
RCX=0x00000000eaf1f080 is an oop
java.nio.HeapByteBuffer 
 - klass: 'java/nio/HeapByteBuffer'
RDX=0x00000000eaf1f080 is an oop
java.nio.HeapByteBuffer 
 - klass: 'java/nio/HeapByteBuffer'
RSP=0x0000000002b4d728 is pointing into the stack for thread: 0x00000000026ee000
RBP=0x0000000002b4d798 is pointing into the stack for thread: 0x00000000026ee000
RSI=0x0000000000001b00 is an unknown value
RDI=0x0000000000000108 is an unknown value
R8 =0x0000000000001b01 is an unknown value
R9 =0x000000000270f8d0 is an unknown value
R10=0x00000000704dbba0 is an unknown value
R11=0x0000000002fe5a40 is at entry_point+32 in (nmethod*)0x0000000002fe58d0
R12=0x0000000000000000 is an unknown value
R13=0x0000000002b4d740 is pointing into the stack for thread: 0x00000000026ee000
R14=0x0000000055053228 is pointing into metadata
R15=0x00000000026ee000 is a thread


Stack: [0x0000000002a50000,0x0000000002b50000],  sp=0x0000000002b4d728,  free space=1013k
Native frames: (J=compiled Java code, j=interpreted, Vv=VM code, C=native code)
C  0xffffffffa3e25120


---------------  P R O C E S S  ---------------

Java Threads: ( => current thread )
  0x0000000057564000 JavaThread "Image Fetcher 0" daemon [_thread_blocked, id=5852, stack(0x0000000058920000,0x0000000058a20000)]
  0x0000000056ed3800 JavaThread "AWT-Windows" daemon [_thread_in_native, id=5532, stack(0x0000000055ed0000,0x0000000055fd0000)]
  0x0000000056ed2800 JavaThread "AWT-Shutdown" [_thread_blocked, id=3876, stack(0x0000000057da0000,0x0000000057ea0000)]
  0x0000000056ec8000 JavaThread "Java2D Disposer" daemon [_thread_blocked, id=5060, stack(0x00000000572e0000,0x00000000573e0000)]
  0x0000000056ba4000 JavaThread "Monitor Ctrl-Break" daemon [_thread_in_native, id=4288, stack(0x00000000571b0000,0x00000000572b0000)]
  0x000000005530f800 JavaThread "Service Thread" daemon [_thread_blocked, id=4908, stack(0x0000000056f60000,0x0000000057060000)]
  0x0000000055308000 JavaThread "C1 CompilerThread1" daemon [_thread_blocked, id=5552, stack(0x0000000056a00000,0x0000000056b00000)]
  0x00000000552ae800 JavaThread "C2 CompilerThread0" daemon [_thread_blocked, id=6032, stack(0x00000000567e0000,0x00000000568e0000)]
  0x00000000552ac800 JavaThread "Attach Listener" daemon [_thread_blocked, id=4644, stack(0x0000000056120000,0x0000000056220000)]
  0x00000000552ab000 JavaThread "Signal Dispatcher" daemon [_thread_blocked, id=4988, stack(0x00000000565d0000,0x00000000566d0000)]
  0x0000000055246800 JavaThread "Finalizer" daemon [_thread_blocked, id=5968, stack(0x0000000056220000,0x0000000056320000)]
  0x0000000055243000 JavaThread "Reference Handler" daemon [_thread_blocked, id=4640, stack(0x0000000056010000,0x0000000056110000)]
=>0x00000000026ee000 JavaThread "main" [_thread_in_Java, id=5340, stack(0x0000000002a50000,0x0000000002b50000)]

Other Threads:
  0x000000005523d800 VMThread [stack: 0x0000000055dc0000,0x0000000055ec0000] [id=5784]
  0x0000000056b00800 WatcherThread [stack: 0x0000000056900000,0x0000000056a00000] [id=5408]

VM state:not at safepoint (normal execution)

VM Mutex/Monitor currently owned by a thread: None

Heap:
 PSYoungGen      total 18944K, used 4600K [0x00000000eab00000, 0x00000000ec000000, 0x0000000100000000)
  eden space 16384K, 28% used [0x00000000eab00000,0x00000000eaf7e3e8,0x00000000ebb00000)
  from space 2560K, 0% used [0x00000000ebd80000,0x00000000ebd80000,0x00000000ec000000)
  to   space 2560K, 0% used [0x00000000ebb00000,0x00000000ebb00000,0x00000000ebd80000)
 ParOldGen       total 44032K, used 0K [0x00000000c0000000, 0x00000000c2b00000, 0x00000000eab00000)
  object space 44032K, 0% used [0x00000000c0000000,0x00000000c0000000,0x00000000c2b00000)
 Metaspace       used 8304K, capacity 8544K, committed 8832K, reserved 1056768K
  class space    used 963K, capacity 1056K, committed 1152K, reserved 1048576K

Card table byte_map: [0x00000000121e0000,0x00000000123f0000] byte_map_base: 0x0000000011be0000

Marking Bits: (ParMarkBitMap*) 0x00000000704f4040
 Begin Bits: [0x0000000012710000, 0x0000000013710000)
 End Bits:   [0x0000000013710000, 0x0000000014710000)

Polling page: 0x0000000002130000

CodeCache: size=245760Kb used=1830Kb max_used=1830Kb free=243929Kb
 bounds [0x0000000002e20000, 0x0000000003090000, 0x0000000011e20000]
 total_blobs=767 nmethods=355 adapters=327
 compilation: enabled

Compilation events (10 events):
Event: 1.086 Thread 0x0000000055308000  349       3       java.nio.ByteBufferAsShortBufferB::get (16 bytes)
Event: 1.087 Thread 0x0000000055308000 nmethod 349 0x0000000002fe60d0 code [0x0000000002fe6280, 0x0000000002fe6848]
Event: 1.087 Thread 0x0000000055308000  350       3       java.nio.ByteBufferAsShortBufferB::ix (9 bytes)
Event: 1.087 Thread 0x0000000055308000 nmethod 350 0x0000000002fe6a90 code [0x0000000002fe6be0, 0x0000000002fe6d30]
Event: 1.087 Thread 0x0000000055308000  347       3       java.nio.Bits::getShortB (16 bytes)
Event: 1.087 Thread 0x0000000055308000 nmethod 347 0x0000000002fe6d90 code [0x0000000002fe6f00, 0x0000000002fe7238]
Event: 1.087 Thread 0x0000000055308000  348       3       java.nio.Bits::makeShort (12 bytes)
Event: 1.087 Thread 0x0000000055308000 nmethod 348 0x0000000002fe7350 code [0x0000000002fe74a0, 0x0000000002fe75f0]
Event: 1.093 Thread 0x0000000055308000  351       1       java.nio.HeapByteBuffer::_get (7 bytes)
Event: 1.093 Thread 0x0000000055308000 nmethod 351 0x0000000002fe8450 code [0x0000000002fe85a0, 0x0000000002fe86d0]

GC Heap History (0 events):
No events

Deoptimization events (0 events):
No events

Internal exceptions (10 events):
Event: 0.153 Thread 0x00000000026ee000 Exception <a 'java/lang/NoSuchMethodError': Method sun.misc.Unsafe.defineClass(Ljava/lang/String;[BII)Ljava/lang/Class; name or signature does not match> (0x00000000eab0de00) thrown at [D:\re\workspace\8-2-build-windows-amd64-cygwin\jdk8u40\2855\hotspot\srP-¢+∆ë√?
Event: 0.153 Thread 0x00000000026ee000 Exception <a 'java/lang/NoSuchMethodError': Method sun.misc.Unsafe.prefetchRead(Ljava/lang/Object;J)V name or signature does not match> (0x00000000eab0e090) thrown at [D:\re\workspace\8-2-build-windows-amd64-cygwin\jdk8u40\2855\hotspot\src\share\vm\prims\j 
Event: 0.402 Thread 0x00000000026ee000 Exception <a 'java/security/PrivilegedActionException'> (0x00000000eac3f2a8) thrown at [D:\re\workspace\8-2-build-windows-amd64-cygwin\jdk8u40\2855\hotspot\src\share\vm\prims\jvm.cpp, line 1382]
Event: 0.402 Thread 0x00000000026ee000 Exception <a 'java/security/PrivilegedActionException'> (0x00000000eac3f460) thrown at [D:\re\workspace\8-2-build-windows-amd64-cygwin\jdk8u40\2855\hotspot\src\share\vm\prims\jvm.cpp, line 1382]
Event: 0.403 Thread 0x00000000026ee000 Exception <a 'java/security/PrivilegedActionException'> (0x00000000eac431f8) thrown at [D:\re\workspace\8-2-build-windows-amd64-cygwin\jdk8u40\2855\hotspot\src\share\vm\prims\jvm.cpp, line 1382]
Event: 0.403 Thread 0x00000000026ee000 Exception <a 'java/security/PrivilegedActionException'> (0x00000000eac433b0) thrown at [D:\re\workspace\8-2-build-windows-amd64-cygwin\jdk8u40\2855\hotspot\src\share\vm\prims\jvm.cpp, line 1382]
Event: 0.414 Thread 0x00000000026ee000 Exception <a 'java/io/FileNotFoundException'> (0x00000000eac455c0) thrown at [D:\re\workspace\8-2-build-windows-amd64-cygwin\jdk8u40\2855\hotspot\src\share\vm\prims\jni.cpp, line 709]
Event: 0.635 Thread 0x00000000026ee000 Exception <a 'java/lang/NoSuchFieldError': method resolution failed> (0x00000000ead887b8) thrown at [D:\re\workspace\8-2-build-windows-amd64-cygwin\jdk8u40\2855\hotspot\src\share\vm\prims\methodHandles.cpp, line 1125]
Event: 0.647 Thread 0x00000000026ee000 Exception <a 'java/lang/NoSuchFieldError': method resolution failed> (0x00000000ead971c8) thrown at [D:\re\workspace\8-2-build-windows-amd64-cygwin\jdk8u40\2855\hotspot\src\share\vm\prims\methodHandles.cpp, line 1125]
Event: 0.748 Thread 0x00000000026ee000 Exception <a 'java/io/FileNotFoundException'> (0x00000000eaeb3258) thrown at [D:\re\workspace\8-2-build-windows-amd64-cygwin\jdk8u40\2855\hotspot\src\share\vm\prims\jni.cpp, line 709]

Events (10 events):
Event: 1.091 loading class sun/font/TrueTypeGlyphMapper
Event: 1.091 loading class sun/font/TrueTypeGlyphMapper done
Event: 1.092 loading class sun/font/CMap
Event: 1.092 loading class sun/font/CMap done
Event: 1.092 loading class sun/font/CMap$NullCMapClass
Event: 1.092 loading class sun/font/CMap$NullCMapClass done
Event: 1.092 loading class sun/font/CMap$CMapFormat4
Event: 1.092 loading class sun/font/CMap$CMapFormat4 done
Event: 1.092 loading class java/nio/ByteBufferAsCharBufferB
Event: 1.092 loading class java/nio/ByteBufferAsCharBufferB done


Dynamic libraries:
0x000000013fbe0000 - 0x000000013fc17000 	C:\Program Files\Java\jdk1.8.0_40\bin\java.exe
0x0000000077940000 - 0x0000000077ae9000 	C:\Windows\SYSTEM32\ntdll.dll
0x0000000077820000 - 0x000000007793f000 	C:\Windows\system32\kernel32.dll
0x000007fefdbf0000 - 0x000007fefdc5b000 	C:\Windows\system32\KERNELBASE.dll
0x000007feff900000 - 0x000007feff9db000 	C:\Windows\system32\ADVAPI32.dll
0x000007fefe600000 - 0x000007fefe69f000 	C:\Windows\system32\msvcrt.dll
0x000007feffc30000 - 0x000007feffc4f000 	C:\Windows\SYSTEM32\sechost.dll
0x000007feff730000 - 0x000007feff85d000 	C:\Windows\system32\RPCRT4.dll
0x0000000077720000 - 0x000000007781a000 	C:\Windows\system32\USER32.dll
0x000007fefdc60000 - 0x000007fefdcc7000 	C:\Windows\system32\GDI32.dll
0x000007feff9e0000 - 0x000007feff9ee000 	C:\Windows\system32\LPK.dll
0x000007fefe1d0000 - 0x000007fefe299000 	C:\Windows\system32\USP10.dll
0x000007fefbee0000 - 0x000007fefc0d4000 	C:\Windows\WinSxS\amd64_microsoft.windows.common-controls_6595b64144ccf1df_6.0.7601.17514_none_fa396087175ac9ac\COMCTL32.dll
0x000007fefe2a0000 - 0x000007fefe311000 	C:\Windows\system32\SHLWAPI.dll
0x000007feffc00000 - 0x000007feffc2e000 	C:\Windows\system32\IMM32.DLL
0x000007fefe070000 - 0x000007fefe179000 	C:\Windows\system32\MSCTF.dll
0x000007fefd6a0000 - 0x000007fefd71c000 	C:\Windows\system32\guard64.dll
0x0000000077b00000 - 0x0000000077b07000 	C:\Windows\system32\PSAPI.DLL
0x000007fefd690000 - 0x000007fefd69c000 	C:\Windows\system32\VERSION.dll
0x000007fefd680000 - 0x000007fefd689000 	C:\Windows\system32\fltlib.dll
0x00000000717e0000 - 0x00000000718b2000 	C:\Program Files\Java\jdk1.8.0_40\jre\bin\msvcr100.dll
0x000000006fcf0000 - 0x0000000070573000 	C:\Program Files\Java\jdk1.8.0_40\jre\bin\server\jvm.dll
0x000007fef2c00000 - 0x000007fef2c09000 	C:\Windows\system32\WSOCK32.dll
0x000007fefe180000 - 0x000007fefe1cd000 	C:\Windows\system32\WS2_32.dll
0x000007fefdee0000 - 0x000007fefdee8000 	C:\Windows\system32\NSI.dll
0x000007fefc6f0000 - 0x000007fefc72b000 	C:\Windows\system32\WINMM.dll
0x0000000073590000 - 0x000000007359f000 	C:\Program Files\Java\jdk1.8.0_40\jre\bin\verify.dll
0x00000000717b0000 - 0x00000000717d9000 	C:\Program Files\Java\jdk1.8.0_40\jre\bin\java.dll
0x0000000073570000 - 0x0000000073586000 	C:\Program Files\Java\jdk1.8.0_40\jre\bin\zip.dll
0x000007fefe9a0000 - 0x000007feff728000 	C:\Windows\system32\SHELL32.dll
0x0000000056320000 - 0x0000000056523000 	C:\Windows\system32\ole32.dll
0x000007fefd880000 - 0x000007fefd88f000 	C:\Windows\system32\profapi.dll
0x000007fef5470000 - 0x000007fef5480000 	C:\Program Files (x86)\JetBrains\IntelliJ IDEA Community Edition 14.0.3\bin\breakgen64.dll
0x0000000070810000 - 0x00000000709a8000 	C:\Program Files\Java\jdk1.8.0_40\jre\bin\awt.dll
0x000007fefe320000 - 0x000007fefe3f7000 	C:\Windows\system32\OLEAUT32.dll
0x0000000071790000 - 0x00000000717aa000 	C:\Program Files\Java\jdk1.8.0_40\jre\bin\net.dll
0x000007fefd050000 - 0x000007fefd0a5000 	C:\Windows\system32\mswsock.dll
0x000007fefd040000 - 0x000007fefd047000 	C:\Windows\System32\wship6.dll
0x000007fefb970000 - 0x000007fefb9c6000 	C:\Windows\system32\uxtheme.dll
0x000007fefb850000 - 0x000007fefb868000 	C:\Windows\system32\dwmapi.dll
0x000007fefd7b0000 - 0x000007fefd7bf000 	C:\Windows\system32\CRYPTBASE.dll
0x0000000071490000 - 0x00000000714d7000 	C:\Program Files\Java\jdk1.8.0_40\jre\bin\fontmanager.dll
0x000007feece00000 - 0x000007feecfff000 	C:\Windows\system32\d3d9.dll
0x000007fef5550000 - 0x000007fef5557000 	C:\Windows\system32\d3d8thk.dll
0x000007feec890000 - 0x000007feecdfd000 	C:\Windows\system32\atiumd64.dll
0x000007feebf20000 - 0x000007feec3c3000 	C:\Windows\system32\atiumd6a.dll
0x00000000716a0000 - 0x00000000716b1000 	C:\Program Files\Java\jdk1.8.0_40\jre\bin\nio.dll
0x00000000714e0000 - 0x0000000071521000 	C:\Program Files\Java\jdk1.8.0_40\jre\bin\t2k.dll
0x000007fefc730000 - 0x000007fefc855000 	C:\Windows\system32\dbghelp.dll

VM Arguments:
jvm_args: -Didea.launcher.port=7564 -Didea.launcher.bin.path=C:\Program Files (x86)\JetBrains\IntelliJ IDEA Community Edition 14.0.3\bin -Dfile.encoding=UTF-8 
java_command: com.intellij.rt.execution.application.AppMain GUI
java_class_path (initial): C:\Program Files\Java\jdk1.8.0_40\jre\lib\charsets.jar;C:\Program Files\Java\jdk1.8.0_40\jre\lib\deploy.jar;C:\Program Files\Java\jdk1.8.0_40\jre\lib\javaws.jar;C:\Program Files\Java\jdk1.8.0_40\jre\lib\jce.jar;C:\Program Files\Java\jdk1.8.0_40\jre\lib\jfr.jar;C:\Program Files\Java\jdk1.8.0_40\jre\lib\jfxswt.jar;C:\Program Files\Java\jdk1.8.0_40\jre\lib\jsse.jar;C:\Program Files\Java\jdk1.8.0_40\jre\lib\management-agent.jar;C:\Program Files\Java\jdk1.8.0_40\jre\lib\plugin.jar;C:\Program Files\Java\jdk1.8.0_40\jre\lib\resources.jar;C:\Program Files\Java\jdk1.8.0_40\jre\lib\rt.jar;C:\Program Files\Java\jdk1.8.0_40\jre\lib\ext\access-bridge-64.jar;C:\Program Files\Java\jdk1.8.0_40\jre\lib\ext\cldrdata.jar;C:\Program Files\Java\jdk1.8.0_40\jre\lib\ext\dnsns.jar;C:\Program Files\Java\jdk1.8.0_40\jre\lib\ext\jaccess.jar;C:\Program Files\Java\jdk1.8.0_40\jre\lib\ext\jfxrt.jar;C:\Program Files\Java\jdk1.8.0_40\jre\lib\ext\localedata.jar;C:\Program Files\Java\jdk1.8.0_40\jre\lib\ext\nashorn.jar;C:\Program Files\Java\jdk1.8.0_40\jre\lib\ext\sunec.jar;C:\Program Files\Java\jdk1.8.0_40\jre\lib\ext\sunjce_provider.jar;C:\Program Files\Java\jdk1.8.0_40\jre\lib\ext\sunmscapi.jar;C:\Program Files\Java\jdk1.8.0_40\jre\lib\ext\sunpkcs11.jar;C:\Program Files\Java\jdk1.8.0_40\jre\lib\ext\zipfs.jar;C:\Users\pc\Documents\GitHub\BoidSim\out\production\BoidSim;C:\Program Files (x86)\JetBrains\IntelliJ IDEA Community Edition 14.0.3\lib\idea_rt.jar
Launcher Type: SUN_STANDARD

Environment Variables:
PATH=C:\ProgramData\Oracle\Java\javapath;C:\Windows\system32;C:\Windows;C:\Windows\System32\Wbem;C:\Windows\System32\WindowsPowerShell\v1.0\;C:\Program Files\Java\jdk1.8.0_40\bin
USERNAME=pc
OS=Windows_NT
PROCESSOR_IDENTIFIER=Intel64 Family 6 Model 23 Stepping 10, GenuineIntel



---------------  S Y S T E M  ---------------

OS: Windows 7 , 64 bit Build 7601 (6.1.7601.17514)

CPU:total 2 (2 cores per cpu, 1 threads per core) family 6 model 23 stepping 10, cmov, cx8, fxsr, mmx, sse, sse2, sse3, ssse3, tsc

Memory: 4k page, physical 4192688k(1556732k free), swap 8383532k(3941760k free)

vm_info: Java HotSpot(TM) 64-Bit Server VM (25.40-b25) for windows-amd64 JRE (1.8.0_40-b25), built on Feb 10 2015 21:53:57 by "java_re" with MS VC++ 10.0 (VS2010)

time: Sat Mar 28 15:32:59 2015
elapsed time: 1 seconds (0d 0h 0m 1s)

