#
# A fatal error has been detected by the Java Runtime Environment:
#
#  EXCEPTION_ACCESS_VIOLATION (0xc0000005) at pc=0xffffffffa3dd5120, pid=5408, tid=3968
#
# JRE version: Java(TM) SE Runtime Environment (8.0_40-b25) (build 1.8.0_40-b25)
# Java VM: Java HotSpot(TM) 64-Bit Server VM (25.40-b25 mixed mode windows-amd64 compressed oops)
# Problematic frame:
# C  0xffffffffa3dd5120
#
# Failed to write core dump. Minidumps are not enabled by default on client versions of Windows
#
# If you would like to submit a bug report, please visit:
#   http://bugreport.java.com/bugreport/crash.jsp
#

---------------  T H R E A D  ---------------

Current thread (0x00000000027fe000):  JavaThread "main" [_thread_in_Java, id=3968, stack(0x0000000002a00000,0x0000000002b00000)]

siginfo: ExceptionCode=0xc0000005, ExceptionInformation=0x0000000000000008 0xffffffffa3dd5120

Registers:
RAX=0x0000000054a60488, RBX=0x0000000054a60488, RCX=0x00000000eac5daa8, RDX=0x00000000eac5daa8
RSP=0x0000000002afd6d8, RBP=0x0000000002afd730, RSI=0x0000000000000043, RDI=0x0000000000000000
R8 =0x0000000000000043, R9 =0x0000000000000000, R10=0x000000006eacbba0, R11=0x0000000002ed8b00
R12=0x0000000000000000, R13=0x0000000002afd6e8, R14=0x0000000002afd770, R15=0x00000000027fe000
RIP=0xffffffffa3dd5120, EFLAGS=0x0000000000010202

Top of Stack: (sp=0x0000000002afd6d8)
0x0000000002afd6d8:   0000000002dd7a01 0000000002dd7a01
0x0000000002afd6e8:   00000000eac5daa8 0000000002afd6f0
0x0000000002afd6f8:   0000000054ae9fe9 0000000002afd770
0x0000000002afd708:   0000000054c19c28 0000000000000000
0x0000000002afd718:   0000000054aea150 0000000002afd6e8
0x0000000002afd728:   0000000002afd748 0000000002afd7c8
0x0000000002afd738:   0000000002dd7a01 0000000000000000
0x0000000002afd748:   00000000eabab5d8 00000000eac5de40
0x0000000002afd758:   00000000ffffffff 00000000eab08fd8
0x0000000002afd768:   00000000eab4cb90 00000000eac5daa8
0x0000000002afd778:   00000000eac5daa8 00000000eac5da78
0x0000000002afd788:   0000000002afd788 0000000054c4a73e
0x0000000002afd798:   0000000002afd800 0000000054c4c980
0x0000000002afd7a8:   0000000000000000 0000000054c4a7d0
0x0000000002afd7b8:   0000000002afd748 0000000002afd7e8
0x0000000002afd7c8:   0000000002afd850 0000000002dd7a01 

Instructions: (pc=0xffffffffa3dd5120)
0xffffffffa3dd5100:   
[error occurred during error reporting (printing registers, top of stack, instructions near pc), id 0xc0000005]

Register to memory mapping:

RAX={method} {0x0000000054a60490} '<init>' '()V' in 'java/lang/Object'
RBX={method} {0x0000000054a60490} '<init>' '()V' in 'java/lang/Object'
RCX=0x00000000eac5daa8 is an oop
java.net.URL 
 - klass: 'java/net/URL'
RDX=0x00000000eac5daa8 is an oop
java.net.URL 
 - klass: 'java/net/URL'
RSP=0x0000000002afd6d8 is pointing into the stack for thread: 0x00000000027fe000
RBP=0x0000000002afd730 is pointing into the stack for thread: 0x00000000027fe000
RSI=0x0000000000000043 is an unknown value
RDI=0x0000000000000000 is an unknown value
R8 =0x0000000000000043 is an unknown value
R9 =0x0000000000000000 is an unknown value
R10=0x000000006eacbba0 is an unknown value
R11=0x0000000002ed8b00 is at entry_point+32 in (nmethod*)0x0000000002ed8990
R12=0x0000000000000000 is an unknown value
R13=0x0000000002afd6e8 is pointing into the stack for thread: 0x00000000027fe000
R14=0x0000000002afd770 is pointing into the stack for thread: 0x00000000027fe000
R15=0x00000000027fe000 is a thread


Stack: [0x0000000002a00000,0x0000000002b00000],  sp=0x0000000002afd6d8,  free space=1013k
Native frames: (J=compiled Java code, j=interpreted, Vv=VM code, C=native code)
C  0xffffffffa3dd5120


---------------  P R O C E S S  ---------------

Java Threads: ( => current thread )
  0x0000000055458000 JavaThread "Service Thread" daemon [_thread_blocked, id=1504, stack(0x0000000056a80000,0x0000000056b80000)]
  0x00000000553fc800 JavaThread "C1 CompilerThread1" daemon [_thread_blocked, id=5516, stack(0x0000000056930000,0x0000000056a30000)]
  0x00000000553fa800 JavaThread "C2 CompilerThread0" daemon [_thread_blocked, id=5340, stack(0x0000000056520000,0x0000000056620000)]
  0x00000000553f8800 JavaThread "Attach Listener" daemon [_thread_blocked, id=5300, stack(0x0000000056680000,0x0000000056780000)]
  0x00000000553f7000 JavaThread "Signal Dispatcher" daemon [_thread_blocked, id=4328, stack(0x0000000056400000,0x0000000056500000)]
  0x000000005539c800 JavaThread "Finalizer" daemon [_thread_blocked, id=5888, stack(0x0000000055fe0000,0x00000000560e0000)]
  0x0000000055393000 JavaThread "Reference Handler" daemon [_thread_blocked, id=5396, stack(0x0000000055e30000,0x0000000055f30000)]
=>0x00000000027fe000 JavaThread "main" [_thread_in_Java, id=3968, stack(0x0000000002a00000,0x0000000002b00000)]

Other Threads:
  0x000000005538d800 VMThread [stack: 0x0000000055d30000,0x0000000055e30000] [id=5164]
  0x0000000055459000 WatcherThread [stack: 0x0000000056c10000,0x0000000056d10000] [id=5820]

VM state:not at safepoint (normal execution)

VM Mutex/Monitor currently owned by a thread: None

Heap:
 PSYoungGen      total 18944K, used 1638K [0x00000000eab00000, 0x00000000ec000000, 0x0000000100000000)
  eden space 16384K, 10% used [0x00000000eab00000,0x00000000eac99bb8,0x00000000ebb00000)
  from space 2560K, 0% used [0x00000000ebd80000,0x00000000ebd80000,0x00000000ec000000)
  to   space 2560K, 0% used [0x00000000ebb00000,0x00000000ebb00000,0x00000000ebd80000)
 ParOldGen       total 44032K, used 0K [0x00000000c0000000, 0x00000000c2b00000, 0x00000000eab00000)
  object space 44032K, 0% used [0x00000000c0000000,0x00000000c0000000,0x00000000c2b00000)
 Metaspace       used 2646K, capacity 4480K, committed 4480K, reserved 1056768K
  class space    used 289K, capacity 384K, committed 384K, reserved 1048576K

Card table byte_map: [0x0000000012190000,0x00000000123a0000] byte_map_base: 0x0000000011b90000

Marking Bits: (ParMarkBitMap*) 0x000000006eae4040
 Begin Bits: [0x0000000012860000, 0x0000000013860000)
 End Bits:   [0x0000000013860000, 0x0000000014860000)

Polling page: 0x0000000002250000

CodeCache: size=245760Kb used=1155Kb max_used=1155Kb free=244604Kb
 bounds [0x0000000002dd0000, 0x0000000003040000, 0x0000000011dd0000]
 total_blobs=284 nmethods=45 adapters=155
 compilation: enabled

Compilation events (10 events):
Event: 0.248 Thread 0x00000000553fc800   41       3       java.lang.String::startsWith (72 bytes)
Event: 0.248 Thread 0x00000000553fc800 nmethod 41 0x0000000002eef910 code [0x0000000002eefa80, 0x0000000002eefdb0]
Event: 0.248 Thread 0x00000000553fc800   42       3       java.lang.AbstractStringBuilder::<init> (12 bytes)
Event: 0.249 Thread 0x00000000553fc800 nmethod 42 0x0000000002eeff90 code [0x0000000002ef0100, 0x0000000002ef0350]
Event: 0.249 Thread 0x00000000553fc800   43       1       java.nio.Buffer::limit (5 bytes)
Event: 0.249 Thread 0x00000000553fc800 nmethod 43 0x0000000002ef0410 code [0x0000000002ef0560, 0x0000000002ef0670]
Event: 0.249 Thread 0x00000000553fc800   44       1       java.net.URL::getProtocol (5 bytes)
Event: 0.249 Thread 0x00000000553fc800 nmethod 44 0x0000000002ef06d0 code [0x0000000002ef0820, 0x0000000002ef0930]
Event: 0.249 Thread 0x00000000553fc800   45       1       java.lang.Object::<init> (1 bytes)
Event: 0.249 Thread 0x00000000553fc800 nmethod 45 0x0000000002ef0990 code [0x0000000002ef0ae0, 0x0000000002ef0bf0]

GC Heap History (0 events):
No events

Deoptimization events (0 events):
No events

Internal exceptions (2 events):
Event: 0.078 Thread 0x00000000027fe000 Exception <a 'java/lang/NoSuchMethodError': Method sun.misc.Unsafe.defineClass(Ljava/lang/String;[BII)Ljava/lang/Class; name or signature does not match> (0x00000000eab0dc80) thrown at [D:\re\workspace\8-2-build-windows-amd64-cygwin\jdk8u40\2855\hotspot\sr´%Õ¸ü³?
Event: 0.078 Thread 0x00000000027fe000 Exception <a 'java/lang/NoSuchMethodError': Method sun.misc.Unsafe.prefetchRead(Ljava/lang/Object;J)V name or signature does not match> (0x00000000eab0df10) thrown at [D:\re\workspace\8-2-build-windows-amd64-cygwin\jdk8u40\2855\hotspot\src\share\vm\prims\j

Events (10 events):
Event: 0.242 loading class java/util/zip/ZipFile$ZipFileInflaterInputStream
Event: 0.242 loading class java/util/zip/InflaterInputStream
Event: 0.242 loading class java/util/zip/InflaterInputStream done
Event: 0.242 loading class java/util/zip/ZipFile$ZipFileInflaterInputStream done
Event: 0.242 loading class java/util/LinkedList
Event: 0.243 loading class java/util/AbstractSequentialList
Event: 0.243 loading class java/util/AbstractSequentialList done
Event: 0.243 loading class java/util/LinkedList done
Event: 0.243 loading class java/util/LinkedList$Node
Event: 0.243 loading class java/util/LinkedList$Node done


Dynamic libraries:
0x000000013f970000 - 0x000000013f9a7000 	C:\Program Files\Java\jdk1.8.0_40\bin\java.exe
0x0000000077940000 - 0x0000000077ae9000 	C:\Windows\SYSTEM32\ntdll.dll
0x0000000077820000 - 0x000000007793f000 	C:\Windows\system32\kernel32.dll
0x000007fefdbf0000 - 0x000007fefdc5b000 	C:\Windows\system32\KERNELBASE.dll
0x000007feff900000 - 0x000007feff9db000 	C:\Windows\system32\ADVAPI32.dll
0x000007fefe600000 - 0x000007fefe69f000 	C:\Windows\system32\msvcrt.dll
0x000007feffc30000 - 0x000007feffc4f000 	C:\Windows\SYSTEM32\sechost.dll
0x000007feff730000 - 0x000007feff85d000 	C:\Windows\system32\RPCRT4.dll
0x0000000077720000 - 0x000000007781a000 	C:\Windows\system32\USER32.dll
0x000007fefdc60000 - 0x000007fefdcc7000 	C:\Windows\system32\GDI32.dll
0x000007feff9e0000 - 0x000007feff9ee000 	C:\Windows\system32\LPK.dll
0x000007fefe1d0000 - 0x000007fefe299000 	C:\Windows\system32\USP10.dll
0x000007fefbee0000 - 0x000007fefc0d4000 	C:\Windows\WinSxS\amd64_microsoft.windows.common-controls_6595b64144ccf1df_6.0.7601.17514_none_fa396087175ac9ac\COMCTL32.dll
0x000007fefe2a0000 - 0x000007fefe311000 	C:\Windows\system32\SHLWAPI.dll
0x000007feffc00000 - 0x000007feffc2e000 	C:\Windows\system32\IMM32.DLL
0x000007fefe070000 - 0x000007fefe179000 	C:\Windows\system32\MSCTF.dll
0x000007fefd6a0000 - 0x000007fefd71c000 	C:\Windows\system32\guard64.dll
0x0000000077b00000 - 0x0000000077b07000 	C:\Windows\system32\PSAPI.DLL
0x000007fefd690000 - 0x000007fefd69c000 	C:\Windows\system32\VERSION.dll
0x000007fefd680000 - 0x000007fefd689000 	C:\Windows\system32\fltlib.dll
0x0000000071450000 - 0x0000000071522000 	C:\Program Files\Java\jdk1.8.0_40\jre\bin\msvcr100.dll
0x000000006e2e0000 - 0x000000006eb63000 	C:\Program Files\Java\jdk1.8.0_40\jre\bin\server\jvm.dll
0x000007fef2c00000 - 0x000007fef2c09000 	C:\Windows\system32\WSOCK32.dll
0x000007fefe180000 - 0x000007fefe1cd000 	C:\Windows\system32\WS2_32.dll
0x000007fefdee0000 - 0x000007fefdee8000 	C:\Windows\system32\NSI.dll
0x000007fefc6f0000 - 0x000007fefc72b000 	C:\Windows\system32\WINMM.dll
0x00000000735a0000 - 0x00000000735af000 	C:\Program Files\Java\jdk1.8.0_40\jre\bin\verify.dll
0x0000000073570000 - 0x0000000073599000 	C:\Program Files\Java\jdk1.8.0_40\jre\bin\java.dll
0x00000000718a0000 - 0x00000000718b6000 	C:\Program Files\Java\jdk1.8.0_40\jre\bin\zip.dll
0x000007fefe9a0000 - 0x000007feff728000 	C:\Windows\system32\SHELL32.dll
0x00000000560e0000 - 0x00000000562e3000 	C:\Windows\system32\ole32.dll
0x000007fefd880000 - 0x000007fefd88f000 	C:\Windows\system32\profapi.dll
0x000007fefc730000 - 0x000007fefc855000 	C:\Windows\system32\dbghelp.dll

VM Arguments:
jvm_args: -Didea.launcher.port=7564 -Didea.launcher.bin.path=C:\Program Files (x86)\JetBrains\IntelliJ IDEA Community Edition 14.0.3\bin -Dfile.encoding=UTF-8 
java_command: com.intellij.rt.execution.application.AppMain GUI
java_class_path (initial): C:\Program Files\Java\jdk1.8.0_40\jre\lib\charsets.jar;C:\Program Files\Java\jdk1.8.0_40\jre\lib\deploy.jar;C:\Program Files\Java\jdk1.8.0_40\jre\lib\javaws.jar;C:\Program Files\Java\jdk1.8.0_40\jre\lib\jce.jar;C:\Program Files\Java\jdk1.8.0_40\jre\lib\jfr.jar;C:\Program Files\Java\jdk1.8.0_40\jre\lib\jfxswt.jar;C:\Program Files\Java\jdk1.8.0_40\jre\lib\jsse.jar;C:\Program Files\Java\jdk1.8.0_40\jre\lib\management-agent.jar;C:\Program Files\Java\jdk1.8.0_40\jre\lib\plugin.jar;C:\Program Files\Java\jdk1.8.0_40\jre\lib\resources.jar;C:\Program Files\Java\jdk1.8.0_40\jre\lib\rt.jar;C:\Program Files\Java\jdk1.8.0_40\jre\lib\ext\access-bridge-64.jar;C:\Program Files\Java\jdk1.8.0_40\jre\lib\ext\cldrdata.jar;C:\Program Files\Java\jdk1.8.0_40\jre\lib\ext\dnsns.jar;C:\Program Files\Java\jdk1.8.0_40\jre\lib\ext\jaccess.jar;C:\Program Files\Java\jdk1.8.0_40\jre\lib\ext\jfxrt.jar;C:\Program Files\Java\jdk1.8.0_40\jre\lib\ext\localedata.jar;C:\Program Files\Java\jdk1.8.0_40\jre\lib\ext\nashorn.jar;C:\Program Files\Java\jdk1.8.0_40\jre\lib\ext\sunec.jar;C:\Program Files\Java\jdk1.8.0_40\jre\lib\ext\sunjce_provider.jar;C:\Program Files\Java\jdk1.8.0_40\jre\lib\ext\sunmscapi.jar;C:\Program Files\Java\jdk1.8.0_40\jre\lib\ext\sunpkcs11.jar;C:\Program Files\Java\jdk1.8.0_40\jre\lib\ext\zipfs.jar;C:\Users\pc\Documents\GitHub\BoidSim\out\production\BoidSim;C:\Program Files (x86)\JetBrains\IntelliJ IDEA Community Edition 14.0.3\lib\idea_rt.jar
Launcher Type: SUN_STANDARD

Environment Variables:
PATH=C:\ProgramData\Oracle\Java\javapath;C:\Windows\system32;C:\Windows;C:\Windows\System32\Wbem;C:\Windows\System32\WindowsPowerShell\v1.0\;C:\Program Files\Java\jdk1.8.0_40\bin
USERNAME=pc
OS=Windows_NT
PROCESSOR_IDENTIFIER=Intel64 Family 6 Model 23 Stepping 10, GenuineIntel



---------------  S Y S T E M  ---------------

OS: Windows 7 , 64 bit Build 7601 (6.1.7601.17514)

CPU:total 2 (2 cores per cpu, 1 threads per core) family 6 model 23 stepping 10, cmov, cx8, fxsr, mmx, sse, sse2, sse3, ssse3, tsc

Memory: 4k page, physical 4192688k(1609752k free), swap 8383532k(4014976k free)

vm_info: Java HotSpot(TM) 64-Bit Server VM (25.40-b25) for windows-amd64 JRE (1.8.0_40-b25), built on Feb 10 2015 21:53:57 by "java_re" with MS VC++ 10.0 (VS2010)

time: Sat Mar 28 15:43:26 2015
elapsed time: 0 seconds (0d 0h 0m 0s)

