#
# A fatal error has been detected by the Java Runtime Environment:
#
#  EXCEPTION_ACCESS_VIOLATION (0xc0000005) at pc=0xffffffffa3f45120, pid=6112, tid=4624
#
# JRE version: Java(TM) SE Runtime Environment (8.0_40-b25) (build 1.8.0_40-b25)
# Java VM: Java HotSpot(TM) 64-Bit Server VM (25.40-b25 mixed mode windows-amd64 compressed oops)
# Problematic frame:
# C  0xffffffffa3f45120
#
# Failed to write core dump. Minidumps are not enabled by default on client versions of Windows
#
# If you would like to submit a bug report, please visit:
#   http://bugreport.java.com/bugreport/crash.jsp
#

---------------  T H R E A D  ---------------

Current thread (0x000000000272e000):  JavaThread "main" [_thread_in_Java, id=4624, stack(0x0000000002b70000,0x0000000002c70000)]

siginfo: ExceptionCode=0xc0000005, ExceptionInformation=0x0000000000000008 0xffffffffa3f45120

Registers:
RAX=0x0000000054cc7c40, RBX=0x0000000054cc7c40, RCX=0x00000000eaf701d0, RDX=0x00000000eaf701d0
RSP=0x0000000002c6d908, RBP=0x0000000002c6d968, RSI=0x000000000000022d, RDI=0x0000000000000108
R8 =0x0000000000001618, R9 =0x000000000274f8d0, R10=0x000000006ca1bba0, R11=0x00000000030fd7c0
R12=0x0000000000000000, R13=0x0000000002c6d918, R14=0x00000000552c0810, R15=0x000000000272e000
RIP=0xffffffffa3f45120, EFLAGS=0x0000000000010202

Top of Stack: (sp=0x0000000002c6d908)
0x0000000002c6d908:   0000000002f471e0 0000000002f471e0
0x0000000002c6d918:   0000000000001618 00000000eaf701d0
0x0000000002c6d928:   0000000002c6d928 0000000054ccb55a
0x0000000002c6d938:   0000000002c6d980 0000000054cd0040
0x0000000002c6d948:   00000000552c0810 0000000054ccb570
0x0000000002c6d958:   0000000002c6d918 0000000002c6d978
0x0000000002c6d968:   0000000002c6d9c8 0000000002f472b0
0x0000000002c6d978:   0000000000001618 00000000eaf701d0
0x0000000002c6d988:   0000000002c6d988 00000000552bf81c
0x0000000002c6d998:   0000000002c6d9d8 00000000552c0178
0x0000000002c6d9a8:   00000000552c0b38 00000000552bf828
0x0000000002c6d9b8:   0000000002c6d978 0000000002c6d9d8
0x0000000002c6d9c8:   0000000002c6da20 0000000002f472b0
0x0000000002c6d9d8:   00000000eaf72620 0000000002c6d9e0
0x0000000002c6d9e8:   00000000552be818 0000000002c6da78
0x0000000002c6d9f8:   00000000552bea88 0000000000000000 

Instructions: (pc=0xffffffffa3f45120)
0xffffffffa3f45100:   
[error occurred during error reporting (printing registers, top of stack, instructions near pc), id 0xc0000005]

Register to memory mapping:

RAX={method} {0x0000000054cc7c48} '_get' '(I)B' in 'java/nio/HeapByteBuffer'
RBX={method} {0x0000000054cc7c48} '_get' '(I)B' in 'java/nio/HeapByteBuffer'
RCX=0x00000000eaf701d0 is an oop
java.nio.HeapByteBuffer 
 - klass: 'java/nio/HeapByteBuffer'
RDX=0x00000000eaf701d0 is an oop
java.nio.HeapByteBuffer 
 - klass: 'java/nio/HeapByteBuffer'
RSP=0x0000000002c6d908 is pointing into the stack for thread: 0x000000000272e000
RBP=0x0000000002c6d968 is pointing into the stack for thread: 0x000000000272e000
RSI=0x000000000000022d is an unknown value
RDI=0x0000000000000108 is an unknown value
R8 =0x0000000000001618 is an unknown value
R9 =0x000000000274f8d0 is an unknown value
R10=0x000000006ca1bba0 is an unknown value
R11=0x00000000030fd7c0 is at entry_point+32 in (nmethod*)0x00000000030fd650
R12=0x0000000000000000 is an unknown value
R13=0x0000000002c6d918 is pointing into the stack for thread: 0x000000000272e000
R14=0x00000000552c0810 is pointing into metadata
R15=0x000000000272e000 is a thread


Stack: [0x0000000002b70000,0x0000000002c70000],  sp=0x0000000002c6d908,  free space=1014k
Native frames: (J=compiled Java code, j=interpreted, Vv=VM code, C=native code)
C  0xffffffffa3f45120


---------------  P R O C E S S  ---------------

Java Threads: ( => current thread )
  0x0000000057179000 JavaThread "Image Fetcher 0" daemon [_thread_blocked, id=4364, stack(0x0000000058d00000,0x0000000058e00000)]
  0x00000000574c8800 JavaThread "AWT-Windows" daemon [_thread_in_native, id=1124, stack(0x0000000057f30000,0x0000000058030000)]
  0x0000000057095800 JavaThread "AWT-Shutdown" [_thread_blocked, id=6016, stack(0x0000000057200000,0x0000000057300000)]
  0x0000000057094800 JavaThread "Java2D Disposer" daemon [_thread_blocked, id=5128, stack(0x0000000057d60000,0x0000000057e60000)]
  0x0000000056e98800 JavaThread "Monitor Ctrl-Break" daemon [_thread_in_native, id=5012, stack(0x00000000573c0000,0x00000000574c0000)]
  0x0000000055524800 JavaThread "Service Thread" daemon [_thread_blocked, id=5316, stack(0x0000000056bd0000,0x0000000056cd0000)]
  0x0000000055520800 JavaThread "C1 CompilerThread1" daemon [_thread_blocked, id=3908, stack(0x0000000056ac0000,0x0000000056bc0000)]
  0x000000005551e800 JavaThread "C2 CompilerThread0" daemon [_thread_blocked, id=1664, stack(0x0000000056870000,0x0000000056970000)]
  0x000000005551c800 JavaThread "Attach Listener" daemon [_thread_blocked, id=5388, stack(0x0000000056700000,0x0000000056800000)]
  0x000000005551b000 JavaThread "Signal Dispatcher" daemon [_thread_blocked, id=2288, stack(0x0000000056490000,0x0000000056590000)]
  0x00000000554be000 JavaThread "Finalizer" daemon [_thread_blocked, id=4124, stack(0x0000000055d50000,0x0000000055e50000)]
  0x00000000554b5000 JavaThread "Reference Handler" daemon [_thread_blocked, id=2476, stack(0x00000000560b0000,0x00000000561b0000)]
=>0x000000000272e000 JavaThread "main" [_thread_in_Java, id=4624, stack(0x0000000002b70000,0x0000000002c70000)]

Other Threads:
  0x00000000554af800 VMThread [stack: 0x0000000055ec0000,0x0000000055fc0000] [id=2364]
  0x000000005557f800 WatcherThread [stack: 0x0000000056cf0000,0x0000000056df0000] [id=4784]

VM state:not at safepoint (normal execution)

VM Mutex/Monitor currently owned by a thread: None

Heap:
 PSYoungGen      total 18944K, used 4925K [0x00000000eab00000, 0x00000000ec000000, 0x0000000100000000)
  eden space 16384K, 30% used [0x00000000eab00000,0x00000000eafcf760,0x00000000ebb00000)
  from space 2560K, 0% used [0x00000000ebd80000,0x00000000ebd80000,0x00000000ec000000)
  to   space 2560K, 0% used [0x00000000ebb00000,0x00000000ebb00000,0x00000000ebd80000)
 ParOldGen       total 44032K, used 0K [0x00000000c0000000, 0x00000000c2b00000, 0x00000000eab00000)
  object space 44032K, 0% used [0x00000000c0000000,0x00000000c0000000,0x00000000c2b00000)
 Metaspace       used 8298K, capacity 8544K, committed 8832K, reserved 1056768K
  class space    used 967K, capacity 1056K, committed 1152K, reserved 1048576K

Card table byte_map: [0x0000000012300000,0x0000000012510000] byte_map_base: 0x0000000011d00000

Marking Bits: (ParMarkBitMap*) 0x000000006ca34040
 Begin Bits: [0x0000000012980000, 0x0000000013980000)
 End Bits:   [0x0000000013980000, 0x0000000014980000)

Polling page: 0x0000000002240000

CodeCache: size=245760Kb used=1799Kb max_used=1799Kb free=243961Kb
 bounds [0x0000000002f40000, 0x00000000031b0000, 0x0000000011f40000]
 total_blobs=755 nmethods=343 adapters=327
 compilation: enabled

Compilation events (10 events):
Event: 0.682 Thread 0x0000000055520800 nmethod 337 0x00000000030fde50 code [0x00000000030fe000, 0x00000000030fe5c8]
Event: 0.682 Thread 0x0000000055520800  338       3       java.nio.ByteBufferAsShortBufferB::ix (9 bytes)
Event: 0.682 Thread 0x0000000055520800 nmethod 338 0x00000000030fe810 code [0x00000000030fe960, 0x00000000030feab0]
Event: 0.682 Thread 0x0000000055520800  335       3       java.nio.Bits::getShortB (16 bytes)
Event: 0.682 Thread 0x0000000055520800 nmethod 335 0x00000000030feb10 code [0x00000000030fec80, 0x00000000030fefb8]
Event: 0.682 Thread 0x0000000055520800  336       3       java.nio.Bits::makeShort (12 bytes)
Event: 0.682 Thread 0x0000000055520800 nmethod 336 0x00000000030ff2d0 code [0x00000000030ff420, 0x00000000030ff570]
Event: 0.687 Thread 0x0000000055520800  340       1       java.nio.HeapByteBuffer::_get (7 bytes)
Event: 0.687 Thread 0x0000000055520800 nmethod 340 0x0000000003100590 code [0x00000000031006e0, 0x0000000003100810]
Event: 0.687 Thread 0x0000000055520800  343       3       java.nio.ByteBufferAsCharBufferB::get (16 bytes)

GC Heap History (0 events):
No events

Deoptimization events (0 events):
No events

Internal exceptions (10 events):
Event: 0.052 Thread 0x000000000272e000 Exception <a 'java/lang/NoSuchMethodError': Method sun.misc.Unsafe.defineClass(Ljava/lang/String;[BII)Ljava/lang/Class; name or signature does not match> (0x00000000eab0dc80) thrown at [D:\re\workspace\8-2-build-windows-amd64-cygwin\jdk8u40\2855\hotspot\srW­ÙŠª?
Event: 0.052 Thread 0x000000000272e000 Exception <a 'java/lang/NoSuchMethodError': Method sun.misc.Unsafe.prefetchRead(Ljava/lang/Object;J)V name or signature does not match> (0x00000000eab0df10) thrown at [D:\re\workspace\8-2-build-windows-amd64-cygwin\jdk8u40\2855\hotspot\src\share\vm\prims\jl„þAµÌ?
Event: 0.224 Thread 0x000000000272e000 Exception <a 'java/security/PrivilegedActionException'> (0x00000000eac90fc8) thrown at [D:\re\workspace\8-2-build-windows-amd64-cygwin\jdk8u40\2855\hotspot\src\share\vm\prims\jvm.cpp, line 1382]
Event: 0.224 Thread 0x000000000272e000 Exception <a 'java/security/PrivilegedActionException'> (0x00000000eac91180) thrown at [D:\re\workspace\8-2-build-windows-amd64-cygwin\jdk8u40\2855\hotspot\src\share\vm\prims\jvm.cpp, line 1382]
Event: 0.226 Thread 0x000000000272e000 Exception <a 'java/security/PrivilegedActionException'> (0x00000000eac94f18) thrown at [D:\re\workspace\8-2-build-windows-amd64-cygwin\jdk8u40\2855\hotspot\src\share\vm\prims\jvm.cpp, line 1382]
Event: 0.226 Thread 0x000000000272e000 Exception <a 'java/security/PrivilegedActionException'> (0x00000000eac950d0) thrown at [D:\re\workspace\8-2-build-windows-amd64-cygwin\jdk8u40\2855\hotspot\src\share\vm\prims\jvm.cpp, line 1382]
Event: 0.232 Thread 0x000000000272e000 Exception <a 'java/io/FileNotFoundException'> (0x00000000eac972e0) thrown at [D:\re\workspace\8-2-build-windows-amd64-cygwin\jdk8u40\2855\hotspot\src\share\vm\prims\jni.cpp, line 709]
Event: 0.364 Thread 0x000000000272e000 Exception <a 'java/lang/NoSuchFieldError': method resolution failed> (0x00000000eadda428) thrown at [D:\re\workspace\8-2-build-windows-amd64-cygwin\jdk8u40\2855\hotspot\src\share\vm\prims\methodHandles.cpp, line 1125]
Event: 0.375 Thread 0x000000000272e000 Exception <a 'java/lang/NoSuchFieldError': method resolution failed> (0x00000000eade8fb0) thrown at [D:\re\workspace\8-2-build-windows-amd64-cygwin\jdk8u40\2855\hotspot\src\share\vm\prims\methodHandles.cpp, line 1125]
Event: 0.467 Thread 0x000000000272e000 Exception <a 'java/io/FileNotFoundException'> (0x00000000eaf042e8) thrown at [D:\re\workspace\8-2-build-windows-amd64-cygwin\jdk8u40\2855\hotspot\src\share\vm\prims\jni.cpp, line 709]

Events (10 events):
Event: 0.686 loading class sun/font/TrueTypeGlyphMapper
Event: 0.686 loading class sun/font/TrueTypeGlyphMapper done
Event: 0.686 loading class sun/font/CMap
Event: 0.686 loading class sun/font/CMap done
Event: 0.686 loading class sun/font/CMap$NullCMapClass
Event: 0.686 loading class sun/font/CMap$NullCMapClass done
Event: 0.687 loading class sun/font/CMap$CMapFormat4
Event: 0.687 loading class sun/font/CMap$CMapFormat4 done
Event: 0.687 loading class java/nio/ByteBufferAsCharBufferB
Event: 0.687 loading class java/nio/ByteBufferAsCharBufferB done


Dynamic libraries:
0x000000013f6f0000 - 0x000000013f727000 	C:\Program Files\Java\jdk1.8.0_40\bin\java.exe
0x0000000077940000 - 0x0000000077ae9000 	C:\Windows\SYSTEM32\ntdll.dll
0x0000000077820000 - 0x000000007793f000 	C:\Windows\system32\kernel32.dll
0x000007fefdbf0000 - 0x000007fefdc5b000 	C:\Windows\system32\KERNELBASE.dll
0x000007feff900000 - 0x000007feff9db000 	C:\Windows\system32\ADVAPI32.dll
0x000007fefe600000 - 0x000007fefe69f000 	C:\Windows\system32\msvcrt.dll
0x000007feffc30000 - 0x000007feffc4f000 	C:\Windows\SYSTEM32\sechost.dll
0x000007feff730000 - 0x000007feff85d000 	C:\Windows\system32\RPCRT4.dll
0x0000000077720000 - 0x000000007781a000 	C:\Windows\system32\USER32.dll
0x000007fefdc60000 - 0x000007fefdcc7000 	C:\Windows\system32\GDI32.dll
0x000007feff9e0000 - 0x000007feff9ee000 	C:\Windows\system32\LPK.dll
0x000007fefe1d0000 - 0x000007fefe299000 	C:\Windows\system32\USP10.dll
0x000007fefbee0000 - 0x000007fefc0d4000 	C:\Windows\WinSxS\amd64_microsoft.windows.common-controls_6595b64144ccf1df_6.0.7601.17514_none_fa396087175ac9ac\COMCTL32.dll
0x000007fefe2a0000 - 0x000007fefe311000 	C:\Windows\system32\SHLWAPI.dll
0x000007feffc00000 - 0x000007feffc2e000 	C:\Windows\system32\IMM32.DLL
0x000007fefe070000 - 0x000007fefe179000 	C:\Windows\system32\MSCTF.dll
0x000007fefd6a0000 - 0x000007fefd71c000 	C:\Windows\system32\guard64.dll
0x0000000077b00000 - 0x0000000077b07000 	C:\Windows\system32\PSAPI.DLL
0x000007fefd690000 - 0x000007fefd69c000 	C:\Windows\system32\VERSION.dll
0x000007fefd680000 - 0x000007fefd689000 	C:\Windows\system32\fltlib.dll
0x00000000714f0000 - 0x00000000715c2000 	C:\Program Files\Java\jdk1.8.0_40\jre\bin\msvcr100.dll
0x000000006c230000 - 0x000000006cab3000 	C:\Program Files\Java\jdk1.8.0_40\jre\bin\server\jvm.dll
0x000007fef2c00000 - 0x000007fef2c09000 	C:\Windows\system32\WSOCK32.dll
0x000007fefe180000 - 0x000007fefe1cd000 	C:\Windows\system32\WS2_32.dll
0x000007fefdee0000 - 0x000007fefdee8000 	C:\Windows\system32\NSI.dll
0x000007fefc6f0000 - 0x000007fefc72b000 	C:\Windows\system32\WINMM.dll
0x00000000735a0000 - 0x00000000735af000 	C:\Program Files\Java\jdk1.8.0_40\jre\bin\verify.dll
0x0000000073570000 - 0x0000000073599000 	C:\Program Files\Java\jdk1.8.0_40\jre\bin\java.dll
0x00000000718a0000 - 0x00000000718b6000 	C:\Program Files\Java\jdk1.8.0_40\jre\bin\zip.dll
0x000007fefe9a0000 - 0x000007feff728000 	C:\Windows\system32\SHELL32.dll
0x00000000561b0000 - 0x00000000563b3000 	C:\Windows\system32\ole32.dll
0x000007fefd880000 - 0x000007fefd88f000 	C:\Windows\system32\profapi.dll
0x000007fef6160000 - 0x000007fef6170000 	C:\Program Files (x86)\JetBrains\IntelliJ IDEA Community Edition 14.0.3\bin\breakgen64.dll
0x000000006e040000 - 0x000000006e1d8000 	C:\Program Files\Java\jdk1.8.0_40\jre\bin\awt.dll
0x000007fefe320000 - 0x000007fefe3f7000 	C:\Windows\system32\OLEAUT32.dll
0x0000000071630000 - 0x000000007164a000 	C:\Program Files\Java\jdk1.8.0_40\jre\bin\net.dll
0x000007fefd050000 - 0x000007fefd0a5000 	C:\Windows\system32\mswsock.dll
0x000007fefd040000 - 0x000007fefd047000 	C:\Windows\System32\wship6.dll
0x000007fefb970000 - 0x000007fefb9c6000 	C:\Windows\system32\uxtheme.dll
0x000007fefb850000 - 0x000007fefb868000 	C:\Windows\system32\dwmapi.dll
0x000007fefd7b0000 - 0x000007fefd7bf000 	C:\Windows\system32\CRYPTBASE.dll
0x0000000071150000 - 0x0000000071197000 	C:\Program Files\Java\jdk1.8.0_40\jre\bin\fontmanager.dll
0x000007feece00000 - 0x000007feecfff000 	C:\Windows\system32\d3d9.dll
0x000007fef6220000 - 0x000007fef6227000 	C:\Windows\system32\d3d8thk.dll
0x000007feebf00000 - 0x000007feec46d000 	C:\Windows\system32\atiumd64.dll
0x000007feec530000 - 0x000007feec9d3000 	C:\Windows\system32\atiumd6a.dll
0x0000000071680000 - 0x0000000071691000 	C:\Program Files\Java\jdk1.8.0_40\jre\bin\nio.dll
0x0000000071100000 - 0x0000000071141000 	C:\Program Files\Java\jdk1.8.0_40\jre\bin\t2k.dll
0x000007fefc730000 - 0x000007fefc855000 	C:\Windows\system32\dbghelp.dll

VM Arguments:
jvm_args: -Didea.launcher.port=7533 -Didea.launcher.bin.path=C:\Program Files (x86)\JetBrains\IntelliJ IDEA Community Edition 14.0.3\bin -Dfile.encoding=UTF-8 
java_command: com.intellij.rt.execution.application.AppMain GUI
java_class_path (initial): C:\Program Files\Java\jdk1.8.0_40\jre\lib\charsets.jar;C:\Program Files\Java\jdk1.8.0_40\jre\lib\deploy.jar;C:\Program Files\Java\jdk1.8.0_40\jre\lib\javaws.jar;C:\Program Files\Java\jdk1.8.0_40\jre\lib\jce.jar;C:\Program Files\Java\jdk1.8.0_40\jre\lib\jfr.jar;C:\Program Files\Java\jdk1.8.0_40\jre\lib\jfxswt.jar;C:\Program Files\Java\jdk1.8.0_40\jre\lib\jsse.jar;C:\Program Files\Java\jdk1.8.0_40\jre\lib\management-agent.jar;C:\Program Files\Java\jdk1.8.0_40\jre\lib\plugin.jar;C:\Program Files\Java\jdk1.8.0_40\jre\lib\resources.jar;C:\Program Files\Java\jdk1.8.0_40\jre\lib\rt.jar;C:\Program Files\Java\jdk1.8.0_40\jre\lib\ext\access-bridge-64.jar;C:\Program Files\Java\jdk1.8.0_40\jre\lib\ext\cldrdata.jar;C:\Program Files\Java\jdk1.8.0_40\jre\lib\ext\dnsns.jar;C:\Program Files\Java\jdk1.8.0_40\jre\lib\ext\jaccess.jar;C:\Program Files\Java\jdk1.8.0_40\jre\lib\ext\jfxrt.jar;C:\Program Files\Java\jdk1.8.0_40\jre\lib\ext\localedata.jar;C:\Program Files\Java\jdk1.8.0_40\jre\lib\ext\nashorn.jar;C:\Program Files\Java\jdk1.8.0_40\jre\lib\ext\sunec.jar;C:\Program Files\Java\jdk1.8.0_40\jre\lib\ext\sunjce_provider.jar;C:\Program Files\Java\jdk1.8.0_40\jre\lib\ext\sunmscapi.jar;C:\Program Files\Java\jdk1.8.0_40\jre\lib\ext\sunpkcs11.jar;C:\Program Files\Java\jdk1.8.0_40\jre\lib\ext\zipfs.jar;C:\Users\pc\Documents\GitHub\BoidSim\out\production\BoidSim;C:\Program Files (x86)\JetBrains\IntelliJ IDEA Community Edition 14.0.3\lib\idea_rt.jar
Launcher Type: SUN_STANDARD

Environment Variables:
PATH=C:\ProgramData\Oracle\Java\javapath;C:\Windows\system32;C:\Windows;C:\Windows\System32\Wbem;C:\Windows\System32\WindowsPowerShell\v1.0\;C:\Program Files\Java\jdk1.8.0_40\bin
USERNAME=pc
OS=Windows_NT
PROCESSOR_IDENTIFIER=Intel64 Family 6 Model 23 Stepping 10, GenuineIntel



---------------  S Y S T E M  ---------------

OS: Windows 7 , 64 bit Build 7601 (6.1.7601.17514)

CPU:total 2 (2 cores per cpu, 1 threads per core) family 6 model 23 stepping 10, cmov, cx8, fxsr, mmx, sse, sse2, sse3, ssse3, tsc

Memory: 4k page, physical 4192688k(2105592k free), swap 8383532k(4756312k free)

vm_info: Java HotSpot(TM) 64-Bit Server VM (25.40-b25) for windows-amd64 JRE (1.8.0_40-b25), built on Feb 10 2015 21:53:57 by "java_re" with MS VC++ 10.0 (VS2010)

time: Sun Mar 29 02:49:47 2015
elapsed time: 0 seconds (0d 0h 0m 0s)

